/mrhome/jesperdn/miniconda3/envs/simnibs/lib/python3.9/site-packages/scipy/__init__.py:146: UserWarning: A NumPy version >=1.16.5 and <1.23.0 is required for this version of SciPy (detected version 1.23.5
  warnings.warn(f"A NumPy version >={np_minversion} and <{np_maxversion}"
PREPROCESSING
mri_convert /mrhome/jesperdn/INN_JESPER/projects/facerecognition/freesurfer/sub-09/mri/orig.mgz /mrhome/jesperdn/INN_JESPER/projects/facerecognition_dtu/data/sub-09/ses-mri/anat/T1_freesurfer_space.nii 
reading from /mrhome/jesperdn/INN_JESPER/projects/facerecognition/freesurfer/sub-09/mri/orig.mgz...
TR=0.00, TE=0.00, TI=0.00, flip angle=0.00
i_ras = (-1, 0, -5.82077e-11)
j_ras = (-5.82077e-11, 2.2419e-10, -1)
k_ras = (0, 1, -2.08684e-09)
writing to /mrhome/jesperdn/INN_JESPER/projects/facerecognition_dtu/data/sub-09/ses-mri/anat/T1_freesurfer_space.nii...


------------------------------------------------------------------------
28-Feb-2023 09:23:15 - Running job #1
------------------------------------------------------------------------
28-Feb-2023 09:23:15 - Running 'Slice Timing'

SPM12: spm_slice_timing (v6130)                    09:23:15 - 28/02/2023
========================================================================
Number of slices is...                  :                             33
Time to Repeat (TR) is...               :                              2
Parameters are specified as...          :               slice times (ms)
Completed                               :          09:25:10 - 28/02/2023
28-Feb-2023 09:25:10 - Done    'Slice Timing'
28-Feb-2023 09:25:10 - Done



------------------------------------------------------------------------
28-Feb-2023 09:25:11 - Running job #1
------------------------------------------------------------------------
28-Feb-2023 09:25:11 - Running 'Realign: Estimate & Reslice'

SPM12: spm_realign (v7141)                         09:25:11 - 28/02/2023
========================================================================
Completed                               :          09:29:19 - 28/02/2023

SPM12: spm_reslice (v7141)                         09:29:19 - 28/02/2023
========================================================================
Completed                               :          09:30:53 - 28/02/2023
28-Feb-2023 09:30:53 - Done    'Realign: Estimate & Reslice'
28-Feb-2023 09:30:53 - Done



------------------------------------------------------------------------
28-Feb-2023 09:30:54 - Running job #1
------------------------------------------------------------------------
28-Feb-2023 09:30:54 - Running 'Coregister: Estimate'

SPM12: spm_coreg (v7320)                           09:30:54 - 28/02/2023
========================================================================
Completed                               :          09:31:02 - 28/02/2023
28-Feb-2023 09:32:14 - Done    'Coregister: Estimate'
28-Feb-2023 09:32:14 - Done



------------------------------------------------------------------------
28-Feb-2023 09:32:16 - Running job #1
------------------------------------------------------------------------
28-Feb-2023 09:32:16 - Running 'Smooth'
28-Feb-2023 09:34:24 - Done    'Smooth'
28-Feb-2023 09:34:24 - Done

module load spm && module load matlab && module load freesurfer && matlab -batch "addpath('/home/jesperdn/project_tools/matlab/projects/facerecognition_dtu'); fmri_preprocess('9', '/mrhome/jesperdn/INN_JESPER/DATASETS/nobackup/openneuro/ds000117', '/mrhome/jesperdn/INN_JESPER/projects/facerecognition_dtu/data', '/mrhome/jesperdn/INN_JESPER/projects/facerecognition/freesurfer')"
Done
