/mrhome/jesperdn/miniconda3/envs/simnibs/lib/python3.9/site-packages/scipy/__init__.py:146: UserWarning: A NumPy version >=1.16.5 and <1.23.0 is required for this version of SciPy (detected version 1.23.5
  warnings.warn(f"A NumPy version >={np_minversion} and <{np_maxversion}"
PREPROCESSING
mri_convert /mrhome/jesperdn/INN_JESPER/projects/facerecognition/freesurfer/sub-02/mri/orig.mgz /mrhome/jesperdn/INN_JESPER/projects/facerecognition_dtu/data/sub-02/ses-mri/anat/T1_freesurfer_space.nii 
reading from /mrhome/jesperdn/INN_JESPER/projects/facerecognition/freesurfer/sub-02/mri/orig.mgz...
TR=0.00, TE=0.00, TI=0.00, flip angle=0.00
i_ras = (-1, -9.31323e-10, 0)
j_ras = (1.86265e-09, -6.40284e-10, -1)
k_ras = (9.31323e-10, 1, 1.00408e-09)
writing to /mrhome/jesperdn/INN_JESPER/projects/facerecognition_dtu/data/sub-02/ses-mri/anat/T1_freesurfer_space.nii...


------------------------------------------------------------------------
28-Feb-2023 09:23:22 - Running job #1
------------------------------------------------------------------------
28-Feb-2023 09:23:22 - Running 'Slice Timing'

SPM12: spm_slice_timing (v6130)                    09:23:22 - 28/02/2023
========================================================================
Number of slices is...                  :                             33
Time to Repeat (TR) is...               :                              2
Parameters are specified as...          :               slice times (ms)
Completed                               :          09:26:11 - 28/02/2023
28-Feb-2023 09:26:12 - Done    'Slice Timing'
28-Feb-2023 09:26:12 - Done



------------------------------------------------------------------------
28-Feb-2023 09:26:13 - Running job #1
------------------------------------------------------------------------
28-Feb-2023 09:26:13 - Running 'Realign: Estimate & Reslice'

SPM12: spm_realign (v7141)                         09:26:13 - 28/02/2023
========================================================================
Completed                               :          09:31:08 - 28/02/2023

SPM12: spm_reslice (v7141)                         09:31:08 - 28/02/2023
========================================================================
Completed                               :          09:33:08 - 28/02/2023
28-Feb-2023 09:33:08 - Done    'Realign: Estimate & Reslice'
28-Feb-2023 09:33:08 - Done



------------------------------------------------------------------------
28-Feb-2023 09:33:10 - Running job #1
------------------------------------------------------------------------
28-Feb-2023 09:33:10 - Running 'Coregister: Estimate'

SPM12: spm_coreg (v7320)                           09:33:10 - 28/02/2023
========================================================================
Completed                               :          09:33:19 - 28/02/2023
28-Feb-2023 09:34:32 - Done    'Coregister: Estimate'
28-Feb-2023 09:34:32 - Done



------------------------------------------------------------------------
28-Feb-2023 09:34:33 - Running job #1
------------------------------------------------------------------------
28-Feb-2023 09:34:33 - Running 'Smooth'
28-Feb-2023 09:38:00 - Done    'Smooth'
28-Feb-2023 09:38:00 - Done

module load spm && module load matlab && module load freesurfer && matlab -batch "addpath('/home/jesperdn/project_tools/matlab/projects/facerecognition_dtu'); fmri_preprocess('2', '/mrhome/jesperdn/INN_JESPER/DATASETS/nobackup/openneuro/ds000117', '/mrhome/jesperdn/INN_JESPER/projects/facerecognition_dtu/data', '/mrhome/jesperdn/INN_JESPER/projects/facerecognition/freesurfer')"
Done
