/mrhome/jesperdn/miniconda3/envs/simnibs/lib/python3.9/site-packages/scipy/__init__.py:146: UserWarning: A NumPy version >=1.16.5 and <1.23.0 is required for this version of SciPy (detected version 1.23.5
  warnings.warn(f"A NumPy version >={np_minversion} and <{np_maxversion}"
PREPROCESSING
mri_convert /mrhome/jesperdn/INN_JESPER/projects/facerecognition/freesurfer/sub-13/mri/orig.mgz /mrhome/jesperdn/INN_JESPER/projects/facerecognition_dtu/data/sub-13/ses-mri/anat/T1_freesurfer_space.nii 
reading from /mrhome/jesperdn/INN_JESPER/projects/facerecognition/freesurfer/sub-13/mri/orig.mgz...
TR=0.00, TE=0.00, TI=0.00, flip angle=0.00
i_ras = (-1, 0, 0)
j_ras = (4.65661e-10, 3.77622e-09, -1)
k_ras = (0, 1, -3.0559e-09)
writing to /mrhome/jesperdn/INN_JESPER/projects/facerecognition_dtu/data/sub-13/ses-mri/anat/T1_freesurfer_space.nii...


------------------------------------------------------------------------
28-Feb-2023 09:23:14 - Running job #1
------------------------------------------------------------------------
28-Feb-2023 09:23:14 - Running 'Slice Timing'

SPM12: spm_slice_timing (v6130)                    09:23:14 - 28/02/2023
========================================================================
Number of slices is...                  :                             33
Time to Repeat (TR) is...               :                              2
Parameters are specified as...          :               slice times (ms)
Completed                               :          09:25:07 - 28/02/2023
28-Feb-2023 09:25:07 - Done    'Slice Timing'
28-Feb-2023 09:25:07 - Done



------------------------------------------------------------------------
28-Feb-2023 09:25:08 - Running job #1
------------------------------------------------------------------------
28-Feb-2023 09:25:08 - Running 'Realign: Estimate & Reslice'

SPM12: spm_realign (v7141)                         09:25:08 - 28/02/2023
========================================================================
Completed                               :          09:29:01 - 28/02/2023

SPM12: spm_reslice (v7141)                         09:29:01 - 28/02/2023
========================================================================
Completed                               :          09:30:32 - 28/02/2023
28-Feb-2023 09:30:32 - Done    'Realign: Estimate & Reslice'
28-Feb-2023 09:30:32 - Done



------------------------------------------------------------------------
28-Feb-2023 09:30:33 - Running job #1
------------------------------------------------------------------------
28-Feb-2023 09:30:33 - Running 'Coregister: Estimate'

SPM12: spm_coreg (v7320)                           09:30:33 - 28/02/2023
========================================================================
Completed                               :          09:30:40 - 28/02/2023
28-Feb-2023 09:31:44 - Done    'Coregister: Estimate'
28-Feb-2023 09:31:44 - Done



------------------------------------------------------------------------
28-Feb-2023 09:31:45 - Running job #1
------------------------------------------------------------------------
28-Feb-2023 09:31:45 - Running 'Smooth'
28-Feb-2023 09:33:40 - Done    'Smooth'
28-Feb-2023 09:33:40 - Done

module load spm && module load matlab && module load freesurfer && matlab -batch "addpath('/home/jesperdn/project_tools/matlab/projects/facerecognition_dtu'); fmri_preprocess('13', '/mrhome/jesperdn/INN_JESPER/DATASETS/nobackup/openneuro/ds000117', '/mrhome/jesperdn/INN_JESPER/projects/facerecognition_dtu/data', '/mrhome/jesperdn/INN_JESPER/projects/facerecognition/freesurfer')"
Done
