/mrhome/jesperdn/miniconda3/envs/simnibs/lib/python3.9/site-packages/scipy/__init__.py:146: UserWarning: A NumPy version >=1.16.5 and <1.23.0 is required for this version of SciPy (detected version 1.23.5
  warnings.warn(f"A NumPy version >={np_minversion} and <{np_maxversion}"
PREPROCESSING
mri_convert /mrhome/jesperdn/INN_JESPER/projects/facerecognition/freesurfer/sub-08/mri/orig.mgz /mrhome/jesperdn/INN_JESPER/projects/facerecognition_dtu/data/sub-08/ses-mri/anat/T1_freesurfer_space.nii 
reading from /mrhome/jesperdn/INN_JESPER/projects/facerecognition/freesurfer/sub-08/mri/orig.mgz...
TR=0.00, TE=0.00, TI=0.00, flip angle=0.00
i_ras = (-1, 0, -1.86265e-09)
j_ras = (0, 2.41562e-09, -1)
k_ras = (0, 1, -3.63798e-10)
writing to /mrhome/jesperdn/INN_JESPER/projects/facerecognition_dtu/data/sub-08/ses-mri/anat/T1_freesurfer_space.nii...


------------------------------------------------------------------------
28-Feb-2023 09:23:18 - Running job #1
------------------------------------------------------------------------
28-Feb-2023 09:23:18 - Running 'Slice Timing'

SPM12: spm_slice_timing (v6130)                    09:23:18 - 28/02/2023
========================================================================
Number of slices is...                  :                             33
Time to Repeat (TR) is...               :                              2
Parameters are specified as...          :               slice times (ms)
Completed                               :          09:25:27 - 28/02/2023
28-Feb-2023 09:25:28 - Done    'Slice Timing'
28-Feb-2023 09:25:28 - Done



------------------------------------------------------------------------
28-Feb-2023 09:25:29 - Running job #1
------------------------------------------------------------------------
28-Feb-2023 09:25:29 - Running 'Realign: Estimate & Reslice'

SPM12: spm_realign (v7141)                         09:25:29 - 28/02/2023
========================================================================
Completed                               :          09:29:50 - 28/02/2023

SPM12: spm_reslice (v7141)                         09:29:50 - 28/02/2023
========================================================================
Completed                               :          09:31:32 - 28/02/2023
28-Feb-2023 09:31:33 - Done    'Realign: Estimate & Reslice'
28-Feb-2023 09:31:33 - Done



------------------------------------------------------------------------
28-Feb-2023 09:31:34 - Running job #1
------------------------------------------------------------------------
28-Feb-2023 09:31:34 - Running 'Coregister: Estimate'

SPM12: spm_coreg (v7320)                           09:31:34 - 28/02/2023
========================================================================
Completed                               :          09:31:40 - 28/02/2023
28-Feb-2023 09:32:52 - Done    'Coregister: Estimate'
28-Feb-2023 09:32:52 - Done



------------------------------------------------------------------------
28-Feb-2023 09:32:53 - Running job #1
------------------------------------------------------------------------
28-Feb-2023 09:32:53 - Running 'Smooth'
28-Feb-2023 09:35:05 - Done    'Smooth'
28-Feb-2023 09:35:05 - Done

module load spm && module load matlab && module load freesurfer && matlab -batch "addpath('/home/jesperdn/project_tools/matlab/projects/facerecognition_dtu'); fmri_preprocess('8', '/mrhome/jesperdn/INN_JESPER/DATASETS/nobackup/openneuro/ds000117', '/mrhome/jesperdn/INN_JESPER/projects/facerecognition_dtu/data', '/mrhome/jesperdn/INN_JESPER/projects/facerecognition/freesurfer')"
Done
