/mrhome/jesperdn/miniconda3/envs/simnibs/lib/python3.9/site-packages/scipy/__init__.py:146: UserWarning: A NumPy version >=1.16.5 and <1.23.0 is required for this version of SciPy (detected version 1.23.5
  warnings.warn(f"A NumPy version >={np_minversion} and <{np_maxversion}"
PREPROCESSING
mri_convert /mrhome/jesperdn/INN_JESPER/projects/facerecognition/freesurfer/sub-05/mri/orig.mgz /mrhome/jesperdn/INN_JESPER/projects/facerecognition_dtu/data/sub-05/ses-mri/anat/T1_freesurfer_space.nii 
reading from /mrhome/jesperdn/INN_JESPER/projects/facerecognition/freesurfer/sub-05/mri/orig.mgz...
TR=0.00, TE=0.00, TI=0.00, flip angle=0.00
i_ras = (-1, 0, 4.65661e-10)
j_ras = (0, -1.59162e-12, -1)
k_ras = (0, 1, 1.59162e-12)
writing to /mrhome/jesperdn/INN_JESPER/projects/facerecognition_dtu/data/sub-05/ses-mri/anat/T1_freesurfer_space.nii...


------------------------------------------------------------------------
28-Feb-2023 09:23:18 - Running job #1
------------------------------------------------------------------------
28-Feb-2023 09:23:18 - Running 'Slice Timing'

SPM12: spm_slice_timing (v6130)                    09:23:18 - 28/02/2023
========================================================================
Number of slices is...                  :                             33
Time to Repeat (TR) is...               :                              2
Parameters are specified as...          :               slice times (ms)
Completed                               :          09:25:29 - 28/02/2023
28-Feb-2023 09:25:29 - Done    'Slice Timing'
28-Feb-2023 09:25:29 - Done



------------------------------------------------------------------------
28-Feb-2023 09:25:30 - Running job #1
------------------------------------------------------------------------
28-Feb-2023 09:25:30 - Running 'Realign: Estimate & Reslice'

SPM12: spm_realign (v7141)                         09:25:30 - 28/02/2023
========================================================================
Completed                               :          09:29:49 - 28/02/2023

SPM12: spm_reslice (v7141)                         09:29:49 - 28/02/2023
========================================================================
Completed                               :          09:31:32 - 28/02/2023
28-Feb-2023 09:31:33 - Done    'Realign: Estimate & Reslice'
28-Feb-2023 09:31:33 - Done



------------------------------------------------------------------------
28-Feb-2023 09:31:34 - Running job #1
------------------------------------------------------------------------
28-Feb-2023 09:31:34 - Running 'Coregister: Estimate'

SPM12: spm_coreg (v7320)                           09:31:34 - 28/02/2023
========================================================================
Completed                               :          09:31:44 - 28/02/2023
28-Feb-2023 09:32:45 - Done    'Coregister: Estimate'
28-Feb-2023 09:32:45 - Done



------------------------------------------------------------------------
28-Feb-2023 09:32:46 - Running job #1
------------------------------------------------------------------------
28-Feb-2023 09:32:46 - Running 'Smooth'
28-Feb-2023 09:35:00 - Done    'Smooth'
28-Feb-2023 09:35:00 - Done

module load spm && module load matlab && module load freesurfer && matlab -batch "addpath('/home/jesperdn/project_tools/matlab/projects/facerecognition_dtu'); fmri_preprocess('5', '/mrhome/jesperdn/INN_JESPER/DATASETS/nobackup/openneuro/ds000117', '/mrhome/jesperdn/INN_JESPER/projects/facerecognition_dtu/data', '/mrhome/jesperdn/INN_JESPER/projects/facerecognition/freesurfer')"
Done
