/mrhome/jesperdn/miniconda3/envs/simnibs/lib/python3.9/site-packages/scipy/__init__.py:146: UserWarning: A NumPy version >=1.16.5 and <1.23.0 is required for this version of SciPy (detected version 1.23.5
  warnings.warn(f"A NumPy version >={np_minversion} and <{np_maxversion}"
PREPROCESSING
mri_convert /mrhome/jesperdn/INN_JESPER/projects/facerecognition/freesurfer/sub-04/mri/orig.mgz /mrhome/jesperdn/INN_JESPER/projects/facerecognition_dtu/data/sub-04/ses-mri/anat/T1_freesurfer_space.nii 
reading from /mrhome/jesperdn/INN_JESPER/projects/facerecognition/freesurfer/sub-04/mri/orig.mgz...
TR=0.00, TE=0.00, TI=0.00, flip angle=0.00
i_ras = (-1, 0, 0)
j_ras = (9.31323e-10, -4.32919e-10, -1)
k_ras = (0, 1, -4.98403e-10)
writing to /mrhome/jesperdn/INN_JESPER/projects/facerecognition_dtu/data/sub-04/ses-mri/anat/T1_freesurfer_space.nii...


------------------------------------------------------------------------
28-Feb-2023 09:23:15 - Running job #1
------------------------------------------------------------------------
28-Feb-2023 09:23:15 - Running 'Slice Timing'

SPM12: spm_slice_timing (v6130)                    09:23:15 - 28/02/2023
========================================================================
Number of slices is...                  :                             33
Time to Repeat (TR) is...               :                              2
Parameters are specified as...          :               slice times (ms)
Completed                               :          09:25:11 - 28/02/2023
28-Feb-2023 09:25:11 - Done    'Slice Timing'
28-Feb-2023 09:25:11 - Done



------------------------------------------------------------------------
28-Feb-2023 09:25:12 - Running job #1
------------------------------------------------------------------------
28-Feb-2023 09:25:12 - Running 'Realign: Estimate & Reslice'

SPM12: spm_realign (v7141)                         09:25:12 - 28/02/2023
========================================================================
Completed                               :          09:29:31 - 28/02/2023

SPM12: spm_reslice (v7141)                         09:29:31 - 28/02/2023
========================================================================
Completed                               :          09:31:06 - 28/02/2023
28-Feb-2023 09:31:06 - Done    'Realign: Estimate & Reslice'
28-Feb-2023 09:31:06 - Done



------------------------------------------------------------------------
28-Feb-2023 09:31:07 - Running job #1
------------------------------------------------------------------------
28-Feb-2023 09:31:07 - Running 'Coregister: Estimate'

SPM12: spm_coreg (v7320)                           09:31:07 - 28/02/2023
========================================================================
Completed                               :          09:31:15 - 28/02/2023
28-Feb-2023 09:32:22 - Done    'Coregister: Estimate'
28-Feb-2023 09:32:22 - Done



------------------------------------------------------------------------
28-Feb-2023 09:32:23 - Running job #1
------------------------------------------------------------------------
28-Feb-2023 09:32:23 - Running 'Smooth'
28-Feb-2023 09:34:20 - Done    'Smooth'
28-Feb-2023 09:34:20 - Done

module load spm && module load matlab && module load freesurfer && matlab -batch "addpath('/home/jesperdn/project_tools/matlab/projects/facerecognition_dtu'); fmri_preprocess('4', '/mrhome/jesperdn/INN_JESPER/DATASETS/nobackup/openneuro/ds000117', '/mrhome/jesperdn/INN_JESPER/projects/facerecognition_dtu/data', '/mrhome/jesperdn/INN_JESPER/projects/facerecognition/freesurfer')"
Done
