/bin/bash: ./submit_SPCA_selectedregu.sh: Permission denied

------------------------------------------------------------
Sender: LSF System <lsfadmin@hpc.dtu.dk>
Subject: Job 16624188: <NONAME> in cluster <dcc> Exited

Job <NONAME> was submitted from host <gbarlogin1> by user <ansol> in cluster <dcc> at Mon May  1 14:44:06 2023
Job was executed on host(s) <n-62-11-64>, in queue <hpc>, as user <ansol> in cluster <dcc> at Mon May  1 14:44:07 2023
</zhome/61/4/109113> was used as the home directory.
</dtu-compute/macaroni/projects/triAA/submitfiles> was used as the working directory.
Started at Mon May  1 14:44:07 2023
Terminated at Mon May  1 14:44:10 2023
Results reported at Mon May  1 14:44:10 2023

Your job looked like:

------------------------------------------------------------
# LSBATCH: User input
submit_SPCA_selectedregu.sh
------------------------------------------------------------

Exited with exit code 126.

Resource usage summary:

    CPU time :                                   1.18 sec.
    Max Memory :                                 -
    Average Memory :                             -
    Total Requested Memory :                     1024.00 MB
    Delta Memory :                               -
    Max Swap :                                   -
    Max Processes :                              -
    Max Threads :                                -
    Run time :                                   115 sec.
    Turnaround time :                            4 sec.

The output (if any) is above this job summary.

