Job <16784127> is submitted to queue <hpc>.
Job <16784130> is submitted to queue <hpc>.
Job <16784132> is submitted to queue <hpc>.
Job <16784134> is submitted to queue <hpc>.
Job <16784138> is submitted to queue <hpc>.
Job <16784140> is submitted to queue <hpc>.
Job <16784142> is submitted to queue <hpc>.
Job <16784144> is submitted to queue <hpc>.
Job <16784146> is submitted to queue <hpc>.
Job <16784148> is submitted to queue <hpc>.
Job <16784150> is submitted to queue <hpc>.
Job <16784152> is submitted to queue <hpc>.
Job <16784154> is submitted to queue <hpc>.
Job <16784156> is submitted to queue <hpc>.
Job <16784157> is submitted to queue <hpc>.
Job <16784158> is submitted to queue <hpc>.
Job <16784160> is submitted to queue <hpc>.
Job <16784161> is submitted to queue <hpc>.
Job <16784162> is submitted to queue <hpc>.
Job <16784163> is submitted to queue <hpc>.

------------------------------------------------------------
Sender: LSF System <lsfadmin@hpc.dtu.dk>
Subject: Job 16784111: <NONAME> in cluster <dcc> Done

Job <NONAME> was submitted from host <gbarlogin1> by user <ansol> in cluster <dcc> at Thu Jun  1 09:21:08 2023
Job was executed on host(s) <n-62-31-1>, in queue <hpc>, as user <ansol> in cluster <dcc> at Thu Jun  1 09:21:09 2023
</zhome/61/4/109113> was used as the home directory.
</dtu-compute/macaroni/projects/CGD/submitfiles> was used as the working directory.
Started at Thu Jun  1 09:21:09 2023
Terminated at Thu Jun  1 09:21:19 2023
Results reported at Thu Jun  1 09:21:19 2023

Your job looked like:

------------------------------------------------------------
# LSBATCH: User input
for O in 0 1 2 3 4
do
for M1 in 0 1
do
for M2 in 0 1
do

    sed -i '$ d' submit_SPCA_selectedregu.sh
    echo "python3 experiments/run_SPCA_QP_selectedregu.py $M1 $M2 $O" >> submit_SPCA_selectedregu.sh
    bsub < submit_SPCA_selectedregu.sh

done
done
done
------------------------------------------------------------

Successfully completed.

Resource usage summary:

    CPU time :                                   3.79 sec.
    Max Memory :                                 -
    Average Memory :                             -
    Total Requested Memory :                     1024.00 MB
    Delta Memory :                               -
    Max Swap :                                   -
    Max Processes :                              -
    Max Threads :                                -
    Run time :                                   37 sec.
    Turnaround time :                            11 sec.

The output (if any) is above this job summary.

