/mrhome/jesperdn/miniconda3/envs/simnibs/lib/python3.9/site-packages/scipy/__init__.py:146: UserWarning: A NumPy version >=1.16.5 and <1.23.0 is required for this version of SciPy (detected version 1.23.5
  warnings.warn(f"A NumPy version >={np_minversion} and <{np_maxversion}"
    Read a total of 1 projection items:
        Average EEG reference (1 x 70) active
/home/jesperdn/project_tools/python/projects/facerecognition/utils.py:70: FutureWarning: extension should start with a period ".", but got: "fif". Prepending "." to form: ".fif". This will raise an exception starting with MNE-BIDS 0.12.
  meg=mne_bids.BIDSPath(
Setting up the source space with the following parameters:

SUBJECTS_DIR = /mrhome/jesperdn/INN_JESPER/projects/facerecognition/freesurfer
Subject      = sub-14
Surface      = white
Icosahedron subdivision grade 5

>>> 1. Creating the source space...

Doing the icosahedral vertex picking...
Loading /mrhome/jesperdn/INN_JESPER/projects/facerecognition/freesurfer/sub-14/surf/lh.white...
Mapping lh sub-14 -> ico (5) ...
    Triangle neighbors and vertex normals...
Loading geometry from /mrhome/jesperdn/INN_JESPER/projects/facerecognition/freesurfer/sub-14/surf/lh.sphere...
Setting up the triangulation for the decimated surface...
loaded lh.white 10242/133615 selected to source space (ico = 5)

Loading /mrhome/jesperdn/INN_JESPER/projects/facerecognition/freesurfer/sub-14/surf/rh.white...
Mapping rh sub-14 -> ico (5) ...
    Triangle neighbors and vertex normals...
Loading geometry from /mrhome/jesperdn/INN_JESPER/projects/facerecognition/freesurfer/sub-14/surf/rh.sphere...
Setting up the triangulation for the decimated surface...
loaded rh.white 10242/135284 selected to source space (ico = 5)

Calculating patch information (limit=0.0 mm)...
    Computing patch statistics...
    Patch information added...
    Computing patch statistics...
    Patch information added...
You are now one step closer to computing the gain matrix
Overwriting existing file.
    Write a source space...
    [done]
    Write a source space...
    [done]
    2 source spaces written
Creating the BEM geometry...
Going from 4th to 4th subdivision of an icosahedron (n_tri: 5120 -> 5120)
Going from 4th to 4th subdivision of an icosahedron (n_tri: 5120 -> 5120)
Going from 4th to 4th subdivision of an icosahedron (n_tri: 5120 -> 5120)
outer skin  CM is  -0.31 -12.60  -8.75 mm
outer skull CM is   0.22 -27.21   0.01 mm
inner skull CM is   0.31 -27.69  -0.59 mm
Checking that surface outer skull is inside surface outer skin  ...
Checking that surface inner skull is inside surface outer skull ...
Checking distance between outer skin  and outer skull surfaces...
Minimum distance between the outer skin  and outer skull surfaces is approximately    3.0 mm
Checking distance between outer skull and inner skull surfaces...
Minimum distance between the outer skull and inner skull surfaces is approximately    3.5 mm
Surfaces passed the basic topology checks.
Complete.

Three-layer model surfaces loaded.
Computing the linear collocation solution...
    Matrix coefficients...
        outer skin  (2562) -> outer skin  (2562) ...
        outer skin  (2562) -> outer skull (2562) ...
        outer skin  (2562) -> inner skull (2562) ...
        outer skull (2562) -> outer skin  (2562) ...
        outer skull (2562) -> outer skull (2562) ...
        outer skull (2562) -> inner skull (2562) ...
        inner skull (2562) -> outer skin  (2562) ...
        inner skull (2562) -> outer skull (2562) ...
        inner skull (2562) -> inner skull (2562) ...
    Inverting the coefficient matrix...
IP approach required...
    Matrix coefficients (homog)...
        inner skull (2562) -> inner skull (2562) ...
    Inverting the coefficient matrix (homog)...
    Modify the original solution to incorporate IP approach...
        Combining...
        Scaling...
Solution ready.
BEM geometry computations complete.
Source space          : <SourceSpaces: [<surface (lh), n_vertices=133615, n_used=10242>, <surface (rh), n_vertices=135284, n_used=10242>] MRI (surface RAS) coords, subject 'sub-14', ~27.8 MB>
MRI -> head transform : instance of Transform
Measurement data      : instance of Info
Conductor model   : instance of ConductorModel
Accurate field computations
Do computations in head coordinates
Free source orientations

Read 2 source spaces a total of 20484 active source locations

Coordinate transformation: MRI (surface RAS) -> head
     0.999773 -0.010534 -0.018537       1.83 mm
     0.017561  0.899898  0.435747      35.36 mm
     0.012091 -0.435974  0.899878      42.37 mm
     0.000000  0.000000  0.000000       1.00

Read 306 MEG channels from info
105 coil definitions read
Coordinate transformation: MEG device -> head
     0.992664  0.119084 -0.020923      -1.64 mm
    -0.120527  0.988331 -0.093133     -11.99 mm
     0.009589  0.094971  0.995434      43.35 mm
     0.000000  0.000000  0.000000       1.00
MEG coil definitions created in head coordinates.
Read  70 EEG channels from info
Head coordinate coil definitions created.
Source spaces are now in head coordinates.

Employing the head->MRI coordinate transform with the BEM model.
BEM model instance of ConductorModel is now set up

Source spaces are in head coordinates.
Checking that the sources are inside the surface (will take a few...)
Checking surface interior status for 10242 points...
    Found  1786/10242 points inside  an interior sphere of radius   39.2 mm
    Found     0/10242 points outside an exterior sphere of radius   91.9 mm
    Found     6/ 8456 points outside using surface Qhull
[Parallel(n_jobs=1)]: Using backend SequentialBackend with 1 concurrent workers.
[Parallel(n_jobs=1)]: Done   1 out of   1 | elapsed:    4.0s remaining:    0.0s
[Parallel(n_jobs=1)]: Done   1 out of   1 | elapsed:    4.0s finished
    Found     0/ 8450 points outside using solid angles
    Total 10236/10242 points inside the surface
Interior check completed in 4028.0 ms
    6 source space points omitted because they are outside the inner skull surface.
    Computing patch statistics...
    Patch information added...
Checking surface interior status for 10242 points...
    Found  1807/10242 points inside  an interior sphere of radius   39.2 mm
    Found     0/10242 points outside an exterior sphere of radius   91.9 mm
    Found     6/ 8435 points outside using surface Qhull
[Parallel(n_jobs=1)]: Using backend SequentialBackend with 1 concurrent workers.
[Parallel(n_jobs=1)]: Done   1 out of   1 | elapsed:    4.0s remaining:    0.0s
[Parallel(n_jobs=1)]: Done   1 out of   1 | elapsed:    4.0s finished
    Found     0/ 8429 points outside using solid angles
    Total 10236/10242 points inside the surface
Interior check completed in 4031.7 ms
    6 source space points omitted because they are outside the inner skull surface.
    Computing patch statistics...
    Patch information added...

Checking surface interior status for 306 points...
    Found   0/306 points inside  an interior sphere of radius   55.1 mm
    Found  33/306 points outside an exterior sphere of radius  139.8 mm
    Found 273/273 points outside using surface Qhull
[Parallel(n_jobs=1)]: Using backend SequentialBackend with 1 concurrent workers.
[Parallel(n_jobs=1)]: Done   1 out of   1 | elapsed:    0.0s remaining:    0.0s
[Parallel(n_jobs=1)]: Done   1 out of   1 | elapsed:    0.0s finished
    Found   0/  0 points outside using solid angles
    Total 0/306 points inside the surface
Interior check completed in 23.3 ms

Composing the field computation matrix...
[Parallel(n_jobs=1)]: Using backend SequentialBackend with 1 concurrent workers.
[Parallel(n_jobs=1)]: Done   1 out of   1 | elapsed:    0.9s remaining:    0.0s
[Parallel(n_jobs=1)]: Done   1 out of   1 | elapsed:    0.9s finished
[Parallel(n_jobs=1)]: Using backend SequentialBackend with 1 concurrent workers.
[Parallel(n_jobs=1)]: Done   1 out of   1 | elapsed:    0.9s remaining:    0.0s
[Parallel(n_jobs=1)]: Done   1 out of   1 | elapsed:    0.9s finished
[Parallel(n_jobs=1)]: Using backend SequentialBackend with 1 concurrent workers.
[Parallel(n_jobs=1)]: Done   1 out of   1 | elapsed:    0.9s remaining:    0.0s
[Parallel(n_jobs=1)]: Done   1 out of   1 | elapsed:    0.9s finished
[Parallel(n_jobs=1)]: Using backend SequentialBackend with 1 concurrent workers.
[Parallel(n_jobs=1)]: Done   1 out of   1 | elapsed:    0.9s remaining:    0.0s
[Parallel(n_jobs=1)]: Done   1 out of   1 | elapsed:    0.9s finished
[Parallel(n_jobs=1)]: Using backend SequentialBackend with 1 concurrent workers.
[Parallel(n_jobs=1)]: Done   1 out of   1 | elapsed:    0.9s remaining:    0.0s
[Parallel(n_jobs=1)]: Done   1 out of   1 | elapsed:    0.9s finished
[Parallel(n_jobs=1)]: Using backend SequentialBackend with 1 concurrent workers.
[Parallel(n_jobs=1)]: Done   1 out of   1 | elapsed:    0.9s remaining:    0.0s
[Parallel(n_jobs=1)]: Done   1 out of   1 | elapsed:    0.9s finished
[Parallel(n_jobs=1)]: Using backend SequentialBackend with 1 concurrent workers.
[Parallel(n_jobs=1)]: Done   1 out of   1 | elapsed:    0.9s remaining:    0.0s
[Parallel(n_jobs=1)]: Done   1 out of   1 | elapsed:    0.9s finished
[Parallel(n_jobs=1)]: Using backend SequentialBackend with 1 concurrent workers.
[Parallel(n_jobs=1)]: Done   1 out of   1 | elapsed:    0.9s remaining:    0.0s
[Parallel(n_jobs=1)]: Done   1 out of   1 | elapsed:    0.9s finished
[Parallel(n_jobs=1)]: Using backend SequentialBackend with 1 concurrent workers.
[Parallel(n_jobs=1)]: Done   1 out of   1 | elapsed:    0.9s remaining:    0.0s
[Parallel(n_jobs=1)]: Done   1 out of   1 | elapsed:    0.9s finished
[Parallel(n_jobs=1)]: Using backend SequentialBackend with 1 concurrent workers.
[Parallel(n_jobs=1)]: Done   1 out of   1 | elapsed:    0.1s remaining:    0.0s
[Parallel(n_jobs=1)]: Done   1 out of   1 | elapsed:    0.1s finished
[Parallel(n_jobs=1)]: Using backend SequentialBackend with 1 concurrent workers.
[Parallel(n_jobs=1)]: Done   1 out of   1 | elapsed:    0.1s remaining:    0.0s
[Parallel(n_jobs=1)]: Done   1 out of   1 | elapsed:    0.1s finished
[Parallel(n_jobs=1)]: Using backend SequentialBackend with 1 concurrent workers.
[Parallel(n_jobs=1)]: Done   1 out of   1 | elapsed:    0.1s remaining:    0.0s
[Parallel(n_jobs=1)]: Done   1 out of   1 | elapsed:    0.1s finished
Setting up for EEG...
Computing MEG at 20472 source locations (free orientations)...
[Parallel(n_jobs=1)]: Using backend SequentialBackend with 1 concurrent workers.
[Parallel(n_jobs=1)]: Done   1 out of   1 | elapsed:   22.8s remaining:    0.0s
[Parallel(n_jobs=1)]: Done   1 out of   1 | elapsed:   22.8s finished
Computing EEG at 20472 source locations (free orientations)...
[Parallel(n_jobs=1)]: Using backend SequentialBackend with 1 concurrent workers.
[Parallel(n_jobs=1)]: Done   1 out of   1 | elapsed:   12.0s remaining:    0.0s
[Parallel(n_jobs=1)]: Done   1 out of   1 | elapsed:   12.0s finished

Finished.
surface source space present ...
Computing morph matrix...
    Left-hemisphere map read.
    Right-hemisphere map read.
    10 smooth iterations done.
    7 smooth iterations done.
[done]
[done]
Overwriting existing file.
Overwriting existing file.
    Write a source space...
    [done]
    Write a source space...
    [done]
    2 source spaces written
Overwriting existing file.
Done
