/mrhome/jesperdn/miniconda3/envs/simnibs/lib/python3.9/site-packages/scipy/__init__.py:146: UserWarning: A NumPy version >=1.16.5 and <1.23.0 is required for this version of SciPy (detected version 1.23.5
  warnings.warn(f"A NumPy version >={np_minversion} and <{np_maxversion}"
    Read a total of 1 projection items:
        Average EEG reference (1 x 70) active
/home/jesperdn/project_tools/python/projects/facerecognition/utils.py:70: FutureWarning: extension should start with a period ".", but got: "fif". Prepending "." to form: ".fif". This will raise an exception starting with MNE-BIDS 0.12.
  meg=mne_bids.BIDSPath(
Setting up the source space with the following parameters:

SUBJECTS_DIR = /mrhome/jesperdn/INN_JESPER/projects/facerecognition/freesurfer
Subject      = sub-01
Surface      = white
Icosahedron subdivision grade 5

>>> 1. Creating the source space...

Doing the icosahedral vertex picking...
Loading /mrhome/jesperdn/INN_JESPER/projects/facerecognition/freesurfer/sub-01/surf/lh.white...
Mapping lh sub-01 -> ico (5) ...
    Triangle neighbors and vertex normals...
Loading geometry from /mrhome/jesperdn/INN_JESPER/projects/facerecognition/freesurfer/sub-01/surf/lh.sphere...
Setting up the triangulation for the decimated surface...
loaded lh.white 10242/133902 selected to source space (ico = 5)

Loading /mrhome/jesperdn/INN_JESPER/projects/facerecognition/freesurfer/sub-01/surf/rh.white...
Mapping rh sub-01 -> ico (5) ...
    Triangle neighbors and vertex normals...
Loading geometry from /mrhome/jesperdn/INN_JESPER/projects/facerecognition/freesurfer/sub-01/surf/rh.sphere...
Setting up the triangulation for the decimated surface...
loaded rh.white 10242/134162 selected to source space (ico = 5)

Calculating patch information (limit=0.0 mm)...
    Computing patch statistics...
    Patch information added...
    Computing patch statistics...
    Patch information added...
You are now one step closer to computing the gain matrix
Overwriting existing file.
    Write a source space...
    [done]
    Write a source space...
    [done]
    2 source spaces written
Creating the BEM geometry...
Going from 4th to 4th subdivision of an icosahedron (n_tri: 5120 -> 5120)
Going from 4th to 4th subdivision of an icosahedron (n_tri: 5120 -> 5120)
Going from 4th to 4th subdivision of an icosahedron (n_tri: 5120 -> 5120)
outer skin  CM is  -1.40  -6.99 -11.01 mm
outer skull CM is  -1.17 -20.14   0.54 mm
inner skull CM is  -1.22 -20.05  -0.00 mm
Checking that surface outer skull is inside surface outer skin  ...
Checking that surface inner skull is inside surface outer skull ...
Checking distance between outer skin  and outer skull surfaces...
Minimum distance between the outer skin  and outer skull surfaces is approximately    3.0 mm
Checking distance between outer skull and inner skull surfaces...
Minimum distance between the outer skull and inner skull surfaces is approximately    3.9 mm
Surfaces passed the basic topology checks.
Complete.

Three-layer model surfaces loaded.
Computing the linear collocation solution...
    Matrix coefficients...
        outer skin  (2562) -> outer skin  (2562) ...
        outer skin  (2562) -> outer skull (2562) ...
        outer skin  (2562) -> inner skull (2562) ...
        outer skull (2562) -> outer skin  (2562) ...
        outer skull (2562) -> outer skull (2562) ...
        outer skull (2562) -> inner skull (2562) ...
        inner skull (2562) -> outer skin  (2562) ...
        inner skull (2562) -> outer skull (2562) ...
        inner skull (2562) -> inner skull (2562) ...
    Inverting the coefficient matrix...
IP approach required...
    Matrix coefficients (homog)...
        inner skull (2562) -> inner skull (2562) ...
    Inverting the coefficient matrix (homog)...
    Modify the original solution to incorporate IP approach...
        Combining...
        Scaling...
Solution ready.
BEM geometry computations complete.
Source space          : <SourceSpaces: [<surface (lh), n_vertices=133902, n_used=10242>, <surface (rh), n_vertices=134162, n_used=10242>] MRI (surface RAS) coords, subject 'sub-01', ~27.7 MB>
MRI -> head transform : instance of Transform
Measurement data      : instance of Info
Conductor model   : instance of ConductorModel
Accurate field computations
Do computations in head coordinates
Free source orientations

Read 2 source spaces a total of 20484 active source locations

Coordinate transformation: MRI (surface RAS) -> head
     0.999504 -0.028833 -0.012637       3.91 mm
     0.031478  0.920977  0.388343      32.05 mm
     0.000442 -0.388548  0.921428      45.79 mm
     0.000000  0.000000  0.000000       1.00

Read 306 MEG channels from info
105 coil definitions read
Coordinate transformation: MEG device -> head
     0.999011  0.015276  0.041760       2.46 mm
    -0.015313  0.999883  0.000556      -8.74 mm
    -0.041747 -0.001195  0.999128      47.99 mm
     0.000000  0.000000  0.000000       1.00
MEG coil definitions created in head coordinates.
Read  70 EEG channels from info
Head coordinate coil definitions created.
Source spaces are now in head coordinates.

Employing the head->MRI coordinate transform with the BEM model.
BEM model instance of ConductorModel is now set up

Source spaces are in head coordinates.
Checking that the sources are inside the surface (will take a few...)
Checking surface interior status for 10242 points...
    Found  2284/10242 points inside  an interior sphere of radius   43.1 mm
    Found     1/10242 point  outside an exterior sphere of radius   90.2 mm
    Found     4/ 7957 points outside using surface Qhull
[Parallel(n_jobs=1)]: Using backend SequentialBackend with 1 concurrent workers.
[Parallel(n_jobs=1)]: Done   1 out of   1 | elapsed:    3.6s remaining:    0.0s
[Parallel(n_jobs=1)]: Done   1 out of   1 | elapsed:    3.6s finished
    Found     1/ 7953 point  outside using solid angles
    Total 10236/10242 points inside the surface
Interior check completed in 3574.5 ms
    6 source space points omitted because they are outside the inner skull surface.
    Computing patch statistics...
    Patch information added...
Checking surface interior status for 10242 points...
    Found  2248/10242 points inside  an interior sphere of radius   43.1 mm
    Found     0/10242 points outside an exterior sphere of radius   90.2 mm
    Found     3/ 7994 points outside using surface Qhull
[Parallel(n_jobs=1)]: Using backend SequentialBackend with 1 concurrent workers.
[Parallel(n_jobs=1)]: Done   1 out of   1 | elapsed:    3.6s remaining:    0.0s
[Parallel(n_jobs=1)]: Done   1 out of   1 | elapsed:    3.6s finished
    Found     5/ 7991 points outside using solid angles
    Total 10234/10242 points inside the surface
Interior check completed in 3573.2 ms
    8 source space points omitted because they are outside the inner skull surface.
    Computing patch statistics...
    Patch information added...

Checking surface interior status for 306 points...
    Found   0/306 points inside  an interior sphere of radius   57.4 mm
    Found  12/306 points outside an exterior sphere of radius  144.0 mm
    Found 294/294 points outside using surface Qhull
[Parallel(n_jobs=1)]: Using backend SequentialBackend with 1 concurrent workers.
[Parallel(n_jobs=1)]: Done   1 out of   1 | elapsed:    0.0s remaining:    0.0s
[Parallel(n_jobs=1)]: Done   1 out of   1 | elapsed:    0.0s finished
    Found   0/  0 points outside using solid angles
    Total 0/306 points inside the surface
Interior check completed in 20.5 ms

Composing the field computation matrix...
[Parallel(n_jobs=1)]: Using backend SequentialBackend with 1 concurrent workers.
[Parallel(n_jobs=1)]: Done   1 out of   1 | elapsed:    0.8s remaining:    0.0s
[Parallel(n_jobs=1)]: Done   1 out of   1 | elapsed:    0.8s finished
[Parallel(n_jobs=1)]: Using backend SequentialBackend with 1 concurrent workers.
[Parallel(n_jobs=1)]: Done   1 out of   1 | elapsed:    0.8s remaining:    0.0s
[Parallel(n_jobs=1)]: Done   1 out of   1 | elapsed:    0.8s finished
[Parallel(n_jobs=1)]: Using backend SequentialBackend with 1 concurrent workers.
[Parallel(n_jobs=1)]: Done   1 out of   1 | elapsed:    0.8s remaining:    0.0s
[Parallel(n_jobs=1)]: Done   1 out of   1 | elapsed:    0.8s finished
[Parallel(n_jobs=1)]: Using backend SequentialBackend with 1 concurrent workers.
[Parallel(n_jobs=1)]: Done   1 out of   1 | elapsed:    0.8s remaining:    0.0s
[Parallel(n_jobs=1)]: Done   1 out of   1 | elapsed:    0.8s finished
[Parallel(n_jobs=1)]: Using backend SequentialBackend with 1 concurrent workers.
[Parallel(n_jobs=1)]: Done   1 out of   1 | elapsed:    0.8s remaining:    0.0s
[Parallel(n_jobs=1)]: Done   1 out of   1 | elapsed:    0.8s finished
[Parallel(n_jobs=1)]: Using backend SequentialBackend with 1 concurrent workers.
[Parallel(n_jobs=1)]: Done   1 out of   1 | elapsed:    0.9s remaining:    0.0s
[Parallel(n_jobs=1)]: Done   1 out of   1 | elapsed:    0.9s finished
[Parallel(n_jobs=1)]: Using backend SequentialBackend with 1 concurrent workers.
[Parallel(n_jobs=1)]: Done   1 out of   1 | elapsed:    0.8s remaining:    0.0s
[Parallel(n_jobs=1)]: Done   1 out of   1 | elapsed:    0.8s finished
[Parallel(n_jobs=1)]: Using backend SequentialBackend with 1 concurrent workers.
[Parallel(n_jobs=1)]: Done   1 out of   1 | elapsed:    0.8s remaining:    0.0s
[Parallel(n_jobs=1)]: Done   1 out of   1 | elapsed:    0.8s finished
[Parallel(n_jobs=1)]: Using backend SequentialBackend with 1 concurrent workers.
[Parallel(n_jobs=1)]: Done   1 out of   1 | elapsed:    0.8s remaining:    0.0s
[Parallel(n_jobs=1)]: Done   1 out of   1 | elapsed:    0.8s finished
[Parallel(n_jobs=1)]: Using backend SequentialBackend with 1 concurrent workers.
[Parallel(n_jobs=1)]: Done   1 out of   1 | elapsed:    0.1s remaining:    0.0s
[Parallel(n_jobs=1)]: Done   1 out of   1 | elapsed:    0.1s finished
[Parallel(n_jobs=1)]: Using backend SequentialBackend with 1 concurrent workers.
[Parallel(n_jobs=1)]: Done   1 out of   1 | elapsed:    0.1s remaining:    0.0s
[Parallel(n_jobs=1)]: Done   1 out of   1 | elapsed:    0.1s finished
[Parallel(n_jobs=1)]: Using backend SequentialBackend with 1 concurrent workers.
[Parallel(n_jobs=1)]: Done   1 out of   1 | elapsed:    0.1s remaining:    0.0s
[Parallel(n_jobs=1)]: Done   1 out of   1 | elapsed:    0.1s finished
Setting up for EEG...
Computing MEG at 20470 source locations (free orientations)...
[Parallel(n_jobs=1)]: Using backend SequentialBackend with 1 concurrent workers.
[Parallel(n_jobs=1)]: Done   1 out of   1 | elapsed:   15.4s remaining:    0.0s
[Parallel(n_jobs=1)]: Done   1 out of   1 | elapsed:   15.4s finished
Computing EEG at 20470 source locations (free orientations)...
[Parallel(n_jobs=1)]: Using backend SequentialBackend with 1 concurrent workers.
[Parallel(n_jobs=1)]: Done   1 out of   1 | elapsed:    9.2s remaining:    0.0s
[Parallel(n_jobs=1)]: Done   1 out of   1 | elapsed:    9.2s finished

Finished.
surface source space present ...
Computing morph matrix...
    Left-hemisphere map read.
    Right-hemisphere map read.
    5 smooth iterations done.
    5 smooth iterations done.
[done]
[done]
    Write a source space...
    [done]
    Write a source space...
    [done]
    2 source spaces written
Done
