/mrhome/jesperdn/miniconda3/envs/simnibs/lib/python3.9/site-packages/scipy/__init__.py:146: UserWarning: A NumPy version >=1.16.5 and <1.23.0 is required for this version of SciPy (detected version 1.23.5
  warnings.warn(f"A NumPy version >={np_minversion} and <{np_maxversion}"
    Read a total of 1 projection items:
        Average EEG reference (1 x 70) active
/home/jesperdn/project_tools/python/projects/facerecognition/utils.py:70: FutureWarning: extension should start with a period ".", but got: "fif". Prepending "." to form: ".fif". This will raise an exception starting with MNE-BIDS 0.12.
  meg=mne_bids.BIDSPath(
Setting up the source space with the following parameters:

SUBJECTS_DIR = /mrhome/jesperdn/INN_JESPER/projects/facerecognition/freesurfer
Subject      = sub-09
Surface      = white
Icosahedron subdivision grade 5

>>> 1. Creating the source space...

Doing the icosahedral vertex picking...
Loading /mrhome/jesperdn/INN_JESPER/projects/facerecognition/freesurfer/sub-09/surf/lh.white...
Mapping lh sub-09 -> ico (5) ...
    Triangle neighbors and vertex normals...
Loading geometry from /mrhome/jesperdn/INN_JESPER/projects/facerecognition/freesurfer/sub-09/surf/lh.sphere...
Setting up the triangulation for the decimated surface...
loaded lh.white 10242/144035 selected to source space (ico = 5)

Loading /mrhome/jesperdn/INN_JESPER/projects/facerecognition/freesurfer/sub-09/surf/rh.white...
Mapping rh sub-09 -> ico (5) ...
    Triangle neighbors and vertex normals...
Loading geometry from /mrhome/jesperdn/INN_JESPER/projects/facerecognition/freesurfer/sub-09/surf/rh.sphere...
Setting up the triangulation for the decimated surface...
loaded rh.white 10242/147199 selected to source space (ico = 5)

Calculating patch information (limit=0.0 mm)...
    Computing patch statistics...
    Patch information added...
    Computing patch statistics...
    Patch information added...
You are now one step closer to computing the gain matrix
Overwriting existing file.
    Write a source space...
    [done]
    Write a source space...
    [done]
    2 source spaces written
Creating the BEM geometry...
Going from 4th to 4th subdivision of an icosahedron (n_tri: 5120 -> 5120)
Going from 4th to 4th subdivision of an icosahedron (n_tri: 5120 -> 5120)
Going from 4th to 4th subdivision of an icosahedron (n_tri: 5120 -> 5120)
outer skin  CM is  -1.07  -9.96  -1.52 mm
outer skull CM is  -0.04 -24.05   6.34 mm
inner skull CM is  -0.03 -24.95   6.62 mm
Checking that surface outer skull is inside surface outer skin  ...
Checking that surface inner skull is inside surface outer skull ...
Checking distance between outer skin  and outer skull surfaces...
Minimum distance between the outer skin  and outer skull surfaces is approximately    3.7 mm
Checking distance between outer skull and inner skull surfaces...
Minimum distance between the outer skull and inner skull surfaces is approximately    3.5 mm
Surfaces passed the basic topology checks.
Complete.

Three-layer model surfaces loaded.
Computing the linear collocation solution...
    Matrix coefficients...
        outer skin  (2562) -> outer skin  (2562) ...
        outer skin  (2562) -> outer skull (2562) ...
        outer skin  (2562) -> inner skull (2562) ...
        outer skull (2562) -> outer skin  (2562) ...
        outer skull (2562) -> outer skull (2562) ...
        outer skull (2562) -> inner skull (2562) ...
        inner skull (2562) -> outer skin  (2562) ...
        inner skull (2562) -> outer skull (2562) ...
        inner skull (2562) -> inner skull (2562) ...
    Inverting the coefficient matrix...
IP approach required...
    Matrix coefficients (homog)...
        inner skull (2562) -> inner skull (2562) ...
    Inverting the coefficient matrix (homog)...
    Modify the original solution to incorporate IP approach...
        Combining...
        Scaling...
Solution ready.
BEM geometry computations complete.
Source space          : <SourceSpaces: [<surface (lh), n_vertices=144035, n_used=10242>, <surface (rh), n_vertices=147199, n_used=10242>] MRI (surface RAS) coords, subject 'sub-09', ~29.8 MB>
MRI -> head transform : instance of Transform
Measurement data      : instance of Info
Conductor model   : instance of ConductorModel
Accurate field computations
Do computations in head coordinates
Free source orientations

Read 2 source spaces a total of 20484 active source locations

Coordinate transformation: MRI (surface RAS) -> head
     0.999966 -0.001291  0.008155       4.30 mm
    -0.002451  0.896730  0.442572      30.27 mm
    -0.007884 -0.442576  0.896696      42.40 mm
     0.000000  0.000000  0.000000       1.00

Read 306 MEG channels from info
105 coil definitions read
Coordinate transformation: MEG device -> head
     0.999704  0.024202  0.002065       3.78 mm
    -0.024160  0.999533 -0.018656     -16.16 mm
    -0.002515  0.018601  0.999823      49.28 mm
     0.000000  0.000000  0.000000       1.00
MEG coil definitions created in head coordinates.
Read  70 EEG channels from info
Head coordinate coil definitions created.
Source spaces are now in head coordinates.

Employing the head->MRI coordinate transform with the BEM model.
BEM model instance of ConductorModel is now set up

Source spaces are in head coordinates.
Checking that the sources are inside the surface (will take a few...)
Checking surface interior status for 10242 points...
    Found  2185/10242 points inside  an interior sphere of radius   43.2 mm
    Found     0/10242 points outside an exterior sphere of radius   95.5 mm
    Found     4/ 8057 points outside using surface Qhull
[Parallel(n_jobs=1)]: Using backend SequentialBackend with 1 concurrent workers.
[Parallel(n_jobs=1)]: Done   1 out of   1 | elapsed:    3.2s remaining:    0.0s
[Parallel(n_jobs=1)]: Done   1 out of   1 | elapsed:    3.2s finished
    Found     0/ 8053 points outside using solid angles
    Total 10238/10242 points inside the surface
Interior check completed in 3232.5 ms
    4 source space points omitted because they are outside the inner skull surface.
    Computing patch statistics...
    Patch information added...
Checking surface interior status for 10242 points...
    Found  2209/10242 points inside  an interior sphere of radius   43.2 mm
    Found     0/10242 points outside an exterior sphere of radius   95.5 mm
    Found    10/ 8033 points outside using surface Qhull
[Parallel(n_jobs=1)]: Using backend SequentialBackend with 1 concurrent workers.
[Parallel(n_jobs=1)]: Done   1 out of   1 | elapsed:    3.2s remaining:    0.0s
[Parallel(n_jobs=1)]: Done   1 out of   1 | elapsed:    3.2s finished
    Found     0/ 8023 points outside using solid angles
    Total 10232/10242 points inside the surface
Interior check completed in 3213.1 ms
    10 source space points omitted because they are outside the inner skull surface.
    Computing patch statistics...
    Patch information added...

Checking surface interior status for 306 points...
    Found   0/306 points inside  an interior sphere of radius   56.8 mm
    Found  27/306 points outside an exterior sphere of radius  147.0 mm
    Found 279/279 points outside using surface Qhull
[Parallel(n_jobs=1)]: Using backend SequentialBackend with 1 concurrent workers.
[Parallel(n_jobs=1)]: Done   1 out of   1 | elapsed:    0.0s remaining:    0.0s
[Parallel(n_jobs=1)]: Done   1 out of   1 | elapsed:    0.0s finished
    Found   0/  0 points outside using solid angles
    Total 0/306 points inside the surface
Interior check completed in 17.1 ms

Composing the field computation matrix...
[Parallel(n_jobs=1)]: Using backend SequentialBackend with 1 concurrent workers.
[Parallel(n_jobs=1)]: Done   1 out of   1 | elapsed:    0.7s remaining:    0.0s
[Parallel(n_jobs=1)]: Done   1 out of   1 | elapsed:    0.7s finished
[Parallel(n_jobs=1)]: Using backend SequentialBackend with 1 concurrent workers.
[Parallel(n_jobs=1)]: Done   1 out of   1 | elapsed:    0.7s remaining:    0.0s
[Parallel(n_jobs=1)]: Done   1 out of   1 | elapsed:    0.7s finished
[Parallel(n_jobs=1)]: Using backend SequentialBackend with 1 concurrent workers.
[Parallel(n_jobs=1)]: Done   1 out of   1 | elapsed:    0.7s remaining:    0.0s
[Parallel(n_jobs=1)]: Done   1 out of   1 | elapsed:    0.7s finished
[Parallel(n_jobs=1)]: Using backend SequentialBackend with 1 concurrent workers.
[Parallel(n_jobs=1)]: Done   1 out of   1 | elapsed:    0.7s remaining:    0.0s
[Parallel(n_jobs=1)]: Done   1 out of   1 | elapsed:    0.7s finished
[Parallel(n_jobs=1)]: Using backend SequentialBackend with 1 concurrent workers.
[Parallel(n_jobs=1)]: Done   1 out of   1 | elapsed:    0.7s remaining:    0.0s
[Parallel(n_jobs=1)]: Done   1 out of   1 | elapsed:    0.7s finished
[Parallel(n_jobs=1)]: Using backend SequentialBackend with 1 concurrent workers.
[Parallel(n_jobs=1)]: Done   1 out of   1 | elapsed:    0.7s remaining:    0.0s
[Parallel(n_jobs=1)]: Done   1 out of   1 | elapsed:    0.7s finished
[Parallel(n_jobs=1)]: Using backend SequentialBackend with 1 concurrent workers.
[Parallel(n_jobs=1)]: Done   1 out of   1 | elapsed:    0.7s remaining:    0.0s
[Parallel(n_jobs=1)]: Done   1 out of   1 | elapsed:    0.7s finished
[Parallel(n_jobs=1)]: Using backend SequentialBackend with 1 concurrent workers.
[Parallel(n_jobs=1)]: Done   1 out of   1 | elapsed:    0.7s remaining:    0.0s
[Parallel(n_jobs=1)]: Done   1 out of   1 | elapsed:    0.7s finished
[Parallel(n_jobs=1)]: Using backend SequentialBackend with 1 concurrent workers.
[Parallel(n_jobs=1)]: Done   1 out of   1 | elapsed:    0.7s remaining:    0.0s
[Parallel(n_jobs=1)]: Done   1 out of   1 | elapsed:    0.7s finished
[Parallel(n_jobs=1)]: Using backend SequentialBackend with 1 concurrent workers.
[Parallel(n_jobs=1)]: Done   1 out of   1 | elapsed:    0.1s remaining:    0.0s
[Parallel(n_jobs=1)]: Done   1 out of   1 | elapsed:    0.1s finished
[Parallel(n_jobs=1)]: Using backend SequentialBackend with 1 concurrent workers.
[Parallel(n_jobs=1)]: Done   1 out of   1 | elapsed:    0.1s remaining:    0.0s
[Parallel(n_jobs=1)]: Done   1 out of   1 | elapsed:    0.1s finished
[Parallel(n_jobs=1)]: Using backend SequentialBackend with 1 concurrent workers.
[Parallel(n_jobs=1)]: Done   1 out of   1 | elapsed:    0.1s remaining:    0.0s
[Parallel(n_jobs=1)]: Done   1 out of   1 | elapsed:    0.1s finished
Setting up for EEG...
Computing MEG at 20470 source locations (free orientations)...
[Parallel(n_jobs=1)]: Using backend SequentialBackend with 1 concurrent workers.
[Parallel(n_jobs=1)]: Done   1 out of   1 | elapsed:   12.8s remaining:    0.0s
[Parallel(n_jobs=1)]: Done   1 out of   1 | elapsed:   12.8s finished
Computing EEG at 20470 source locations (free orientations)...
[Parallel(n_jobs=1)]: Using backend SequentialBackend with 1 concurrent workers.
[Parallel(n_jobs=1)]: Done   1 out of   1 | elapsed:    8.3s remaining:    0.0s
[Parallel(n_jobs=1)]: Done   1 out of   1 | elapsed:    8.3s finished

Finished.
surface source space present ...
Computing morph matrix...
    Left-hemisphere map read.
    Right-hemisphere map read.
    6 smooth iterations done.
    6 smooth iterations done.
[done]
[done]
Overwriting existing file.
Overwriting existing file.
    Write a source space...
    [done]
    Write a source space...
    [done]
    2 source spaces written
Overwriting existing file.
Done
