/mrhome/jesperdn/miniconda3/envs/simnibs/lib/python3.9/site-packages/scipy/__init__.py:146: UserWarning: A NumPy version >=1.16.5 and <1.23.0 is required for this version of SciPy (detected version 1.23.5
  warnings.warn(f"A NumPy version >={np_minversion} and <{np_maxversion}"
tkregister_tcl /mnt/depot64/freesurfer/freesurfer-dev-20210427-0d0c98e/tktools/tkregister2.tcl
INFO: no target volume specified, assuming FreeSurfer orig volume.
target  volume orig
movable volume /mrhome/jesperdn/INN_JESPER/projects/facerecognition_dtu/data/sub-10/ses-mri/func/meanasub-10_ses-mri_task-facerecognition_run-01_bold.nii
reg file       /mrhome/jesperdn/INN_JESPER/projects/facerecognition_dtu/data/sub-10/ses-mri/func/register.dat
LoadVol        0
ZeroCRAS       0
$Id: tkregister2.c,v 1.132.2.1 2016/08/02 21:17:29 greve Exp $
Diagnostic Level -1
INFO: loading target /mrhome/jesperdn/INN_JESPER/projects/facerecognition/freesurfer/sub-10/mri/orig.mgz
Ttarg: --------------------
-1.00000   0.00000   0.00000   128.00000;
 0.00000   0.00000   1.00000  -128.00000;
 0.00000  -1.00000   0.00000   128.00000;
 0.00000   0.00000   0.00000   1.00000;
INFO: loading movable /mrhome/jesperdn/INN_JESPER/projects/facerecognition_dtu/data/sub-10/ses-mri/func/meanasub-10_ses-mri_task-facerecognition_run-01_bold.nii
Tmov: --------------------
-3.00000   0.00000   0.00000   96.00001;
 0.00000   0.00000   3.90000  -64.35000;
 0.00000  -3.00000   0.00000   95.99999;
 0.00000   0.00000   0.00000   1.00000;
mkheaderreg = 1, float2int = 0
Computing reg from header (and possibly input matrix)
---- Input registration matrix (computed) --------
 0.99961   0.01452  -0.02395   1.20891;
 0.02757  -0.36032   0.93242  -36.67409;
 0.00491  -0.93272  -0.36058  -14.06443;
 0.00000   0.00000   0.00000   1.00000;
---------------------------------------
---- Input registration matrix --------
 0.99961   0.01452  -0.02395   1.20891;
 0.02757  -0.36032   0.93242  -36.67409;
 0.00491  -0.93272  -0.36058  -14.06443;
 0.00000   0.00000   0.00000   1.00000;
Determinant 1
subject = sub-10
RegMat ---------------------------
 0.99961   0.01452  -0.02395   1.20891;
 0.02757  -0.36032   0.93242  -36.67409;
 0.00491  -0.93272  -0.36058  -14.06443;
 0.00000   0.00000   0.00000   1.00000;
srcvol = /mrhome/jesperdn/INN_JESPER/projects/facerecognition_dtu/data/sub-10/ses-mri/func/sasub-10_ses-mri_task-facerecognition_run-01_bold.nii
srcreg = /mrhome/jesperdn/INN_JESPER/projects/facerecognition_dtu/data/sub-10/ses-mri/func/register.dat
srcregold = 0
srcwarp unspecified
surf = white
hemi = lh
ProjFrac = 0.5
thickness = thickness
reshape = 0
interp = nearest
float2int = round
GetProjMax = 0
INFO: float2int code = 0
INFO: changing type to float
Done loading volume
INFO: This REGISTER_DAT transform is valid only for volumes between  COR types with c_(r,a,s) = 0.
Input reg is register.dat
-------- original matrix -----------
 0.99961   0.01452  -0.02395   1.20891;
 0.02757  -0.36032   0.93242  -36.67409;
 0.00491  -0.93272  -0.36058  -14.06443;
 0.00000   0.00000   0.00000   1.00000;
-------- original matrix -----------
Reading surface /mrhome/jesperdn/INN_JESPER/projects/facerecognition/freesurfer/sub-10/surf/lh.white
Done reading source surface
Reading thickness /mrhome/jesperdn/INN_JESPER/projects/facerecognition/freesurfer/sub-10/surf/lh.thickness
Done
Mapping Source Volume onto Source Subject Surface
 1 0 0 1
using old
 2 0.1 0 1
using old
 3 0.2 0 1
using old
 4 0.3 0 1
using old
 5 0.4 0 1
using old
 6 0.5 0 1
using old
 7 0.6 0 1
using old
 8 0.7 0 1
using old
 9 0.8 0 1
using old
10 0.9 0 1
using old
Done mapping volume to surface
Number of source voxels hit = 11392
Writing to /mrhome/jesperdn/INN_JESPER/projects/facerecognition_dtu/data/sub-10/ses-mri/func/surf_lh_sasub-10_ses-mri_task-facerecognition_run-01_bold.nii
Dim: 139338 1 1
srcvol = /mrhome/jesperdn/INN_JESPER/projects/facerecognition_dtu/data/sub-10/ses-mri/func/sasub-10_ses-mri_task-facerecognition_run-01_bold.nii
srcreg = /mrhome/jesperdn/INN_JESPER/projects/facerecognition_dtu/data/sub-10/ses-mri/func/register.dat
srcregold = 0
srcwarp unspecified
surf = white
hemi = rh
ProjFrac = 0.5
thickness = thickness
reshape = 0
interp = nearest
float2int = round
GetProjMax = 0
INFO: float2int code = 0
INFO: changing type to float
Done loading volume
INFO: This REGISTER_DAT transform is valid only for volumes between  COR types with c_(r,a,s) = 0.
Input reg is register.dat
-------- original matrix -----------
 0.99961   0.01452  -0.02395   1.20891;
 0.02757  -0.36032   0.93242  -36.67409;
 0.00491  -0.93272  -0.36058  -14.06443;
 0.00000   0.00000   0.00000   1.00000;
-------- original matrix -----------
Reading surface /mrhome/jesperdn/INN_JESPER/projects/facerecognition/freesurfer/sub-10/surf/rh.white
Done reading source surface
Reading thickness /mrhome/jesperdn/INN_JESPER/projects/facerecognition/freesurfer/sub-10/surf/rh.thickness
Done
Mapping Source Volume onto Source Subject Surface
 1 0 0 1
using old
 2 0.1 0 1
using old
 3 0.2 0 1
using old
 4 0.3 0 1
using old
 5 0.4 0 1
using old
 6 0.5 0 1
using old
 7 0.6 0 1
using old
 8 0.7 0 1
using old
 9 0.8 0 1
using old
10 0.9 0 1
using old
Done mapping volume to surface
Number of source voxels hit = 11489
Writing to /mrhome/jesperdn/INN_JESPER/projects/facerecognition_dtu/data/sub-10/ses-mri/func/surf_rh_sasub-10_ses-mri_task-facerecognition_run-01_bold.nii
Dim: 141130 1 1
    Reading a source space...
    Computing patch statistics...
    Patch information added...
    [done]
    Reading a source space...
    Computing patch statistics...
    Patch information added...
    [done]
    2 source spaces read
Writing STC to disk...
[done]
srcvol = /mrhome/jesperdn/INN_JESPER/projects/facerecognition_dtu/data/sub-10/ses-mri/func/sasub-10_ses-mri_task-facerecognition_run-02_bold.nii
srcreg = /mrhome/jesperdn/INN_JESPER/projects/facerecognition_dtu/data/sub-10/ses-mri/func/register.dat
srcregold = 0
srcwarp unspecified
surf = white
hemi = lh
ProjFrac = 0.5
thickness = thickness
reshape = 0
interp = nearest
float2int = round
GetProjMax = 0
INFO: float2int code = 0
INFO: changing type to float
Done loading volume
INFO: This REGISTER_DAT transform is valid only for volumes between  COR types with c_(r,a,s) = 0.
Input reg is register.dat
-------- original matrix -----------
 0.99961   0.01452  -0.02395   1.20891;
 0.02757  -0.36032   0.93242  -36.67409;
 0.00491  -0.93272  -0.36058  -14.06443;
 0.00000   0.00000   0.00000   1.00000;
-------- original matrix -----------
Reading surface /mrhome/jesperdn/INN_JESPER/projects/facerecognition/freesurfer/sub-10/surf/lh.white
Done reading source surface
Reading thickness /mrhome/jesperdn/INN_JESPER/projects/facerecognition/freesurfer/sub-10/surf/lh.thickness
Done
Mapping Source Volume onto Source Subject Surface
 1 0 0 1
using old
 2 0.1 0 1
using old
 3 0.2 0 1
using old
 4 0.3 0 1
using old
 5 0.4 0 1
using old
 6 0.5 0 1
using old
 7 0.6 0 1
using old
 8 0.7 0 1
using old
 9 0.8 0 1
using old
10 0.9 0 1
using old
Done mapping volume to surface
Number of source voxels hit = 11392
Writing to /mrhome/jesperdn/INN_JESPER/projects/facerecognition_dtu/data/sub-10/ses-mri/func/surf_lh_sasub-10_ses-mri_task-facerecognition_run-02_bold.nii
Dim: 139338 1 1
srcvol = /mrhome/jesperdn/INN_JESPER/projects/facerecognition_dtu/data/sub-10/ses-mri/func/sasub-10_ses-mri_task-facerecognition_run-02_bold.nii
srcreg = /mrhome/jesperdn/INN_JESPER/projects/facerecognition_dtu/data/sub-10/ses-mri/func/register.dat
srcregold = 0
srcwarp unspecified
surf = white
hemi = rh
ProjFrac = 0.5
thickness = thickness
reshape = 0
interp = nearest
float2int = round
GetProjMax = 0
INFO: float2int code = 0
INFO: changing type to float
Done loading volume
INFO: This REGISTER_DAT transform is valid only for volumes between  COR types with c_(r,a,s) = 0.
Input reg is register.dat
-------- original matrix -----------
 0.99961   0.01452  -0.02395   1.20891;
 0.02757  -0.36032   0.93242  -36.67409;
 0.00491  -0.93272  -0.36058  -14.06443;
 0.00000   0.00000   0.00000   1.00000;
-------- original matrix -----------
Reading surface /mrhome/jesperdn/INN_JESPER/projects/facerecognition/freesurfer/sub-10/surf/rh.white
Done reading source surface
Reading thickness /mrhome/jesperdn/INN_JESPER/projects/facerecognition/freesurfer/sub-10/surf/rh.thickness
Done
Mapping Source Volume onto Source Subject Surface
 1 0 0 1
using old
 2 0.1 0 1
using old
 3 0.2 0 1
using old
 4 0.3 0 1
using old
 5 0.4 0 1
using old
 6 0.5 0 1
using old
 7 0.6 0 1
using old
 8 0.7 0 1
using old
 9 0.8 0 1
using old
10 0.9 0 1
using old
Done mapping volume to surface
Number of source voxels hit = 11489
Writing to /mrhome/jesperdn/INN_JESPER/projects/facerecognition_dtu/data/sub-10/ses-mri/func/surf_rh_sasub-10_ses-mri_task-facerecognition_run-02_bold.nii
Dim: 141130 1 1
    Reading a source space...
    Computing patch statistics...
    Patch information added...
    [done]
    Reading a source space...
    Computing patch statistics...
    Patch information added...
    [done]
    2 source spaces read
Writing STC to disk...
[done]
srcvol = /mrhome/jesperdn/INN_JESPER/projects/facerecognition_dtu/data/sub-10/ses-mri/func/sasub-10_ses-mri_task-facerecognition_run-03_bold.nii
srcreg = /mrhome/jesperdn/INN_JESPER/projects/facerecognition_dtu/data/sub-10/ses-mri/func/register.dat
srcregold = 0
srcwarp unspecified
surf = white
hemi = lh
ProjFrac = 0.5
thickness = thickness
reshape = 0
interp = nearest
float2int = round
GetProjMax = 0
INFO: float2int code = 0
INFO: changing type to float
Done loading volume
INFO: This REGISTER_DAT transform is valid only for volumes between  COR types with c_(r,a,s) = 0.
Input reg is register.dat
-------- original matrix -----------
 0.99961   0.01452  -0.02395   1.20891;
 0.02757  -0.36032   0.93242  -36.67409;
 0.00491  -0.93272  -0.36058  -14.06443;
 0.00000   0.00000   0.00000   1.00000;
-------- original matrix -----------
Reading surface /mrhome/jesperdn/INN_JESPER/projects/facerecognition/freesurfer/sub-10/surf/lh.white
Done reading source surface
Reading thickness /mrhome/jesperdn/INN_JESPER/projects/facerecognition/freesurfer/sub-10/surf/lh.thickness
Done
Mapping Source Volume onto Source Subject Surface
 1 0 0 1
using old
 2 0.1 0 1
using old
 3 0.2 0 1
using old
 4 0.3 0 1
using old
 5 0.4 0 1
using old
 6 0.5 0 1
using old
 7 0.6 0 1
using old
 8 0.7 0 1
using old
 9 0.8 0 1
using old
10 0.9 0 1
using old
Done mapping volume to surface
Number of source voxels hit = 11392
Writing to /mrhome/jesperdn/INN_JESPER/projects/facerecognition_dtu/data/sub-10/ses-mri/func/surf_lh_sasub-10_ses-mri_task-facerecognition_run-03_bold.nii
Dim: 139338 1 1
srcvol = /mrhome/jesperdn/INN_JESPER/projects/facerecognition_dtu/data/sub-10/ses-mri/func/sasub-10_ses-mri_task-facerecognition_run-03_bold.nii
srcreg = /mrhome/jesperdn/INN_JESPER/projects/facerecognition_dtu/data/sub-10/ses-mri/func/register.dat
srcregold = 0
srcwarp unspecified
surf = white
hemi = rh
ProjFrac = 0.5
thickness = thickness
reshape = 0
interp = nearest
float2int = round
GetProjMax = 0
INFO: float2int code = 0
INFO: changing type to float
Done loading volume
INFO: This REGISTER_DAT transform is valid only for volumes between  COR types with c_(r,a,s) = 0.
Input reg is register.dat
-------- original matrix -----------
 0.99961   0.01452  -0.02395   1.20891;
 0.02757  -0.36032   0.93242  -36.67409;
 0.00491  -0.93272  -0.36058  -14.06443;
 0.00000   0.00000   0.00000   1.00000;
-------- original matrix -----------
Reading surface /mrhome/jesperdn/INN_JESPER/projects/facerecognition/freesurfer/sub-10/surf/rh.white
Done reading source surface
Reading thickness /mrhome/jesperdn/INN_JESPER/projects/facerecognition/freesurfer/sub-10/surf/rh.thickness
Done
Mapping Source Volume onto Source Subject Surface
 1 0 0 1
using old
 2 0.1 0 1
using old
 3 0.2 0 1
using old
 4 0.3 0 1
using old
 5 0.4 0 1
using old
 6 0.5 0 1
using old
 7 0.6 0 1
using old
 8 0.7 0 1
using old
 9 0.8 0 1
using old
10 0.9 0 1
using old
Done mapping volume to surface
Number of source voxels hit = 11489
Writing to /mrhome/jesperdn/INN_JESPER/projects/facerecognition_dtu/data/sub-10/ses-mri/func/surf_rh_sasub-10_ses-mri_task-facerecognition_run-03_bold.nii
Dim: 141130 1 1
    Reading a source space...
    Computing patch statistics...
    Patch information added...
    [done]
    Reading a source space...
    Computing patch statistics...
    Patch information added...
    [done]
    2 source spaces read
Writing STC to disk...
[done]
srcvol = /mrhome/jesperdn/INN_JESPER/projects/facerecognition_dtu/data/sub-10/ses-mri/func/sasub-10_ses-mri_task-facerecognition_run-04_bold.nii
srcreg = /mrhome/jesperdn/INN_JESPER/projects/facerecognition_dtu/data/sub-10/ses-mri/func/register.dat
srcregold = 0
srcwarp unspecified
surf = white
hemi = lh
ProjFrac = 0.5
thickness = thickness
reshape = 0
interp = nearest
float2int = round
GetProjMax = 0
INFO: float2int code = 0
INFO: changing type to float
Done loading volume
INFO: This REGISTER_DAT transform is valid only for volumes between  COR types with c_(r,a,s) = 0.
Input reg is register.dat
-------- original matrix -----------
 0.99961   0.01452  -0.02395   1.20891;
 0.02757  -0.36032   0.93242  -36.67409;
 0.00491  -0.93272  -0.36058  -14.06443;
 0.00000   0.00000   0.00000   1.00000;
-------- original matrix -----------
Reading surface /mrhome/jesperdn/INN_JESPER/projects/facerecognition/freesurfer/sub-10/surf/lh.white
Done reading source surface
Reading thickness /mrhome/jesperdn/INN_JESPER/projects/facerecognition/freesurfer/sub-10/surf/lh.thickness
Done
Mapping Source Volume onto Source Subject Surface
 1 0 0 1
using old
 2 0.1 0 1
using old
 3 0.2 0 1
using old
 4 0.3 0 1
using old
 5 0.4 0 1
using old
 6 0.5 0 1
using old
 7 0.6 0 1
using old
 8 0.7 0 1
using old
 9 0.8 0 1
using old
10 0.9 0 1
using old
Done mapping volume to surface
Number of source voxels hit = 11392
Writing to /mrhome/jesperdn/INN_JESPER/projects/facerecognition_dtu/data/sub-10/ses-mri/func/surf_lh_sasub-10_ses-mri_task-facerecognition_run-04_bold.nii
Dim: 139338 1 1
srcvol = /mrhome/jesperdn/INN_JESPER/projects/facerecognition_dtu/data/sub-10/ses-mri/func/sasub-10_ses-mri_task-facerecognition_run-04_bold.nii
srcreg = /mrhome/jesperdn/INN_JESPER/projects/facerecognition_dtu/data/sub-10/ses-mri/func/register.dat
srcregold = 0
srcwarp unspecified
surf = white
hemi = rh
ProjFrac = 0.5
thickness = thickness
reshape = 0
interp = nearest
float2int = round
GetProjMax = 0
INFO: float2int code = 0
INFO: changing type to float
Done loading volume
INFO: This REGISTER_DAT transform is valid only for volumes between  COR types with c_(r,a,s) = 0.
Input reg is register.dat
-------- original matrix -----------
 0.99961   0.01452  -0.02395   1.20891;
 0.02757  -0.36032   0.93242  -36.67409;
 0.00491  -0.93272  -0.36058  -14.06443;
 0.00000   0.00000   0.00000   1.00000;
-------- original matrix -----------
Reading surface /mrhome/jesperdn/INN_JESPER/projects/facerecognition/freesurfer/sub-10/surf/rh.white
Done reading source surface
Reading thickness /mrhome/jesperdn/INN_JESPER/projects/facerecognition/freesurfer/sub-10/surf/rh.thickness
Done
Mapping Source Volume onto Source Subject Surface
 1 0 0 1
using old
 2 0.1 0 1
using old
 3 0.2 0 1
using old
 4 0.3 0 1
using old
 5 0.4 0 1
using old
 6 0.5 0 1
using old
 7 0.6 0 1
using old
 8 0.7 0 1
using old
 9 0.8 0 1
using old
10 0.9 0 1
using old
Done mapping volume to surface
Number of source voxels hit = 11489
Writing to /mrhome/jesperdn/INN_JESPER/projects/facerecognition_dtu/data/sub-10/ses-mri/func/surf_rh_sasub-10_ses-mri_task-facerecognition_run-04_bold.nii
Dim: 141130 1 1
    Reading a source space...
    Computing patch statistics...
    Patch information added...
    [done]
    Reading a source space...
    Computing patch statistics...
    Patch information added...
    [done]
    2 source spaces read
Writing STC to disk...
[done]
srcvol = /mrhome/jesperdn/INN_JESPER/projects/facerecognition_dtu/data/sub-10/ses-mri/func/sasub-10_ses-mri_task-facerecognition_run-05_bold.nii
srcreg = /mrhome/jesperdn/INN_JESPER/projects/facerecognition_dtu/data/sub-10/ses-mri/func/register.dat
srcregold = 0
srcwarp unspecified
surf = white
hemi = lh
ProjFrac = 0.5
thickness = thickness
reshape = 0
interp = nearest
float2int = round
GetProjMax = 0
INFO: float2int code = 0
INFO: changing type to float
Done loading volume
INFO: This REGISTER_DAT transform is valid only for volumes between  COR types with c_(r,a,s) = 0.
Input reg is register.dat
-------- original matrix -----------
 0.99961   0.01452  -0.02395   1.20891;
 0.02757  -0.36032   0.93242  -36.67409;
 0.00491  -0.93272  -0.36058  -14.06443;
 0.00000   0.00000   0.00000   1.00000;
-------- original matrix -----------
Reading surface /mrhome/jesperdn/INN_JESPER/projects/facerecognition/freesurfer/sub-10/surf/lh.white
Done reading source surface
Reading thickness /mrhome/jesperdn/INN_JESPER/projects/facerecognition/freesurfer/sub-10/surf/lh.thickness
Done
Mapping Source Volume onto Source Subject Surface
 1 0 0 1
using old
 2 0.1 0 1
using old
 3 0.2 0 1
using old
 4 0.3 0 1
using old
 5 0.4 0 1
using old
 6 0.5 0 1
using old
 7 0.6 0 1
using old
 8 0.7 0 1
using old
 9 0.8 0 1
using old
10 0.9 0 1
using old
Done mapping volume to surface
Number of source voxels hit = 11392
Writing to /mrhome/jesperdn/INN_JESPER/projects/facerecognition_dtu/data/sub-10/ses-mri/func/surf_lh_sasub-10_ses-mri_task-facerecognition_run-05_bold.nii
Dim: 139338 1 1
srcvol = /mrhome/jesperdn/INN_JESPER/projects/facerecognition_dtu/data/sub-10/ses-mri/func/sasub-10_ses-mri_task-facerecognition_run-05_bold.nii
srcreg = /mrhome/jesperdn/INN_JESPER/projects/facerecognition_dtu/data/sub-10/ses-mri/func/register.dat
srcregold = 0
srcwarp unspecified
surf = white
hemi = rh
ProjFrac = 0.5
thickness = thickness
reshape = 0
interp = nearest
float2int = round
GetProjMax = 0
INFO: float2int code = 0
INFO: changing type to float
Done loading volume
INFO: This REGISTER_DAT transform is valid only for volumes between  COR types with c_(r,a,s) = 0.
Input reg is register.dat
-------- original matrix -----------
 0.99961   0.01452  -0.02395   1.20891;
 0.02757  -0.36032   0.93242  -36.67409;
 0.00491  -0.93272  -0.36058  -14.06443;
 0.00000   0.00000   0.00000   1.00000;
-------- original matrix -----------
Reading surface /mrhome/jesperdn/INN_JESPER/projects/facerecognition/freesurfer/sub-10/surf/rh.white
Done reading source surface
Reading thickness /mrhome/jesperdn/INN_JESPER/projects/facerecognition/freesurfer/sub-10/surf/rh.thickness
Done
Mapping Source Volume onto Source Subject Surface
 1 0 0 1
using old
 2 0.1 0 1
using old
 3 0.2 0 1
using old
 4 0.3 0 1
using old
 5 0.4 0 1
using old
 6 0.5 0 1
using old
 7 0.6 0 1
using old
 8 0.7 0 1
using old
 9 0.8 0 1
using old
10 0.9 0 1
using old
Done mapping volume to surface
Number of source voxels hit = 11489
Writing to /mrhome/jesperdn/INN_JESPER/projects/facerecognition_dtu/data/sub-10/ses-mri/func/surf_rh_sasub-10_ses-mri_task-facerecognition_run-05_bold.nii
Dim: 141130 1 1
    Reading a source space...
    Computing patch statistics...
    Patch information added...
    [done]
    Reading a source space...
    Computing patch statistics...
    Patch information added...
    [done]
    2 source spaces read
Writing STC to disk...
[done]
srcvol = /mrhome/jesperdn/INN_JESPER/projects/facerecognition_dtu/data/sub-10/ses-mri/func/sasub-10_ses-mri_task-facerecognition_run-06_bold.nii
srcreg = /mrhome/jesperdn/INN_JESPER/projects/facerecognition_dtu/data/sub-10/ses-mri/func/register.dat
srcregold = 0
srcwarp unspecified
surf = white
hemi = lh
ProjFrac = 0.5
thickness = thickness
reshape = 0
interp = nearest
float2int = round
GetProjMax = 0
INFO: float2int code = 0
INFO: changing type to float
Done loading volume
INFO: This REGISTER_DAT transform is valid only for volumes between  COR types with c_(r,a,s) = 0.
Input reg is register.dat
-------- original matrix -----------
 0.99961   0.01452  -0.02395   1.20891;
 0.02757  -0.36032   0.93242  -36.67409;
 0.00491  -0.93272  -0.36058  -14.06443;
 0.00000   0.00000   0.00000   1.00000;
-------- original matrix -----------
Reading surface /mrhome/jesperdn/INN_JESPER/projects/facerecognition/freesurfer/sub-10/surf/lh.white
Done reading source surface
Reading thickness /mrhome/jesperdn/INN_JESPER/projects/facerecognition/freesurfer/sub-10/surf/lh.thickness
Done
Mapping Source Volume onto Source Subject Surface
 1 0 0 1
using old
 2 0.1 0 1
using old
 3 0.2 0 1
using old
 4 0.3 0 1
using old
 5 0.4 0 1
using old
 6 0.5 0 1
using old
 7 0.6 0 1
using old
 8 0.7 0 1
using old
 9 0.8 0 1
using old
10 0.9 0 1
using old
Done mapping volume to surface
Number of source voxels hit = 11392
Writing to /mrhome/jesperdn/INN_JESPER/projects/facerecognition_dtu/data/sub-10/ses-mri/func/surf_lh_sasub-10_ses-mri_task-facerecognition_run-06_bold.nii
Dim: 139338 1 1
srcvol = /mrhome/jesperdn/INN_JESPER/projects/facerecognition_dtu/data/sub-10/ses-mri/func/sasub-10_ses-mri_task-facerecognition_run-06_bold.nii
srcreg = /mrhome/jesperdn/INN_JESPER/projects/facerecognition_dtu/data/sub-10/ses-mri/func/register.dat
srcregold = 0
srcwarp unspecified
surf = white
hemi = rh
ProjFrac = 0.5
thickness = thickness
reshape = 0
interp = nearest
float2int = round
GetProjMax = 0
INFO: float2int code = 0
INFO: changing type to float
Done loading volume
INFO: This REGISTER_DAT transform is valid only for volumes between  COR types with c_(r,a,s) = 0.
Input reg is register.dat
-------- original matrix -----------
 0.99961   0.01452  -0.02395   1.20891;
 0.02757  -0.36032   0.93242  -36.67409;
 0.00491  -0.93272  -0.36058  -14.06443;
 0.00000   0.00000   0.00000   1.00000;
-------- original matrix -----------
Reading surface /mrhome/jesperdn/INN_JESPER/projects/facerecognition/freesurfer/sub-10/surf/rh.white
Done reading source surface
Reading thickness /mrhome/jesperdn/INN_JESPER/projects/facerecognition/freesurfer/sub-10/surf/rh.thickness
Done
Mapping Source Volume onto Source Subject Surface
 1 0 0 1
using old
 2 0.1 0 1
using old
 3 0.2 0 1
using old
 4 0.3 0 1
using old
 5 0.4 0 1
using old
 6 0.5 0 1
using old
 7 0.6 0 1
using old
 8 0.7 0 1
using old
 9 0.8 0 1
using old
10 0.9 0 1
using old
Done mapping volume to surface
Number of source voxels hit = 11489
Writing to /mrhome/jesperdn/INN_JESPER/projects/facerecognition_dtu/data/sub-10/ses-mri/func/surf_rh_sasub-10_ses-mri_task-facerecognition_run-06_bold.nii
Dim: 141130 1 1
    Reading a source space...
    Computing patch statistics...
    Patch information added...
    [done]
    Reading a source space...
    Computing patch statistics...
    Patch information added...
    [done]
    2 source spaces read
Writing STC to disk...
[done]
srcvol = /mrhome/jesperdn/INN_JESPER/projects/facerecognition_dtu/data/sub-10/ses-mri/func/sasub-10_ses-mri_task-facerecognition_run-07_bold.nii
srcreg = /mrhome/jesperdn/INN_JESPER/projects/facerecognition_dtu/data/sub-10/ses-mri/func/register.dat
srcregold = 0
srcwarp unspecified
surf = white
hemi = lh
ProjFrac = 0.5
thickness = thickness
reshape = 0
interp = nearest
float2int = round
GetProjMax = 0
INFO: float2int code = 0
INFO: changing type to float
Done loading volume
INFO: This REGISTER_DAT transform is valid only for volumes between  COR types with c_(r,a,s) = 0.
Input reg is register.dat
-------- original matrix -----------
 0.99961   0.01452  -0.02395   1.20891;
 0.02757  -0.36032   0.93242  -36.67409;
 0.00491  -0.93272  -0.36058  -14.06443;
 0.00000   0.00000   0.00000   1.00000;
-------- original matrix -----------
Reading surface /mrhome/jesperdn/INN_JESPER/projects/facerecognition/freesurfer/sub-10/surf/lh.white
Done reading source surface
Reading thickness /mrhome/jesperdn/INN_JESPER/projects/facerecognition/freesurfer/sub-10/surf/lh.thickness
Done
Mapping Source Volume onto Source Subject Surface
 1 0 0 1
using old
 2 0.1 0 1
using old
 3 0.2 0 1
using old
 4 0.3 0 1
using old
 5 0.4 0 1
using old
 6 0.5 0 1
using old
 7 0.6 0 1
using old
 8 0.7 0 1
using old
 9 0.8 0 1
using old
10 0.9 0 1
using old
Done mapping volume to surface
Number of source voxels hit = 11392
Writing to /mrhome/jesperdn/INN_JESPER/projects/facerecognition_dtu/data/sub-10/ses-mri/func/surf_lh_sasub-10_ses-mri_task-facerecognition_run-07_bold.nii
Dim: 139338 1 1
srcvol = /mrhome/jesperdn/INN_JESPER/projects/facerecognition_dtu/data/sub-10/ses-mri/func/sasub-10_ses-mri_task-facerecognition_run-07_bold.nii
srcreg = /mrhome/jesperdn/INN_JESPER/projects/facerecognition_dtu/data/sub-10/ses-mri/func/register.dat
srcregold = 0
srcwarp unspecified
surf = white
hemi = rh
ProjFrac = 0.5
thickness = thickness
reshape = 0
interp = nearest
float2int = round
GetProjMax = 0
INFO: float2int code = 0
INFO: changing type to float
Done loading volume
INFO: This REGISTER_DAT transform is valid only for volumes between  COR types with c_(r,a,s) = 0.
Input reg is register.dat
-------- original matrix -----------
 0.99961   0.01452  -0.02395   1.20891;
 0.02757  -0.36032   0.93242  -36.67409;
 0.00491  -0.93272  -0.36058  -14.06443;
 0.00000   0.00000   0.00000   1.00000;
-------- original matrix -----------
Reading surface /mrhome/jesperdn/INN_JESPER/projects/facerecognition/freesurfer/sub-10/surf/rh.white
Done reading source surface
Reading thickness /mrhome/jesperdn/INN_JESPER/projects/facerecognition/freesurfer/sub-10/surf/rh.thickness
Done
Mapping Source Volume onto Source Subject Surface
 1 0 0 1
using old
 2 0.1 0 1
using old
 3 0.2 0 1
using old
 4 0.3 0 1
using old
 5 0.4 0 1
using old
 6 0.5 0 1
using old
 7 0.6 0 1
using old
 8 0.7 0 1
using old
 9 0.8 0 1
using old
10 0.9 0 1
using old
Done mapping volume to surface
Number of source voxels hit = 11489
Writing to /mrhome/jesperdn/INN_JESPER/projects/facerecognition_dtu/data/sub-10/ses-mri/func/surf_rh_sasub-10_ses-mri_task-facerecognition_run-07_bold.nii
Dim: 141130 1 1
    Reading a source space...
    Computing patch statistics...
    Patch information added...
    [done]
    Reading a source space...
    Computing patch statistics...
    Patch information added...
    [done]
    2 source spaces read
Writing STC to disk...
[done]
srcvol = /mrhome/jesperdn/INN_JESPER/projects/facerecognition_dtu/data/sub-10/ses-mri/func/sasub-10_ses-mri_task-facerecognition_run-08_bold.nii
srcreg = /mrhome/jesperdn/INN_JESPER/projects/facerecognition_dtu/data/sub-10/ses-mri/func/register.dat
srcregold = 0
srcwarp unspecified
surf = white
hemi = lh
ProjFrac = 0.5
thickness = thickness
reshape = 0
interp = nearest
float2int = round
GetProjMax = 0
INFO: float2int code = 0
INFO: changing type to float
Done loading volume
INFO: This REGISTER_DAT transform is valid only for volumes between  COR types with c_(r,a,s) = 0.
Input reg is register.dat
-------- original matrix -----------
 0.99961   0.01452  -0.02395   1.20891;
 0.02757  -0.36032   0.93242  -36.67409;
 0.00491  -0.93272  -0.36058  -14.06443;
 0.00000   0.00000   0.00000   1.00000;
-------- original matrix -----------
Reading surface /mrhome/jesperdn/INN_JESPER/projects/facerecognition/freesurfer/sub-10/surf/lh.white
Done reading source surface
Reading thickness /mrhome/jesperdn/INN_JESPER/projects/facerecognition/freesurfer/sub-10/surf/lh.thickness
Done
Mapping Source Volume onto Source Subject Surface
 1 0 0 1
using old
 2 0.1 0 1
using old
 3 0.2 0 1
using old
 4 0.3 0 1
using old
 5 0.4 0 1
using old
 6 0.5 0 1
using old
 7 0.6 0 1
using old
 8 0.7 0 1
using old
 9 0.8 0 1
using old
10 0.9 0 1
using old
Done mapping volume to surface
Number of source voxels hit = 11392
Writing to /mrhome/jesperdn/INN_JESPER/projects/facerecognition_dtu/data/sub-10/ses-mri/func/surf_lh_sasub-10_ses-mri_task-facerecognition_run-08_bold.nii
Dim: 139338 1 1
srcvol = /mrhome/jesperdn/INN_JESPER/projects/facerecognition_dtu/data/sub-10/ses-mri/func/sasub-10_ses-mri_task-facerecognition_run-08_bold.nii
srcreg = /mrhome/jesperdn/INN_JESPER/projects/facerecognition_dtu/data/sub-10/ses-mri/func/register.dat
srcregold = 0
srcwarp unspecified
surf = white
hemi = rh
ProjFrac = 0.5
thickness = thickness
reshape = 0
interp = nearest
float2int = round
GetProjMax = 0
INFO: float2int code = 0
INFO: changing type to float
Done loading volume
INFO: This REGISTER_DAT transform is valid only for volumes between  COR types with c_(r,a,s) = 0.
Input reg is register.dat
-------- original matrix -----------
 0.99961   0.01452  -0.02395   1.20891;
 0.02757  -0.36032   0.93242  -36.67409;
 0.00491  -0.93272  -0.36058  -14.06443;
 0.00000   0.00000   0.00000   1.00000;
-------- original matrix -----------
Reading surface /mrhome/jesperdn/INN_JESPER/projects/facerecognition/freesurfer/sub-10/surf/rh.white
Done reading source surface
Reading thickness /mrhome/jesperdn/INN_JESPER/projects/facerecognition/freesurfer/sub-10/surf/rh.thickness
Done
Mapping Source Volume onto Source Subject Surface
 1 0 0 1
using old
 2 0.1 0 1
using old
 3 0.2 0 1
using old
 4 0.3 0 1
using old
 5 0.4 0 1
using old
 6 0.5 0 1
using old
 7 0.6 0 1
using old
 8 0.7 0 1
using old
 9 0.8 0 1
using old
10 0.9 0 1
using old
Done mapping volume to surface
Number of source voxels hit = 11489
Writing to /mrhome/jesperdn/INN_JESPER/projects/facerecognition_dtu/data/sub-10/ses-mri/func/surf_rh_sasub-10_ses-mri_task-facerecognition_run-08_bold.nii
Dim: 141130 1 1
    Reading a source space...
    Computing patch statistics...
    Patch information added...
    [done]
    Reading a source space...
    Computing patch statistics...
    Patch information added...
    [done]
    2 source spaces read
Writing STC to disk...
[done]
srcvol = /mrhome/jesperdn/INN_JESPER/projects/facerecognition_dtu/data/sub-10/ses-mri/func/sasub-10_ses-mri_task-facerecognition_run-09_bold.nii
srcreg = /mrhome/jesperdn/INN_JESPER/projects/facerecognition_dtu/data/sub-10/ses-mri/func/register.dat
srcregold = 0
srcwarp unspecified
surf = white
hemi = lh
ProjFrac = 0.5
thickness = thickness
reshape = 0
interp = nearest
float2int = round
GetProjMax = 0
INFO: float2int code = 0
INFO: changing type to float
Done loading volume
INFO: This REGISTER_DAT transform is valid only for volumes between  COR types with c_(r,a,s) = 0.
Input reg is register.dat
-------- original matrix -----------
 0.99961   0.01452  -0.02395   1.20891;
 0.02757  -0.36032   0.93242  -36.67409;
 0.00491  -0.93272  -0.36058  -14.06443;
 0.00000   0.00000   0.00000   1.00000;
-------- original matrix -----------
Reading surface /mrhome/jesperdn/INN_JESPER/projects/facerecognition/freesurfer/sub-10/surf/lh.white
Done reading source surface
Reading thickness /mrhome/jesperdn/INN_JESPER/projects/facerecognition/freesurfer/sub-10/surf/lh.thickness
Done
Mapping Source Volume onto Source Subject Surface
 1 0 0 1
using old
 2 0.1 0 1
using old
 3 0.2 0 1
using old
 4 0.3 0 1
using old
 5 0.4 0 1
using old
 6 0.5 0 1
using old
 7 0.6 0 1
using old
 8 0.7 0 1
using old
 9 0.8 0 1
using old
10 0.9 0 1
using old
Done mapping volume to surface
Number of source voxels hit = 11392
Writing to /mrhome/jesperdn/INN_JESPER/projects/facerecognition_dtu/data/sub-10/ses-mri/func/surf_lh_sasub-10_ses-mri_task-facerecognition_run-09_bold.nii
Dim: 139338 1 1
srcvol = /mrhome/jesperdn/INN_JESPER/projects/facerecognition_dtu/data/sub-10/ses-mri/func/sasub-10_ses-mri_task-facerecognition_run-09_bold.nii
srcreg = /mrhome/jesperdn/INN_JESPER/projects/facerecognition_dtu/data/sub-10/ses-mri/func/register.dat
srcregold = 0
srcwarp unspecified
surf = white
hemi = rh
ProjFrac = 0.5
thickness = thickness
reshape = 0
interp = nearest
float2int = round
GetProjMax = 0
INFO: float2int code = 0
INFO: changing type to float
Done loading volume
INFO: This REGISTER_DAT transform is valid only for volumes between  COR types with c_(r,a,s) = 0.
Input reg is register.dat
-------- original matrix -----------
 0.99961   0.01452  -0.02395   1.20891;
 0.02757  -0.36032   0.93242  -36.67409;
 0.00491  -0.93272  -0.36058  -14.06443;
 0.00000   0.00000   0.00000   1.00000;
-------- original matrix -----------
Reading surface /mrhome/jesperdn/INN_JESPER/projects/facerecognition/freesurfer/sub-10/surf/rh.white
Done reading source surface
Reading thickness /mrhome/jesperdn/INN_JESPER/projects/facerecognition/freesurfer/sub-10/surf/rh.thickness
Done
Mapping Source Volume onto Source Subject Surface
 1 0 0 1
using old
 2 0.1 0 1
using old
 3 0.2 0 1
using old
 4 0.3 0 1
using old
 5 0.4 0 1
using old
 6 0.5 0 1
using old
 7 0.6 0 1
using old
 8 0.7 0 1
using old
 9 0.8 0 1
using old
10 0.9 0 1
using old
Done mapping volume to surface
Number of source voxels hit = 11489
Writing to /mrhome/jesperdn/INN_JESPER/projects/facerecognition_dtu/data/sub-10/ses-mri/func/surf_rh_sasub-10_ses-mri_task-facerecognition_run-09_bold.nii
Dim: 141130 1 1
    Reading a source space...
    Computing patch statistics...
    Patch information added...
    [done]
    Reading a source space...
    Computing patch statistics...
    Patch information added...
    [done]
    2 source spaces read
Writing STC to disk...
[done]
Done
