/mrhome/jesperdn/miniconda3/envs/simnibs/lib/python3.9/site-packages/scipy/__init__.py:146: UserWarning: A NumPy version >=1.16.5 and <1.23.0 is required for this version of SciPy (detected version 1.23.5
  warnings.warn(f"A NumPy version >={np_minversion} and <{np_maxversion}"
Processing
Run : 01
Resolving symbolic link: /mrhome/jesperdn/INN_JESPER/DATASETS/nobackup/openneuro/ds000117/derivatives/meg_derivatives/sub-12/ses-meg/meg/sub-12_ses-meg_task-facerecognition_run-01_proc-sss_meg.fif -> /mnt/newprojects/INN/jesper/DATASETS/nobackup/openneuro/ds000117/.git/annex/objects/zw/10/MD5E-s881568215--e13d826832665d8f3b4fe5d826d2567f.fif/MD5E-s881568215--e13d826832665d8f3b4fe5d826d2567f.fif
Opening raw data file /mnt/newprojects/INN/jesper/DATASETS/nobackup/openneuro/ds000117/.git/annex/objects/zw/10/MD5E-s881568215--e13d826832665d8f3b4fe5d826d2567f.fif/MD5E-s881568215--e13d826832665d8f3b4fe5d826d2567f.fif...
/mrhome/jesperdn/project_tools/python/projects/facerecognition_dtu/preprocess.py:138: RuntimeWarning: This filename (/mnt/newprojects/INN/jesper/DATASETS/nobackup/openneuro/ds000117/.git/annex/objects/zw/10/MD5E-s881568215--e13d826832665d8f3b4fe5d826d2567f.fif/MD5E-s881568215--e13d826832665d8f3b4fe5d826d2567f.fif) does not conform to MNE naming conventions. All raw files should end with raw.fif, raw_sss.fif, raw_tsss.fif, _meg.fif, _eeg.fif, _ieeg.fif, raw.fif.gz, raw_sss.fif.gz, raw_tsss.fif.gz, _meg.fif.gz, _eeg.fif.gz or _ieeg.fif.gz
  raw = mne_bids.read_raw_bids(bids_path=io.bids["meg"])
    Range : 189200 ... 730399 =    172.000 ...   663.999 secs
Ready.
Reading events from /mrhome/jesperdn/INN_JESPER/DATASETS/nobackup/openneuro/ds000117/derivatives/meg_derivatives/sub-12/ses-meg/meg/sub-12_ses-meg_task-facerecognition_run-01_proc-sss_events.tsv.
/mrhome/jesperdn/project_tools/python/projects/facerecognition_dtu/preprocess.py:138: RuntimeWarning: The events file, /mrhome/jesperdn/INN_JESPER/DATASETS/nobackup/openneuro/ds000117/derivatives/meg_derivatives/sub-12/ses-meg/meg/sub-12_ses-meg_task-facerecognition_run-01_proc-sss_events.tsv, contains a "stim_type" column. This column should be renamed to "trial_type" for BIDS compatibility.
  raw = mne_bids.read_raw_bids(bids_path=io.bids["meg"])
/mrhome/jesperdn/project_tools/python/projects/facerecognition_dtu/preprocess.py:138: RuntimeWarning: Did not find any channels.tsv associated with sub-12_ses-meg_task-facerecognition_run-01_proc-sss.

The search_str was "/mrhome/jesperdn/INN_JESPER/DATASETS/nobackup/openneuro/ds000117/derivatives/meg_derivatives/sub-12/**/meg/sub-12_ses-meg*channels.tsv"
  raw = mne_bids.read_raw_bids(bids_path=io.bids["meg"])
/mrhome/jesperdn/project_tools/python/projects/facerecognition_dtu/preprocess.py:138: RuntimeWarning: participants.tsv file not found for /mnt/newprojects/INN/jesper/DATASETS/nobackup/openneuro/ds000117/.git/annex/objects/zw/10/MD5E-s881568215--e13d826832665d8f3b4fe5d826d2567f.fif/MD5E-s881568215--e13d826832665d8f3b4fe5d826d2567f.fif
  raw = mne_bids.read_raw_bids(bids_path=io.bids["meg"])
Reading 0 ... 541199  =      0.000 ...   491.999 secs...
Filtering raw data in 1 contiguous segment
Setting up band-pass filter from 1 - 40 Hz

FIR filter parameters
---------------------
Designing a one-pass, zero-phase, non-causal bandpass filter:
- Windowed time-domain design (firwin) method
- Hamming window with 0.0194 passband ripple and 53 dB stopband attenuation
- Lower passband edge: 1.00
- Lower transition bandwidth: 1.00 Hz (-6 dB cutoff frequency: 0.50 Hz)
- Upper passband edge: 40.00 Hz
- Upper transition bandwidth: 10.00 Hz (-6 dB cutoff frequency: 45.00 Hz)
- Filter length: 3631 samples (3.301 sec)

[Parallel(n_jobs=1)]: Using backend SequentialBackend with 1 concurrent workers.
[Parallel(n_jobs=1)]: Done   1 out of   1 | elapsed:    0.0s remaining:    0.0s
[Parallel(n_jobs=1)]: Done   2 out of   2 | elapsed:    0.0s remaining:    0.0s
[Parallel(n_jobs=1)]: Done   3 out of   3 | elapsed:    0.0s remaining:    0.0s
[Parallel(n_jobs=1)]: Done   4 out of   4 | elapsed:    0.1s remaining:    0.0s
[Parallel(n_jobs=1)]: Done 376 out of 376 | elapsed:    5.4s finished
Filtering a subset of channels. The highpass and lowpass values in the measurement info will not be updated.
Filtering raw data in 1 contiguous segment
Setting up band-pass filter from 1 - 40 Hz

FIR filter parameters
---------------------
Designing a one-pass, zero-phase, non-causal bandpass filter:
- Windowed time-domain design (firwin) method
- Hamming window with 0.0194 passband ripple and 53 dB stopband attenuation
- Lower passband edge: 1.00
- Lower transition bandwidth: 1.00 Hz (-6 dB cutoff frequency: 0.50 Hz)
- Upper passband edge: 40.00 Hz
- Upper transition bandwidth: 10.00 Hz (-6 dB cutoff frequency: 45.00 Hz)
- Filter length: 3631 samples (3.301 sec)

[Parallel(n_jobs=1)]: Using backend SequentialBackend with 1 concurrent workers.
[Parallel(n_jobs=1)]: Done   1 out of   1 | elapsed:    0.0s remaining:    0.0s
[Parallel(n_jobs=1)]: Done   2 out of   2 | elapsed:    0.0s remaining:    0.0s
[Parallel(n_jobs=1)]: Done   3 out of   3 | elapsed:    0.1s remaining:    0.0s
[Parallel(n_jobs=1)]: Done   3 out of   3 | elapsed:    0.1s finished
/mrhome/jesperdn/project_tools/python/projects/facerecognition_dtu/preprocess.py:53: RuntimeWarning: No bad channels to interpolate. Doing nothing...
  raw = raw.interpolate_bads()
EEG channel type selected for re-referencing
Adding average EEG reference projection.
1 projection items deactivated
Average reference projection was added, but has not been applied yet. Use the apply_proj method to apply it.
Epoching...
Not setting metadata
146 matching events found
No baseline correction applied
Created an SSP operator (subspace dimension = 1)
1 projection items activated
Using data from preloaded Raw for 146 events and 991 original time points ...
    Rejecting  epoch based on EOG : ['VEOG']
1 bad epochs dropped
Run : 02
Resolving symbolic link: /mrhome/jesperdn/INN_JESPER/DATASETS/nobackup/openneuro/ds000117/derivatives/meg_derivatives/sub-12/ses-meg/meg/sub-12_ses-meg_task-facerecognition_run-02_proc-sss_meg.fif -> /mnt/newprojects/INN/jesper/DATASETS/nobackup/openneuro/ds000117/.git/annex/objects/Fz/7g/MD5E-s885122523--54b86673ffe095b0ef241f1d89d11733.fif/MD5E-s885122523--54b86673ffe095b0ef241f1d89d11733.fif
Opening raw data file /mnt/newprojects/INN/jesper/DATASETS/nobackup/openneuro/ds000117/.git/annex/objects/Fz/7g/MD5E-s885122523--54b86673ffe095b0ef241f1d89d11733.fif/MD5E-s885122523--54b86673ffe095b0ef241f1d89d11733.fif...
/mrhome/jesperdn/project_tools/python/projects/facerecognition_dtu/preprocess.py:138: RuntimeWarning: This filename (/mnt/newprojects/INN/jesper/DATASETS/nobackup/openneuro/ds000117/.git/annex/objects/Fz/7g/MD5E-s885122523--54b86673ffe095b0ef241f1d89d11733.fif/MD5E-s885122523--54b86673ffe095b0ef241f1d89d11733.fif) does not conform to MNE naming conventions. All raw files should end with raw.fif, raw_sss.fif, raw_tsss.fif, _meg.fif, _eeg.fif, _ieeg.fif, raw.fif.gz, raw_sss.fif.gz, raw_tsss.fif.gz, _meg.fif.gz, _eeg.fif.gz or _ieeg.fif.gz
  raw = mne_bids.read_raw_bids(bids_path=io.bids["meg"])
    Range : 123200 ... 666599 =    112.000 ...   605.999 secs
Ready.
Reading events from /mrhome/jesperdn/INN_JESPER/DATASETS/nobackup/openneuro/ds000117/derivatives/meg_derivatives/sub-12/ses-meg/meg/sub-12_ses-meg_task-facerecognition_run-02_proc-sss_events.tsv.
/mrhome/jesperdn/project_tools/python/projects/facerecognition_dtu/preprocess.py:138: RuntimeWarning: The events file, /mrhome/jesperdn/INN_JESPER/DATASETS/nobackup/openneuro/ds000117/derivatives/meg_derivatives/sub-12/ses-meg/meg/sub-12_ses-meg_task-facerecognition_run-02_proc-sss_events.tsv, contains a "stim_type" column. This column should be renamed to "trial_type" for BIDS compatibility.
  raw = mne_bids.read_raw_bids(bids_path=io.bids["meg"])
/mrhome/jesperdn/project_tools/python/projects/facerecognition_dtu/preprocess.py:138: RuntimeWarning: Did not find any channels.tsv associated with sub-12_ses-meg_task-facerecognition_run-02_proc-sss.

The search_str was "/mrhome/jesperdn/INN_JESPER/DATASETS/nobackup/openneuro/ds000117/derivatives/meg_derivatives/sub-12/**/meg/sub-12_ses-meg*channels.tsv"
  raw = mne_bids.read_raw_bids(bids_path=io.bids["meg"])
/mrhome/jesperdn/project_tools/python/projects/facerecognition_dtu/preprocess.py:138: RuntimeWarning: participants.tsv file not found for /mnt/newprojects/INN/jesper/DATASETS/nobackup/openneuro/ds000117/.git/annex/objects/Fz/7g/MD5E-s885122523--54b86673ffe095b0ef241f1d89d11733.fif/MD5E-s885122523--54b86673ffe095b0ef241f1d89d11733.fif
  raw = mne_bids.read_raw_bids(bids_path=io.bids["meg"])
Reading 0 ... 543399  =      0.000 ...   493.999 secs...
Filtering raw data in 1 contiguous segment
Setting up band-pass filter from 1 - 40 Hz

FIR filter parameters
---------------------
Designing a one-pass, zero-phase, non-causal bandpass filter:
- Windowed time-domain design (firwin) method
- Hamming window with 0.0194 passband ripple and 53 dB stopband attenuation
- Lower passband edge: 1.00
- Lower transition bandwidth: 1.00 Hz (-6 dB cutoff frequency: 0.50 Hz)
- Upper passband edge: 40.00 Hz
- Upper transition bandwidth: 10.00 Hz (-6 dB cutoff frequency: 45.00 Hz)
- Filter length: 3631 samples (3.301 sec)

[Parallel(n_jobs=1)]: Using backend SequentialBackend with 1 concurrent workers.
[Parallel(n_jobs=1)]: Done   1 out of   1 | elapsed:    0.0s remaining:    0.0s
[Parallel(n_jobs=1)]: Done   2 out of   2 | elapsed:    0.0s remaining:    0.0s
[Parallel(n_jobs=1)]: Done   3 out of   3 | elapsed:    0.0s remaining:    0.0s
[Parallel(n_jobs=1)]: Done   4 out of   4 | elapsed:    0.1s remaining:    0.0s
[Parallel(n_jobs=1)]: Done 376 out of 376 | elapsed:    5.3s finished
Filtering a subset of channels. The highpass and lowpass values in the measurement info will not be updated.
Filtering raw data in 1 contiguous segment
Setting up band-pass filter from 1 - 40 Hz

FIR filter parameters
---------------------
Designing a one-pass, zero-phase, non-causal bandpass filter:
- Windowed time-domain design (firwin) method
- Hamming window with 0.0194 passband ripple and 53 dB stopband attenuation
- Lower passband edge: 1.00
- Lower transition bandwidth: 1.00 Hz (-6 dB cutoff frequency: 0.50 Hz)
- Upper passband edge: 40.00 Hz
- Upper transition bandwidth: 10.00 Hz (-6 dB cutoff frequency: 45.00 Hz)
- Filter length: 3631 samples (3.301 sec)

[Parallel(n_jobs=1)]: Using backend SequentialBackend with 1 concurrent workers.
[Parallel(n_jobs=1)]: Done   1 out of   1 | elapsed:    0.0s remaining:    0.0s
[Parallel(n_jobs=1)]: Done   2 out of   2 | elapsed:    0.0s remaining:    0.0s
[Parallel(n_jobs=1)]: Done   3 out of   3 | elapsed:    0.0s remaining:    0.0s
[Parallel(n_jobs=1)]: Done   3 out of   3 | elapsed:    0.0s finished
/mrhome/jesperdn/project_tools/python/projects/facerecognition_dtu/preprocess.py:53: RuntimeWarning: No bad channels to interpolate. Doing nothing...
  raw = raw.interpolate_bads()
EEG channel type selected for re-referencing
Adding average EEG reference projection.
1 projection items deactivated
Average reference projection was added, but has not been applied yet. Use the apply_proj method to apply it.
Epoching...
Not setting metadata
148 matching events found
No baseline correction applied
Created an SSP operator (subspace dimension = 1)
1 projection items activated
Using data from preloaded Raw for 148 events and 991 original time points ...
    Rejecting  epoch based on EOG : ['VEOG']
    Rejecting  epoch based on EOG : ['VEOG']
    Rejecting  epoch based on EOG : ['VEOG']
    Rejecting  epoch based on EOG : ['VEOG']
    Rejecting  epoch based on EOG : ['VEOG']
    Rejecting  epoch based on EOG : ['VEOG']
6 bad epochs dropped
Run : 03
Resolving symbolic link: /mrhome/jesperdn/INN_JESPER/DATASETS/nobackup/openneuro/ds000117/derivatives/meg_derivatives/sub-12/ses-meg/meg/sub-12_ses-meg_task-facerecognition_run-03_proc-sss_meg.fif -> /mnt/newprojects/INN/jesper/DATASETS/nobackup/openneuro/ds000117/.git/annex/objects/49/Pf/MD5E-s886900207--1fc770f5ba7eca5348f8e15bc7f19eae.fif/MD5E-s886900207--1fc770f5ba7eca5348f8e15bc7f19eae.fif
Opening raw data file /mnt/newprojects/INN/jesper/DATASETS/nobackup/openneuro/ds000117/.git/annex/objects/49/Pf/MD5E-s886900207--1fc770f5ba7eca5348f8e15bc7f19eae.fif/MD5E-s886900207--1fc770f5ba7eca5348f8e15bc7f19eae.fif...
/mrhome/jesperdn/project_tools/python/projects/facerecognition_dtu/preprocess.py:138: RuntimeWarning: This filename (/mnt/newprojects/INN/jesper/DATASETS/nobackup/openneuro/ds000117/.git/annex/objects/49/Pf/MD5E-s886900207--1fc770f5ba7eca5348f8e15bc7f19eae.fif/MD5E-s886900207--1fc770f5ba7eca5348f8e15bc7f19eae.fif) does not conform to MNE naming conventions. All raw files should end with raw.fif, raw_sss.fif, raw_tsss.fif, _meg.fif, _eeg.fif, _ieeg.fif, raw.fif.gz, raw_sss.fif.gz, raw_tsss.fif.gz, _meg.fif.gz, _eeg.fif.gz or _ieeg.fif.gz
  raw = mne_bids.read_raw_bids(bids_path=io.bids["meg"])
    Range : 27500 ... 571999 =     25.000 ...   519.999 secs
Ready.
Reading events from /mrhome/jesperdn/INN_JESPER/DATASETS/nobackup/openneuro/ds000117/derivatives/meg_derivatives/sub-12/ses-meg/meg/sub-12_ses-meg_task-facerecognition_run-03_proc-sss_events.tsv.
/mrhome/jesperdn/project_tools/python/projects/facerecognition_dtu/preprocess.py:138: RuntimeWarning: The events file, /mrhome/jesperdn/INN_JESPER/DATASETS/nobackup/openneuro/ds000117/derivatives/meg_derivatives/sub-12/ses-meg/meg/sub-12_ses-meg_task-facerecognition_run-03_proc-sss_events.tsv, contains a "stim_type" column. This column should be renamed to "trial_type" for BIDS compatibility.
  raw = mne_bids.read_raw_bids(bids_path=io.bids["meg"])
/mrhome/jesperdn/project_tools/python/projects/facerecognition_dtu/preprocess.py:138: RuntimeWarning: Did not find any channels.tsv associated with sub-12_ses-meg_task-facerecognition_run-03_proc-sss.

The search_str was "/mrhome/jesperdn/INN_JESPER/DATASETS/nobackup/openneuro/ds000117/derivatives/meg_derivatives/sub-12/**/meg/sub-12_ses-meg*channels.tsv"
  raw = mne_bids.read_raw_bids(bids_path=io.bids["meg"])
/mrhome/jesperdn/project_tools/python/projects/facerecognition_dtu/preprocess.py:138: RuntimeWarning: participants.tsv file not found for /mnt/newprojects/INN/jesper/DATASETS/nobackup/openneuro/ds000117/.git/annex/objects/49/Pf/MD5E-s886900207--1fc770f5ba7eca5348f8e15bc7f19eae.fif/MD5E-s886900207--1fc770f5ba7eca5348f8e15bc7f19eae.fif
  raw = mne_bids.read_raw_bids(bids_path=io.bids["meg"])
Reading 0 ... 544499  =      0.000 ...   494.999 secs...
Filtering raw data in 1 contiguous segment
Setting up band-pass filter from 1 - 40 Hz

FIR filter parameters
---------------------
Designing a one-pass, zero-phase, non-causal bandpass filter:
- Windowed time-domain design (firwin) method
- Hamming window with 0.0194 passband ripple and 53 dB stopband attenuation
- Lower passband edge: 1.00
- Lower transition bandwidth: 1.00 Hz (-6 dB cutoff frequency: 0.50 Hz)
- Upper passband edge: 40.00 Hz
- Upper transition bandwidth: 10.00 Hz (-6 dB cutoff frequency: 45.00 Hz)
- Filter length: 3631 samples (3.301 sec)

[Parallel(n_jobs=1)]: Using backend SequentialBackend with 1 concurrent workers.
[Parallel(n_jobs=1)]: Done   1 out of   1 | elapsed:    0.0s remaining:    0.0s
[Parallel(n_jobs=1)]: Done   2 out of   2 | elapsed:    0.0s remaining:    0.0s
[Parallel(n_jobs=1)]: Done   3 out of   3 | elapsed:    0.0s remaining:    0.0s
[Parallel(n_jobs=1)]: Done   4 out of   4 | elapsed:    0.1s remaining:    0.0s
[Parallel(n_jobs=1)]: Done 376 out of 376 | elapsed:    5.4s finished
Filtering a subset of channels. The highpass and lowpass values in the measurement info will not be updated.
Filtering raw data in 1 contiguous segment
Setting up band-pass filter from 1 - 40 Hz

FIR filter parameters
---------------------
Designing a one-pass, zero-phase, non-causal bandpass filter:
- Windowed time-domain design (firwin) method
- Hamming window with 0.0194 passband ripple and 53 dB stopband attenuation
- Lower passband edge: 1.00
- Lower transition bandwidth: 1.00 Hz (-6 dB cutoff frequency: 0.50 Hz)
- Upper passband edge: 40.00 Hz
- Upper transition bandwidth: 10.00 Hz (-6 dB cutoff frequency: 45.00 Hz)
- Filter length: 3631 samples (3.301 sec)

[Parallel(n_jobs=1)]: Using backend SequentialBackend with 1 concurrent workers.
[Parallel(n_jobs=1)]: Done   1 out of   1 | elapsed:    0.0s remaining:    0.0s
[Parallel(n_jobs=1)]: Done   2 out of   2 | elapsed:    0.0s remaining:    0.0s
[Parallel(n_jobs=1)]: Done   3 out of   3 | elapsed:    0.0s remaining:    0.0s
[Parallel(n_jobs=1)]: Done   3 out of   3 | elapsed:    0.0s finished
/mrhome/jesperdn/project_tools/python/projects/facerecognition_dtu/preprocess.py:53: RuntimeWarning: No bad channels to interpolate. Doing nothing...
  raw = raw.interpolate_bads()
EEG channel type selected for re-referencing
Adding average EEG reference projection.
1 projection items deactivated
Average reference projection was added, but has not been applied yet. Use the apply_proj method to apply it.
Epoching...
Not setting metadata
149 matching events found
No baseline correction applied
Created an SSP operator (subspace dimension = 1)
1 projection items activated
Using data from preloaded Raw for 149 events and 991 original time points ...
    Rejecting  epoch based on EOG : ['HEOG']
    Rejecting  epoch based on EOG : ['VEOG']
    Rejecting  epoch based on EOG : ['VEOG']
    Rejecting  epoch based on EOG : ['VEOG']
    Rejecting  epoch based on EOG : ['VEOG']
    Rejecting  epoch based on EOG : ['VEOG']
    Rejecting  epoch based on EOG : ['VEOG']
    Rejecting  epoch based on EOG : ['HEOG', 'VEOG']
    Rejecting  epoch based on EOG : ['VEOG']
    Rejecting  epoch based on EOG : ['VEOG']
    Rejecting  epoch based on EOG : ['VEOG']
    Rejecting  epoch based on EOG : ['VEOG']
    Rejecting  epoch based on EOG : ['VEOG']
    Rejecting  epoch based on EOG : ['VEOG']
    Rejecting  epoch based on EOG : ['VEOG']
    Rejecting  epoch based on EOG : ['VEOG']
    Rejecting  epoch based on EOG : ['VEOG']
    Rejecting  epoch based on EOG : ['HEOG', 'VEOG']
    Rejecting  epoch based on EOG : ['VEOG']
    Rejecting  epoch based on EOG : ['VEOG']
    Rejecting  epoch based on EOG : ['VEOG']
    Rejecting  epoch based on EOG : ['VEOG']
    Rejecting  epoch based on EOG : ['VEOG']
    Rejecting  epoch based on EOG : ['VEOG']
    Rejecting  epoch based on EOG : ['VEOG']
    Rejecting  epoch based on EOG : ['VEOG']
    Rejecting  epoch based on EOG : ['VEOG']
    Rejecting  epoch based on EOG : ['VEOG']
    Rejecting  epoch based on EOG : ['VEOG']
    Rejecting  epoch based on EOG : ['VEOG']
    Rejecting  epoch based on EOG : ['VEOG']
    Rejecting  epoch based on EOG : ['VEOG']
    Rejecting  epoch based on EOG : ['VEOG']
    Rejecting  epoch based on EOG : ['VEOG']
    Rejecting  epoch based on EOG : ['VEOG']
    Rejecting  epoch based on EOG : ['VEOG']
    Rejecting  epoch based on EOG : ['VEOG']
    Rejecting  epoch based on EOG : ['VEOG']
    Rejecting  epoch based on EOG : ['VEOG']
    Rejecting  epoch based on EOG : ['HEOG']
    Rejecting  epoch based on EOG : ['VEOG']
    Rejecting  epoch based on EOG : ['VEOG']
    Rejecting  epoch based on EOG : ['VEOG']
    Rejecting  epoch based on EOG : ['VEOG']
    Rejecting  epoch based on EOG : ['VEOG']
    Rejecting  epoch based on EOG : ['VEOG']
    Rejecting  epoch based on EOG : ['VEOG']
47 bad epochs dropped
Run : 04
Resolving symbolic link: /mrhome/jesperdn/INN_JESPER/DATASETS/nobackup/openneuro/ds000117/derivatives/meg_derivatives/sub-12/ses-meg/meg/sub-12_ses-meg_task-facerecognition_run-04_proc-sss_meg.fif -> /mnt/newprojects/INN/jesper/DATASETS/nobackup/openneuro/ds000117/.git/annex/objects/2q/pv/MD5E-s895788311--8e73d77ffe7ce7e601d05ac81c9cafb8.fif/MD5E-s895788311--8e73d77ffe7ce7e601d05ac81c9cafb8.fif
Opening raw data file /mnt/newprojects/INN/jesper/DATASETS/nobackup/openneuro/ds000117/.git/annex/objects/2q/pv/MD5E-s895788311--8e73d77ffe7ce7e601d05ac81c9cafb8.fif/MD5E-s895788311--8e73d77ffe7ce7e601d05ac81c9cafb8.fif...
/mrhome/jesperdn/project_tools/python/projects/facerecognition_dtu/preprocess.py:138: RuntimeWarning: This filename (/mnt/newprojects/INN/jesper/DATASETS/nobackup/openneuro/ds000117/.git/annex/objects/2q/pv/MD5E-s895788311--8e73d77ffe7ce7e601d05ac81c9cafb8.fif/MD5E-s895788311--8e73d77ffe7ce7e601d05ac81c9cafb8.fif) does not conform to MNE naming conventions. All raw files should end with raw.fif, raw_sss.fif, raw_tsss.fif, _meg.fif, _eeg.fif, _ieeg.fif, raw.fif.gz, raw_sss.fif.gz, raw_tsss.fif.gz, _meg.fif.gz, _eeg.fif.gz or _ieeg.fif.gz
  raw = mne_bids.read_raw_bids(bids_path=io.bids["meg"])
    Range : 58300 ... 608299 =     53.000 ...   552.999 secs
Ready.
Reading events from /mrhome/jesperdn/INN_JESPER/DATASETS/nobackup/openneuro/ds000117/derivatives/meg_derivatives/sub-12/ses-meg/meg/sub-12_ses-meg_task-facerecognition_run-04_proc-sss_events.tsv.
/mrhome/jesperdn/project_tools/python/projects/facerecognition_dtu/preprocess.py:138: RuntimeWarning: The events file, /mrhome/jesperdn/INN_JESPER/DATASETS/nobackup/openneuro/ds000117/derivatives/meg_derivatives/sub-12/ses-meg/meg/sub-12_ses-meg_task-facerecognition_run-04_proc-sss_events.tsv, contains a "stim_type" column. This column should be renamed to "trial_type" for BIDS compatibility.
  raw = mne_bids.read_raw_bids(bids_path=io.bids["meg"])
/mrhome/jesperdn/project_tools/python/projects/facerecognition_dtu/preprocess.py:138: RuntimeWarning: Did not find any channels.tsv associated with sub-12_ses-meg_task-facerecognition_run-04_proc-sss.

The search_str was "/mrhome/jesperdn/INN_JESPER/DATASETS/nobackup/openneuro/ds000117/derivatives/meg_derivatives/sub-12/**/meg/sub-12_ses-meg*channels.tsv"
  raw = mne_bids.read_raw_bids(bids_path=io.bids["meg"])
/mrhome/jesperdn/project_tools/python/projects/facerecognition_dtu/preprocess.py:138: RuntimeWarning: participants.tsv file not found for /mnt/newprojects/INN/jesper/DATASETS/nobackup/openneuro/ds000117/.git/annex/objects/2q/pv/MD5E-s895788311--8e73d77ffe7ce7e601d05ac81c9cafb8.fif/MD5E-s895788311--8e73d77ffe7ce7e601d05ac81c9cafb8.fif
  raw = mne_bids.read_raw_bids(bids_path=io.bids["meg"])
Reading 0 ... 549999  =      0.000 ...   499.999 secs...
Filtering raw data in 1 contiguous segment
Setting up band-pass filter from 1 - 40 Hz

FIR filter parameters
---------------------
Designing a one-pass, zero-phase, non-causal bandpass filter:
- Windowed time-domain design (firwin) method
- Hamming window with 0.0194 passband ripple and 53 dB stopband attenuation
- Lower passband edge: 1.00
- Lower transition bandwidth: 1.00 Hz (-6 dB cutoff frequency: 0.50 Hz)
- Upper passband edge: 40.00 Hz
- Upper transition bandwidth: 10.00 Hz (-6 dB cutoff frequency: 45.00 Hz)
- Filter length: 3631 samples (3.301 sec)

[Parallel(n_jobs=1)]: Using backend SequentialBackend with 1 concurrent workers.
[Parallel(n_jobs=1)]: Done   1 out of   1 | elapsed:    0.0s remaining:    0.0s
[Parallel(n_jobs=1)]: Done   2 out of   2 | elapsed:    0.0s remaining:    0.0s
[Parallel(n_jobs=1)]: Done   3 out of   3 | elapsed:    0.0s remaining:    0.0s
[Parallel(n_jobs=1)]: Done   4 out of   4 | elapsed:    0.1s remaining:    0.0s
[Parallel(n_jobs=1)]: Done 376 out of 376 | elapsed:    6.1s finished
Filtering a subset of channels. The highpass and lowpass values in the measurement info will not be updated.
Filtering raw data in 1 contiguous segment
Setting up band-pass filter from 1 - 40 Hz

FIR filter parameters
---------------------
Designing a one-pass, zero-phase, non-causal bandpass filter:
- Windowed time-domain design (firwin) method
- Hamming window with 0.0194 passband ripple and 53 dB stopband attenuation
- Lower passband edge: 1.00
- Lower transition bandwidth: 1.00 Hz (-6 dB cutoff frequency: 0.50 Hz)
- Upper passband edge: 40.00 Hz
- Upper transition bandwidth: 10.00 Hz (-6 dB cutoff frequency: 45.00 Hz)
- Filter length: 3631 samples (3.301 sec)

[Parallel(n_jobs=1)]: Using backend SequentialBackend with 1 concurrent workers.
[Parallel(n_jobs=1)]: Done   1 out of   1 | elapsed:    0.0s remaining:    0.0s
[Parallel(n_jobs=1)]: Done   2 out of   2 | elapsed:    0.0s remaining:    0.0s
[Parallel(n_jobs=1)]: Done   3 out of   3 | elapsed:    0.0s remaining:    0.0s
[Parallel(n_jobs=1)]: Done   3 out of   3 | elapsed:    0.0s finished
/mrhome/jesperdn/project_tools/python/projects/facerecognition_dtu/preprocess.py:53: RuntimeWarning: No bad channels to interpolate. Doing nothing...
  raw = raw.interpolate_bads()
EEG channel type selected for re-referencing
Adding average EEG reference projection.
1 projection items deactivated
Average reference projection was added, but has not been applied yet. Use the apply_proj method to apply it.
Epoching...
Not setting metadata
148 matching events found
No baseline correction applied
Created an SSP operator (subspace dimension = 1)
1 projection items activated
Using data from preloaded Raw for 148 events and 991 original time points ...
    Rejecting  epoch based on EOG : ['VEOG']
    Rejecting  epoch based on EOG : ['VEOG']
    Rejecting  epoch based on EOG : ['VEOG']
    Rejecting  epoch based on EOG : ['VEOG']
    Rejecting  epoch based on EOG : ['VEOG']
    Rejecting  epoch based on EOG : ['VEOG']
    Rejecting  epoch based on EOG : ['HEOG']
    Rejecting  epoch based on EOG : ['VEOG']
    Rejecting  epoch based on EOG : ['VEOG']
    Rejecting  epoch based on EOG : ['VEOG']
    Rejecting  epoch based on EOG : ['VEOG']
    Rejecting  epoch based on EOG : ['VEOG']
    Rejecting  epoch based on EOG : ['VEOG']
    Rejecting  epoch based on EOG : ['VEOG']
    Rejecting  epoch based on EOG : ['VEOG']
    Rejecting  epoch based on EOG : ['VEOG']
    Rejecting  epoch based on EOG : ['VEOG']
    Rejecting  epoch based on EOG : ['VEOG']
    Rejecting  epoch based on EOG : ['VEOG']
    Rejecting  epoch based on EOG : ['VEOG']
    Rejecting  epoch based on EOG : ['VEOG']
21 bad epochs dropped
Run : 05
Resolving symbolic link: /mrhome/jesperdn/INN_JESPER/DATASETS/nobackup/openneuro/ds000117/derivatives/meg_derivatives/sub-12/ses-meg/meg/sub-12_ses-meg_task-facerecognition_run-05_proc-sss_meg.fif -> /mnt/newprojects/INN/jesper/DATASETS/nobackup/openneuro/ds000117/.git/annex/objects/8j/9z/MD5E-s890455331--81316c53e0d3c0c2ae922526b075aee1.fif/MD5E-s890455331--81316c53e0d3c0c2ae922526b075aee1.fif
Opening raw data file /mnt/newprojects/INN/jesper/DATASETS/nobackup/openneuro/ds000117/.git/annex/objects/8j/9z/MD5E-s890455331--81316c53e0d3c0c2ae922526b075aee1.fif/MD5E-s890455331--81316c53e0d3c0c2ae922526b075aee1.fif...
/mrhome/jesperdn/project_tools/python/projects/facerecognition_dtu/preprocess.py:138: RuntimeWarning: This filename (/mnt/newprojects/INN/jesper/DATASETS/nobackup/openneuro/ds000117/.git/annex/objects/8j/9z/MD5E-s890455331--81316c53e0d3c0c2ae922526b075aee1.fif/MD5E-s890455331--81316c53e0d3c0c2ae922526b075aee1.fif) does not conform to MNE naming conventions. All raw files should end with raw.fif, raw_sss.fif, raw_tsss.fif, _meg.fif, _eeg.fif, _ieeg.fif, raw.fif.gz, raw_sss.fif.gz, raw_tsss.fif.gz, _meg.fif.gz, _eeg.fif.gz or _ieeg.fif.gz
  raw = mne_bids.read_raw_bids(bids_path=io.bids["meg"])
    Range : 166100 ... 712799 =    151.000 ...   647.999 secs
Ready.
Reading events from /mrhome/jesperdn/INN_JESPER/DATASETS/nobackup/openneuro/ds000117/derivatives/meg_derivatives/sub-12/ses-meg/meg/sub-12_ses-meg_task-facerecognition_run-05_proc-sss_events.tsv.
/mrhome/jesperdn/project_tools/python/projects/facerecognition_dtu/preprocess.py:138: RuntimeWarning: The events file, /mrhome/jesperdn/INN_JESPER/DATASETS/nobackup/openneuro/ds000117/derivatives/meg_derivatives/sub-12/ses-meg/meg/sub-12_ses-meg_task-facerecognition_run-05_proc-sss_events.tsv, contains a "stim_type" column. This column should be renamed to "trial_type" for BIDS compatibility.
  raw = mne_bids.read_raw_bids(bids_path=io.bids["meg"])
/mrhome/jesperdn/project_tools/python/projects/facerecognition_dtu/preprocess.py:138: RuntimeWarning: Did not find any channels.tsv associated with sub-12_ses-meg_task-facerecognition_run-05_proc-sss.

The search_str was "/mrhome/jesperdn/INN_JESPER/DATASETS/nobackup/openneuro/ds000117/derivatives/meg_derivatives/sub-12/**/meg/sub-12_ses-meg*channels.tsv"
  raw = mne_bids.read_raw_bids(bids_path=io.bids["meg"])
/mrhome/jesperdn/project_tools/python/projects/facerecognition_dtu/preprocess.py:138: RuntimeWarning: participants.tsv file not found for /mnt/newprojects/INN/jesper/DATASETS/nobackup/openneuro/ds000117/.git/annex/objects/8j/9z/MD5E-s890455331--81316c53e0d3c0c2ae922526b075aee1.fif/MD5E-s890455331--81316c53e0d3c0c2ae922526b075aee1.fif
  raw = mne_bids.read_raw_bids(bids_path=io.bids["meg"])
Reading 0 ... 546699  =      0.000 ...   496.999 secs...
Filtering raw data in 1 contiguous segment
Setting up band-pass filter from 1 - 40 Hz

FIR filter parameters
---------------------
Designing a one-pass, zero-phase, non-causal bandpass filter:
- Windowed time-domain design (firwin) method
- Hamming window with 0.0194 passband ripple and 53 dB stopband attenuation
- Lower passband edge: 1.00
- Lower transition bandwidth: 1.00 Hz (-6 dB cutoff frequency: 0.50 Hz)
- Upper passband edge: 40.00 Hz
- Upper transition bandwidth: 10.00 Hz (-6 dB cutoff frequency: 45.00 Hz)
- Filter length: 3631 samples (3.301 sec)

[Parallel(n_jobs=1)]: Using backend SequentialBackend with 1 concurrent workers.
[Parallel(n_jobs=1)]: Done   1 out of   1 | elapsed:    0.0s remaining:    0.0s
[Parallel(n_jobs=1)]: Done   2 out of   2 | elapsed:    0.0s remaining:    0.0s
[Parallel(n_jobs=1)]: Done   3 out of   3 | elapsed:    0.0s remaining:    0.0s
[Parallel(n_jobs=1)]: Done   4 out of   4 | elapsed:    0.1s remaining:    0.0s
[Parallel(n_jobs=1)]: Done 376 out of 376 | elapsed:    6.1s finished
Filtering a subset of channels. The highpass and lowpass values in the measurement info will not be updated.
Filtering raw data in 1 contiguous segment
Setting up band-pass filter from 1 - 40 Hz

FIR filter parameters
---------------------
Designing a one-pass, zero-phase, non-causal bandpass filter:
- Windowed time-domain design (firwin) method
- Hamming window with 0.0194 passband ripple and 53 dB stopband attenuation
- Lower passband edge: 1.00
- Lower transition bandwidth: 1.00 Hz (-6 dB cutoff frequency: 0.50 Hz)
- Upper passband edge: 40.00 Hz
- Upper transition bandwidth: 10.00 Hz (-6 dB cutoff frequency: 45.00 Hz)
- Filter length: 3631 samples (3.301 sec)

[Parallel(n_jobs=1)]: Using backend SequentialBackend with 1 concurrent workers.
[Parallel(n_jobs=1)]: Done   1 out of   1 | elapsed:    0.0s remaining:    0.0s
[Parallel(n_jobs=1)]: Done   2 out of   2 | elapsed:    0.0s remaining:    0.0s
[Parallel(n_jobs=1)]: Done   3 out of   3 | elapsed:    0.0s remaining:    0.0s
[Parallel(n_jobs=1)]: Done   3 out of   3 | elapsed:    0.0s finished
/mrhome/jesperdn/project_tools/python/projects/facerecognition_dtu/preprocess.py:53: RuntimeWarning: No bad channels to interpolate. Doing nothing...
  raw = raw.interpolate_bads()
EEG channel type selected for re-referencing
Adding average EEG reference projection.
1 projection items deactivated
Average reference projection was added, but has not been applied yet. Use the apply_proj method to apply it.
Epoching...
Not setting metadata
148 matching events found
No baseline correction applied
Created an SSP operator (subspace dimension = 1)
1 projection items activated
Using data from preloaded Raw for 148 events and 991 original time points ...
    Rejecting  epoch based on EOG : ['VEOG']
    Rejecting  epoch based on EOG : ['VEOG']
    Rejecting  epoch based on EOG : ['VEOG']
    Rejecting  epoch based on EOG : ['VEOG']
    Rejecting  epoch based on EOG : ['VEOG']
    Rejecting  epoch based on EOG : ['VEOG']
    Rejecting  epoch based on EOG : ['VEOG']
    Rejecting  epoch based on EOG : ['VEOG']
    Rejecting  epoch based on EOG : ['VEOG']
    Rejecting  epoch based on EOG : ['VEOG']
    Rejecting  epoch based on EOG : ['VEOG']
    Rejecting  epoch based on EOG : ['VEOG']
    Rejecting  epoch based on EOG : ['VEOG']
    Rejecting  epoch based on EOG : ['VEOG']
    Rejecting  epoch based on EOG : ['VEOG']
    Rejecting  epoch based on EOG : ['VEOG']
    Rejecting  epoch based on EOG : ['HEOG']
    Rejecting  epoch based on EOG : ['VEOG']
    Rejecting  epoch based on EOG : ['VEOG']
    Rejecting  epoch based on EOG : ['VEOG']
    Rejecting  epoch based on EOG : ['VEOG']
    Rejecting  epoch based on EOG : ['VEOG']
    Rejecting  epoch based on EOG : ['VEOG']
    Rejecting  epoch based on EOG : ['VEOG']
    Rejecting  epoch based on EOG : ['HEOG']
    Rejecting  epoch based on EOG : ['VEOG']
    Rejecting  epoch based on EOG : ['VEOG']
    Rejecting  epoch based on EOG : ['HEOG', 'VEOG']
    Rejecting  epoch based on EOG : ['HEOG']
    Rejecting  epoch based on EOG : ['VEOG']
    Rejecting  epoch based on EOG : ['VEOG']
    Rejecting  epoch based on EOG : ['VEOG']
    Rejecting  epoch based on EOG : ['VEOG']
    Rejecting  epoch based on EOG : ['VEOG']
    Rejecting  epoch based on EOG : ['VEOG']
    Rejecting  epoch based on EOG : ['VEOG']
    Rejecting  epoch based on EOG : ['VEOG']
    Rejecting  epoch based on EOG : ['VEOG']
    Rejecting  epoch based on EOG : ['VEOG']
    Rejecting  epoch based on EOG : ['VEOG']
    Rejecting  epoch based on EOG : ['VEOG']
    Rejecting  epoch based on EOG : ['VEOG']
    Rejecting  epoch based on EOG : ['VEOG']
    Rejecting  epoch based on EOG : ['VEOG']
    Rejecting  epoch based on EOG : ['VEOG']
    Rejecting  epoch based on EOG : ['VEOG']
    Rejecting  epoch based on EOG : ['VEOG']
    Rejecting  epoch based on EOG : ['VEOG']
    Rejecting  epoch based on EOG : ['VEOG']
    Rejecting  epoch based on EOG : ['HEOG', 'VEOG']
    Rejecting  epoch based on EOG : ['VEOG']
    Rejecting  epoch based on EOG : ['VEOG']
    Rejecting  epoch based on EOG : ['VEOG']
    Rejecting  epoch based on EOG : ['VEOG']
    Rejecting  epoch based on EOG : ['VEOG']
    Rejecting  epoch based on EOG : ['VEOG']
    Rejecting  epoch based on EOG : ['VEOG']
    Rejecting  epoch based on EOG : ['VEOG']
    Rejecting  epoch based on EOG : ['VEOG']
    Rejecting  epoch based on EOG : ['VEOG']
    Rejecting  epoch based on EOG : ['VEOG']
61 bad epochs dropped
Run : 06
Resolving symbolic link: /mrhome/jesperdn/INN_JESPER/DATASETS/nobackup/openneuro/ds000117/derivatives/meg_derivatives/sub-12/ses-meg/meg/sub-12_ses-meg_task-facerecognition_run-06_proc-sss_meg.fif -> /mnt/newprojects/INN/jesper/DATASETS/nobackup/openneuro/ds000117/.git/annex/objects/01/FZ/MD5E-s881567279--886300a739ce0bd93fe24a0c2ede5394.fif/MD5E-s881567279--886300a739ce0bd93fe24a0c2ede5394.fif
Opening raw data file /mnt/newprojects/INN/jesper/DATASETS/nobackup/openneuro/ds000117/.git/annex/objects/01/FZ/MD5E-s881567279--886300a739ce0bd93fe24a0c2ede5394.fif/MD5E-s881567279--886300a739ce0bd93fe24a0c2ede5394.fif...
/mrhome/jesperdn/project_tools/python/projects/facerecognition_dtu/preprocess.py:138: RuntimeWarning: This filename (/mnt/newprojects/INN/jesper/DATASETS/nobackup/openneuro/ds000117/.git/annex/objects/01/FZ/MD5E-s881567279--886300a739ce0bd93fe24a0c2ede5394.fif/MD5E-s881567279--886300a739ce0bd93fe24a0c2ede5394.fif) does not conform to MNE naming conventions. All raw files should end with raw.fif, raw_sss.fif, raw_tsss.fif, _meg.fif, _eeg.fif, _ieeg.fif, raw.fif.gz, raw_sss.fif.gz, raw_tsss.fif.gz, _meg.fif.gz, _eeg.fif.gz or _ieeg.fif.gz
  raw = mne_bids.read_raw_bids(bids_path=io.bids["meg"])
    Range : 59400 ... 600599 =     54.000 ...   545.999 secs
Ready.
Reading events from /mrhome/jesperdn/INN_JESPER/DATASETS/nobackup/openneuro/ds000117/derivatives/meg_derivatives/sub-12/ses-meg/meg/sub-12_ses-meg_task-facerecognition_run-06_proc-sss_events.tsv.
/mrhome/jesperdn/project_tools/python/projects/facerecognition_dtu/preprocess.py:138: RuntimeWarning: The events file, /mrhome/jesperdn/INN_JESPER/DATASETS/nobackup/openneuro/ds000117/derivatives/meg_derivatives/sub-12/ses-meg/meg/sub-12_ses-meg_task-facerecognition_run-06_proc-sss_events.tsv, contains a "stim_type" column. This column should be renamed to "trial_type" for BIDS compatibility.
  raw = mne_bids.read_raw_bids(bids_path=io.bids["meg"])
/mrhome/jesperdn/project_tools/python/projects/facerecognition_dtu/preprocess.py:138: RuntimeWarning: Did not find any channels.tsv associated with sub-12_ses-meg_task-facerecognition_run-06_proc-sss.

The search_str was "/mrhome/jesperdn/INN_JESPER/DATASETS/nobackup/openneuro/ds000117/derivatives/meg_derivatives/sub-12/**/meg/sub-12_ses-meg*channels.tsv"
  raw = mne_bids.read_raw_bids(bids_path=io.bids["meg"])
/mrhome/jesperdn/project_tools/python/projects/facerecognition_dtu/preprocess.py:138: RuntimeWarning: participants.tsv file not found for /mnt/newprojects/INN/jesper/DATASETS/nobackup/openneuro/ds000117/.git/annex/objects/01/FZ/MD5E-s881567279--886300a739ce0bd93fe24a0c2ede5394.fif/MD5E-s881567279--886300a739ce0bd93fe24a0c2ede5394.fif
  raw = mne_bids.read_raw_bids(bids_path=io.bids["meg"])
Reading 0 ... 541199  =      0.000 ...   491.999 secs...
Filtering raw data in 1 contiguous segment
Setting up band-pass filter from 1 - 40 Hz

FIR filter parameters
---------------------
Designing a one-pass, zero-phase, non-causal bandpass filter:
- Windowed time-domain design (firwin) method
- Hamming window with 0.0194 passband ripple and 53 dB stopband attenuation
- Lower passband edge: 1.00
- Lower transition bandwidth: 1.00 Hz (-6 dB cutoff frequency: 0.50 Hz)
- Upper passband edge: 40.00 Hz
- Upper transition bandwidth: 10.00 Hz (-6 dB cutoff frequency: 45.00 Hz)
- Filter length: 3631 samples (3.301 sec)

[Parallel(n_jobs=1)]: Using backend SequentialBackend with 1 concurrent workers.
[Parallel(n_jobs=1)]: Done   1 out of   1 | elapsed:    0.0s remaining:    0.0s
[Parallel(n_jobs=1)]: Done   2 out of   2 | elapsed:    0.0s remaining:    0.0s
[Parallel(n_jobs=1)]: Done   3 out of   3 | elapsed:    0.1s remaining:    0.0s
[Parallel(n_jobs=1)]: Done   4 out of   4 | elapsed:    0.1s remaining:    0.0s
slurmstepd: error: *** JOB 896187 ON bigger5 CANCELLED AT 2023-02-28T08:59:02 ***
