/mrhome/jesperdn/miniconda3/envs/simnibs/lib/python3.9/site-packages/scipy/__init__.py:146: UserWarning: A NumPy version >=1.16.5 and <1.23.0 is required for this version of SciPy (detected version 1.23.5
  warnings.warn(f"A NumPy version >={np_minversion} and <{np_maxversion}"
Processing
Run : 01
Resolving symbolic link: /mrhome/jesperdn/INN_JESPER/DATASETS/nobackup/openneuro/ds000117/derivatives/meg_derivatives/sub-06/ses-meg/meg/sub-06_ses-meg_task-facerecognition_run-01_proc-sss_meg.fif -> /mnt/newprojects/INN/jesper/DATASETS/nobackup/openneuro/ds000117/.git/annex/objects/5g/X7/MD5E-s876234659--a13a4be1a944d203b19e91fea692619d.fif/MD5E-s876234659--a13a4be1a944d203b19e91fea692619d.fif
Opening raw data file /mnt/newprojects/INN/jesper/DATASETS/nobackup/openneuro/ds000117/.git/annex/objects/5g/X7/MD5E-s876234659--a13a4be1a944d203b19e91fea692619d.fif/MD5E-s876234659--a13a4be1a944d203b19e91fea692619d.fif...
/mrhome/jesperdn/project_tools/python/projects/facerecognition_dtu/preprocess.py:138: RuntimeWarning: This filename (/mnt/newprojects/INN/jesper/DATASETS/nobackup/openneuro/ds000117/.git/annex/objects/5g/X7/MD5E-s876234659--a13a4be1a944d203b19e91fea692619d.fif/MD5E-s876234659--a13a4be1a944d203b19e91fea692619d.fif) does not conform to MNE naming conventions. All raw files should end with raw.fif, raw_sss.fif, raw_tsss.fif, _meg.fif, _eeg.fif, _ieeg.fif, raw.fif.gz, raw_sss.fif.gz, raw_tsss.fif.gz, _meg.fif.gz, _eeg.fif.gz or _ieeg.fif.gz
  raw = mne_bids.read_raw_bids(bids_path=io.bids["meg"])
    Range : 132000 ... 669899 =    120.000 ...   608.999 secs
Ready.
Reading events from /mrhome/jesperdn/INN_JESPER/DATASETS/nobackup/openneuro/ds000117/derivatives/meg_derivatives/sub-06/ses-meg/meg/sub-06_ses-meg_task-facerecognition_run-01_proc-sss_events.tsv.
/mrhome/jesperdn/project_tools/python/projects/facerecognition_dtu/preprocess.py:138: RuntimeWarning: The events file, /mrhome/jesperdn/INN_JESPER/DATASETS/nobackup/openneuro/ds000117/derivatives/meg_derivatives/sub-06/ses-meg/meg/sub-06_ses-meg_task-facerecognition_run-01_proc-sss_events.tsv, contains a "stim_type" column. This column should be renamed to "trial_type" for BIDS compatibility.
  raw = mne_bids.read_raw_bids(bids_path=io.bids["meg"])
/mrhome/jesperdn/project_tools/python/projects/facerecognition_dtu/preprocess.py:138: RuntimeWarning: Did not find any channels.tsv associated with sub-06_ses-meg_task-facerecognition_run-01_proc-sss.

The search_str was "/mrhome/jesperdn/INN_JESPER/DATASETS/nobackup/openneuro/ds000117/derivatives/meg_derivatives/sub-06/**/meg/sub-06_ses-meg*channels.tsv"
  raw = mne_bids.read_raw_bids(bids_path=io.bids["meg"])
/mrhome/jesperdn/project_tools/python/projects/facerecognition_dtu/preprocess.py:138: RuntimeWarning: participants.tsv file not found for /mnt/newprojects/INN/jesper/DATASETS/nobackup/openneuro/ds000117/.git/annex/objects/5g/X7/MD5E-s876234659--a13a4be1a944d203b19e91fea692619d.fif/MD5E-s876234659--a13a4be1a944d203b19e91fea692619d.fif
  raw = mne_bids.read_raw_bids(bids_path=io.bids["meg"])
Reading 0 ... 537899  =      0.000 ...   488.999 secs...
Filtering raw data in 1 contiguous segment
Setting up band-pass filter from 1 - 40 Hz

FIR filter parameters
---------------------
Designing a one-pass, zero-phase, non-causal bandpass filter:
- Windowed time-domain design (firwin) method
- Hamming window with 0.0194 passband ripple and 53 dB stopband attenuation
- Lower passband edge: 1.00
- Lower transition bandwidth: 1.00 Hz (-6 dB cutoff frequency: 0.50 Hz)
- Upper passband edge: 40.00 Hz
- Upper transition bandwidth: 10.00 Hz (-6 dB cutoff frequency: 45.00 Hz)
- Filter length: 3631 samples (3.301 sec)

[Parallel(n_jobs=1)]: Using backend SequentialBackend with 1 concurrent workers.
[Parallel(n_jobs=1)]: Done   1 out of   1 | elapsed:    0.0s remaining:    0.0s
[Parallel(n_jobs=1)]: Done   2 out of   2 | elapsed:    0.0s remaining:    0.0s
[Parallel(n_jobs=1)]: Done   3 out of   3 | elapsed:    0.0s remaining:    0.0s
[Parallel(n_jobs=1)]: Done   4 out of   4 | elapsed:    0.1s remaining:    0.0s
[Parallel(n_jobs=1)]: Done 376 out of 376 | elapsed:    5.0s finished
Filtering a subset of channels. The highpass and lowpass values in the measurement info will not be updated.
Filtering raw data in 1 contiguous segment
Setting up band-pass filter from 1 - 40 Hz

FIR filter parameters
---------------------
Designing a one-pass, zero-phase, non-causal bandpass filter:
- Windowed time-domain design (firwin) method
- Hamming window with 0.0194 passband ripple and 53 dB stopband attenuation
- Lower passband edge: 1.00
- Lower transition bandwidth: 1.00 Hz (-6 dB cutoff frequency: 0.50 Hz)
- Upper passband edge: 40.00 Hz
- Upper transition bandwidth: 10.00 Hz (-6 dB cutoff frequency: 45.00 Hz)
- Filter length: 3631 samples (3.301 sec)

[Parallel(n_jobs=1)]: Using backend SequentialBackend with 1 concurrent workers.
[Parallel(n_jobs=1)]: Done   1 out of   1 | elapsed:    0.0s remaining:    0.0s
[Parallel(n_jobs=1)]: Done   2 out of   2 | elapsed:    0.0s remaining:    0.0s
[Parallel(n_jobs=1)]: Done   3 out of   3 | elapsed:    0.0s remaining:    0.0s
[Parallel(n_jobs=1)]: Done   3 out of   3 | elapsed:    0.0s finished
/mrhome/jesperdn/project_tools/python/projects/facerecognition_dtu/preprocess.py:53: RuntimeWarning: No bad channels to interpolate. Doing nothing...
  raw = raw.interpolate_bads()
EEG channel type selected for re-referencing
Adding average EEG reference projection.
1 projection items deactivated
Average reference projection was added, but has not been applied yet. Use the apply_proj method to apply it.
Epoching...
Not setting metadata
146 matching events found
No baseline correction applied
Created an SSP operator (subspace dimension = 1)
1 projection items activated
Using data from preloaded Raw for 146 events and 991 original time points ...
0 bad epochs dropped
Run : 02
Resolving symbolic link: /mrhome/jesperdn/INN_JESPER/DATASETS/nobackup/openneuro/ds000117/derivatives/meg_derivatives/sub-06/ses-meg/meg/sub-06_ses-meg_task-facerecognition_run-02_proc-sss_meg.fif -> /mnt/newprojects/INN/jesper/DATASETS/nobackup/openneuro/ds000117/.git/annex/objects/mF/qj/MD5E-s872678760--6cd5a18d89caeea4eef348247c38f27c.fif/MD5E-s872678760--6cd5a18d89caeea4eef348247c38f27c.fif
Opening raw data file /mnt/newprojects/INN/jesper/DATASETS/nobackup/openneuro/ds000117/.git/annex/objects/mF/qj/MD5E-s872678760--6cd5a18d89caeea4eef348247c38f27c.fif/MD5E-s872678760--6cd5a18d89caeea4eef348247c38f27c.fif...
/mrhome/jesperdn/project_tools/python/projects/facerecognition_dtu/preprocess.py:138: RuntimeWarning: This filename (/mnt/newprojects/INN/jesper/DATASETS/nobackup/openneuro/ds000117/.git/annex/objects/mF/qj/MD5E-s872678760--6cd5a18d89caeea4eef348247c38f27c.fif/MD5E-s872678760--6cd5a18d89caeea4eef348247c38f27c.fif) does not conform to MNE naming conventions. All raw files should end with raw.fif, raw_sss.fif, raw_tsss.fif, _meg.fif, _eeg.fif, _ieeg.fif, raw.fif.gz, raw_sss.fif.gz, raw_tsss.fif.gz, _meg.fif.gz, _eeg.fif.gz or _ieeg.fif.gz
  raw = mne_bids.read_raw_bids(bids_path=io.bids["meg"])
    Range : 48400 ... 584099 =     44.000 ...   530.999 secs
Ready.
Reading events from /mrhome/jesperdn/INN_JESPER/DATASETS/nobackup/openneuro/ds000117/derivatives/meg_derivatives/sub-06/ses-meg/meg/sub-06_ses-meg_task-facerecognition_run-02_proc-sss_events.tsv.
/mrhome/jesperdn/project_tools/python/projects/facerecognition_dtu/preprocess.py:138: RuntimeWarning: The events file, /mrhome/jesperdn/INN_JESPER/DATASETS/nobackup/openneuro/ds000117/derivatives/meg_derivatives/sub-06/ses-meg/meg/sub-06_ses-meg_task-facerecognition_run-02_proc-sss_events.tsv, contains a "stim_type" column. This column should be renamed to "trial_type" for BIDS compatibility.
  raw = mne_bids.read_raw_bids(bids_path=io.bids["meg"])
/mrhome/jesperdn/project_tools/python/projects/facerecognition_dtu/preprocess.py:138: RuntimeWarning: Did not find any channels.tsv associated with sub-06_ses-meg_task-facerecognition_run-02_proc-sss.

The search_str was "/mrhome/jesperdn/INN_JESPER/DATASETS/nobackup/openneuro/ds000117/derivatives/meg_derivatives/sub-06/**/meg/sub-06_ses-meg*channels.tsv"
  raw = mne_bids.read_raw_bids(bids_path=io.bids["meg"])
/mrhome/jesperdn/project_tools/python/projects/facerecognition_dtu/preprocess.py:138: RuntimeWarning: participants.tsv file not found for /mnt/newprojects/INN/jesper/DATASETS/nobackup/openneuro/ds000117/.git/annex/objects/mF/qj/MD5E-s872678760--6cd5a18d89caeea4eef348247c38f27c.fif/MD5E-s872678760--6cd5a18d89caeea4eef348247c38f27c.fif
  raw = mne_bids.read_raw_bids(bids_path=io.bids["meg"])
Reading 0 ... 535699  =      0.000 ...   486.999 secs...
Filtering raw data in 1 contiguous segment
Setting up band-pass filter from 1 - 40 Hz

FIR filter parameters
---------------------
Designing a one-pass, zero-phase, non-causal bandpass filter:
- Windowed time-domain design (firwin) method
- Hamming window with 0.0194 passband ripple and 53 dB stopband attenuation
- Lower passband edge: 1.00
- Lower transition bandwidth: 1.00 Hz (-6 dB cutoff frequency: 0.50 Hz)
- Upper passband edge: 40.00 Hz
- Upper transition bandwidth: 10.00 Hz (-6 dB cutoff frequency: 45.00 Hz)
- Filter length: 3631 samples (3.301 sec)

[Parallel(n_jobs=1)]: Using backend SequentialBackend with 1 concurrent workers.
[Parallel(n_jobs=1)]: Done   1 out of   1 | elapsed:    0.0s remaining:    0.0s
[Parallel(n_jobs=1)]: Done   2 out of   2 | elapsed:    0.0s remaining:    0.0s
[Parallel(n_jobs=1)]: Done   3 out of   3 | elapsed:    0.0s remaining:    0.0s
[Parallel(n_jobs=1)]: Done   4 out of   4 | elapsed:    0.1s remaining:    0.0s
[Parallel(n_jobs=1)]: Done 376 out of 376 | elapsed:    4.9s finished
Filtering a subset of channels. The highpass and lowpass values in the measurement info will not be updated.
Filtering raw data in 1 contiguous segment
Setting up band-pass filter from 1 - 40 Hz

FIR filter parameters
---------------------
Designing a one-pass, zero-phase, non-causal bandpass filter:
- Windowed time-domain design (firwin) method
- Hamming window with 0.0194 passband ripple and 53 dB stopband attenuation
- Lower passband edge: 1.00
- Lower transition bandwidth: 1.00 Hz (-6 dB cutoff frequency: 0.50 Hz)
- Upper passband edge: 40.00 Hz
- Upper transition bandwidth: 10.00 Hz (-6 dB cutoff frequency: 45.00 Hz)
- Filter length: 3631 samples (3.301 sec)

[Parallel(n_jobs=1)]: Using backend SequentialBackend with 1 concurrent workers.
[Parallel(n_jobs=1)]: Done   1 out of   1 | elapsed:    0.0s remaining:    0.0s
[Parallel(n_jobs=1)]: Done   2 out of   2 | elapsed:    0.0s remaining:    0.0s
[Parallel(n_jobs=1)]: Done   3 out of   3 | elapsed:    0.0s remaining:    0.0s
[Parallel(n_jobs=1)]: Done   3 out of   3 | elapsed:    0.0s finished
/mrhome/jesperdn/project_tools/python/projects/facerecognition_dtu/preprocess.py:53: RuntimeWarning: No bad channels to interpolate. Doing nothing...
  raw = raw.interpolate_bads()
EEG channel type selected for re-referencing
Adding average EEG reference projection.
1 projection items deactivated
Average reference projection was added, but has not been applied yet. Use the apply_proj method to apply it.
Epoching...
Not setting metadata
146 matching events found
No baseline correction applied
Created an SSP operator (subspace dimension = 1)
1 projection items activated
Using data from preloaded Raw for 146 events and 991 original time points ...
    Rejecting  epoch based on EOG : ['HEOG']
1 bad epochs dropped
Run : 03
Resolving symbolic link: /mrhome/jesperdn/INN_JESPER/DATASETS/nobackup/openneuro/ds000117/derivatives/meg_derivatives/sub-06/ses-meg/meg/sub-06_ses-meg_task-facerecognition_run-03_proc-sss_meg.fif -> /mnt/newprojects/INN/jesper/DATASETS/nobackup/openneuro/ds000117/.git/annex/objects/ZG/wq/MD5E-s892232828--f5a9f79c0a6f7abaeb90403330307a15.fif/MD5E-s892232828--f5a9f79c0a6f7abaeb90403330307a15.fif
Opening raw data file /mnt/newprojects/INN/jesper/DATASETS/nobackup/openneuro/ds000117/.git/annex/objects/ZG/wq/MD5E-s892232828--f5a9f79c0a6f7abaeb90403330307a15.fif/MD5E-s892232828--f5a9f79c0a6f7abaeb90403330307a15.fif...
/mrhome/jesperdn/project_tools/python/projects/facerecognition_dtu/preprocess.py:138: RuntimeWarning: This filename (/mnt/newprojects/INN/jesper/DATASETS/nobackup/openneuro/ds000117/.git/annex/objects/ZG/wq/MD5E-s892232828--f5a9f79c0a6f7abaeb90403330307a15.fif/MD5E-s892232828--f5a9f79c0a6f7abaeb90403330307a15.fif) does not conform to MNE naming conventions. All raw files should end with raw.fif, raw_sss.fif, raw_tsss.fif, _meg.fif, _eeg.fif, _ieeg.fif, raw.fif.gz, raw_sss.fif.gz, raw_tsss.fif.gz, _meg.fif.gz, _eeg.fif.gz or _ieeg.fif.gz
  raw = mne_bids.read_raw_bids(bids_path=io.bids["meg"])
    Range : 45100 ... 592899 =     41.000 ...   538.999 secs
Ready.
Reading events from /mrhome/jesperdn/INN_JESPER/DATASETS/nobackup/openneuro/ds000117/derivatives/meg_derivatives/sub-06/ses-meg/meg/sub-06_ses-meg_task-facerecognition_run-03_proc-sss_events.tsv.
/mrhome/jesperdn/project_tools/python/projects/facerecognition_dtu/preprocess.py:138: RuntimeWarning: The events file, /mrhome/jesperdn/INN_JESPER/DATASETS/nobackup/openneuro/ds000117/derivatives/meg_derivatives/sub-06/ses-meg/meg/sub-06_ses-meg_task-facerecognition_run-03_proc-sss_events.tsv, contains a "stim_type" column. This column should be renamed to "trial_type" for BIDS compatibility.
  raw = mne_bids.read_raw_bids(bids_path=io.bids["meg"])
/mrhome/jesperdn/project_tools/python/projects/facerecognition_dtu/preprocess.py:138: RuntimeWarning: Did not find any channels.tsv associated with sub-06_ses-meg_task-facerecognition_run-03_proc-sss.

The search_str was "/mrhome/jesperdn/INN_JESPER/DATASETS/nobackup/openneuro/ds000117/derivatives/meg_derivatives/sub-06/**/meg/sub-06_ses-meg*channels.tsv"
  raw = mne_bids.read_raw_bids(bids_path=io.bids["meg"])
/mrhome/jesperdn/project_tools/python/projects/facerecognition_dtu/preprocess.py:138: RuntimeWarning: participants.tsv file not found for /mnt/newprojects/INN/jesper/DATASETS/nobackup/openneuro/ds000117/.git/annex/objects/ZG/wq/MD5E-s892232828--f5a9f79c0a6f7abaeb90403330307a15.fif/MD5E-s892232828--f5a9f79c0a6f7abaeb90403330307a15.fif
  raw = mne_bids.read_raw_bids(bids_path=io.bids["meg"])
Reading 0 ... 547799  =      0.000 ...   497.999 secs...
Filtering raw data in 1 contiguous segment
Setting up band-pass filter from 1 - 40 Hz

FIR filter parameters
---------------------
Designing a one-pass, zero-phase, non-causal bandpass filter:
- Windowed time-domain design (firwin) method
- Hamming window with 0.0194 passband ripple and 53 dB stopband attenuation
- Lower passband edge: 1.00
- Lower transition bandwidth: 1.00 Hz (-6 dB cutoff frequency: 0.50 Hz)
- Upper passband edge: 40.00 Hz
- Upper transition bandwidth: 10.00 Hz (-6 dB cutoff frequency: 45.00 Hz)
- Filter length: 3631 samples (3.301 sec)

[Parallel(n_jobs=1)]: Using backend SequentialBackend with 1 concurrent workers.
[Parallel(n_jobs=1)]: Done   1 out of   1 | elapsed:    0.0s remaining:    0.0s
[Parallel(n_jobs=1)]: Done   2 out of   2 | elapsed:    0.0s remaining:    0.0s
[Parallel(n_jobs=1)]: Done   3 out of   3 | elapsed:    0.0s remaining:    0.0s
[Parallel(n_jobs=1)]: Done   4 out of   4 | elapsed:    0.1s remaining:    0.0s
[Parallel(n_jobs=1)]: Done 376 out of 376 | elapsed:    5.7s finished
Filtering a subset of channels. The highpass and lowpass values in the measurement info will not be updated.
Filtering raw data in 1 contiguous segment
Setting up band-pass filter from 1 - 40 Hz

FIR filter parameters
---------------------
Designing a one-pass, zero-phase, non-causal bandpass filter:
- Windowed time-domain design (firwin) method
- Hamming window with 0.0194 passband ripple and 53 dB stopband attenuation
- Lower passband edge: 1.00
- Lower transition bandwidth: 1.00 Hz (-6 dB cutoff frequency: 0.50 Hz)
- Upper passband edge: 40.00 Hz
- Upper transition bandwidth: 10.00 Hz (-6 dB cutoff frequency: 45.00 Hz)
- Filter length: 3631 samples (3.301 sec)

[Parallel(n_jobs=1)]: Using backend SequentialBackend with 1 concurrent workers.
[Parallel(n_jobs=1)]: Done   1 out of   1 | elapsed:    0.0s remaining:    0.0s
[Parallel(n_jobs=1)]: Done   2 out of   2 | elapsed:    0.0s remaining:    0.0s
[Parallel(n_jobs=1)]: Done   3 out of   3 | elapsed:    0.0s remaining:    0.0s
[Parallel(n_jobs=1)]: Done   3 out of   3 | elapsed:    0.0s finished
/mrhome/jesperdn/project_tools/python/projects/facerecognition_dtu/preprocess.py:53: RuntimeWarning: No bad channels to interpolate. Doing nothing...
  raw = raw.interpolate_bads()
EEG channel type selected for re-referencing
Adding average EEG reference projection.
1 projection items deactivated
Average reference projection was added, but has not been applied yet. Use the apply_proj method to apply it.
Epoching...
Not setting metadata
149 matching events found
No baseline correction applied
Created an SSP operator (subspace dimension = 1)
1 projection items activated
Using data from preloaded Raw for 149 events and 991 original time points ...
0 bad epochs dropped
Run : 04
Resolving symbolic link: /mrhome/jesperdn/INN_JESPER/DATASETS/nobackup/openneuro/ds000117/derivatives/meg_derivatives/sub-06/ses-meg/meg/sub-06_ses-meg_task-facerecognition_run-04_proc-sss_meg.fif -> /mnt/newprojects/INN/jesper/DATASETS/nobackup/openneuro/ds000117/.git/annex/objects/xQ/6f/MD5E-s883344620--46f9c5d6b7a52ef0db70e92b895fe25b.fif/MD5E-s883344620--46f9c5d6b7a52ef0db70e92b895fe25b.fif
Opening raw data file /mnt/newprojects/INN/jesper/DATASETS/nobackup/openneuro/ds000117/.git/annex/objects/xQ/6f/MD5E-s883344620--46f9c5d6b7a52ef0db70e92b895fe25b.fif/MD5E-s883344620--46f9c5d6b7a52ef0db70e92b895fe25b.fif...
/mrhome/jesperdn/project_tools/python/projects/facerecognition_dtu/preprocess.py:138: RuntimeWarning: This filename (/mnt/newprojects/INN/jesper/DATASETS/nobackup/openneuro/ds000117/.git/annex/objects/xQ/6f/MD5E-s883344620--46f9c5d6b7a52ef0db70e92b895fe25b.fif/MD5E-s883344620--46f9c5d6b7a52ef0db70e92b895fe25b.fif) does not conform to MNE naming conventions. All raw files should end with raw.fif, raw_sss.fif, raw_tsss.fif, _meg.fif, _eeg.fif, _ieeg.fif, raw.fif.gz, raw_sss.fif.gz, raw_tsss.fif.gz, _meg.fif.gz, _eeg.fif.gz or _ieeg.fif.gz
  raw = mne_bids.read_raw_bids(bids_path=io.bids["meg"])
    Range : 36300 ... 578599 =     33.000 ...   525.999 secs
Ready.
Reading events from /mrhome/jesperdn/INN_JESPER/DATASETS/nobackup/openneuro/ds000117/derivatives/meg_derivatives/sub-06/ses-meg/meg/sub-06_ses-meg_task-facerecognition_run-04_proc-sss_events.tsv.
/mrhome/jesperdn/project_tools/python/projects/facerecognition_dtu/preprocess.py:138: RuntimeWarning: The events file, /mrhome/jesperdn/INN_JESPER/DATASETS/nobackup/openneuro/ds000117/derivatives/meg_derivatives/sub-06/ses-meg/meg/sub-06_ses-meg_task-facerecognition_run-04_proc-sss_events.tsv, contains a "stim_type" column. This column should be renamed to "trial_type" for BIDS compatibility.
  raw = mne_bids.read_raw_bids(bids_path=io.bids["meg"])
/mrhome/jesperdn/project_tools/python/projects/facerecognition_dtu/preprocess.py:138: RuntimeWarning: Did not find any channels.tsv associated with sub-06_ses-meg_task-facerecognition_run-04_proc-sss.

The search_str was "/mrhome/jesperdn/INN_JESPER/DATASETS/nobackup/openneuro/ds000117/derivatives/meg_derivatives/sub-06/**/meg/sub-06_ses-meg*channels.tsv"
  raw = mne_bids.read_raw_bids(bids_path=io.bids["meg"])
/mrhome/jesperdn/project_tools/python/projects/facerecognition_dtu/preprocess.py:138: RuntimeWarning: participants.tsv file not found for /mnt/newprojects/INN/jesper/DATASETS/nobackup/openneuro/ds000117/.git/annex/objects/xQ/6f/MD5E-s883344620--46f9c5d6b7a52ef0db70e92b895fe25b.fif/MD5E-s883344620--46f9c5d6b7a52ef0db70e92b895fe25b.fif
  raw = mne_bids.read_raw_bids(bids_path=io.bids["meg"])
Reading 0 ... 542299  =      0.000 ...   492.999 secs...
Filtering raw data in 1 contiguous segment
Setting up band-pass filter from 1 - 40 Hz

FIR filter parameters
---------------------
Designing a one-pass, zero-phase, non-causal bandpass filter:
- Windowed time-domain design (firwin) method
- Hamming window with 0.0194 passband ripple and 53 dB stopband attenuation
- Lower passband edge: 1.00
- Lower transition bandwidth: 1.00 Hz (-6 dB cutoff frequency: 0.50 Hz)
- Upper passband edge: 40.00 Hz
- Upper transition bandwidth: 10.00 Hz (-6 dB cutoff frequency: 45.00 Hz)
- Filter length: 3631 samples (3.301 sec)

[Parallel(n_jobs=1)]: Using backend SequentialBackend with 1 concurrent workers.
[Parallel(n_jobs=1)]: Done   1 out of   1 | elapsed:    0.0s remaining:    0.0s
[Parallel(n_jobs=1)]: Done   2 out of   2 | elapsed:    0.0s remaining:    0.0s
[Parallel(n_jobs=1)]: Done   3 out of   3 | elapsed:    0.0s remaining:    0.0s
[Parallel(n_jobs=1)]: Done   4 out of   4 | elapsed:    0.0s remaining:    0.0s
[Parallel(n_jobs=1)]: Done 376 out of 376 | elapsed:    5.1s finished
Filtering a subset of channels. The highpass and lowpass values in the measurement info will not be updated.
Filtering raw data in 1 contiguous segment
Setting up band-pass filter from 1 - 40 Hz

FIR filter parameters
---------------------
Designing a one-pass, zero-phase, non-causal bandpass filter:
- Windowed time-domain design (firwin) method
- Hamming window with 0.0194 passband ripple and 53 dB stopband attenuation
- Lower passband edge: 1.00
- Lower transition bandwidth: 1.00 Hz (-6 dB cutoff frequency: 0.50 Hz)
- Upper passband edge: 40.00 Hz
- Upper transition bandwidth: 10.00 Hz (-6 dB cutoff frequency: 45.00 Hz)
- Filter length: 3631 samples (3.301 sec)

[Parallel(n_jobs=1)]: Using backend SequentialBackend with 1 concurrent workers.
[Parallel(n_jobs=1)]: Done   1 out of   1 | elapsed:    0.0s remaining:    0.0s
[Parallel(n_jobs=1)]: Done   2 out of   2 | elapsed:    0.0s remaining:    0.0s
[Parallel(n_jobs=1)]: Done   3 out of   3 | elapsed:    0.0s remaining:    0.0s
[Parallel(n_jobs=1)]: Done   3 out of   3 | elapsed:    0.0s finished
/mrhome/jesperdn/project_tools/python/projects/facerecognition_dtu/preprocess.py:53: RuntimeWarning: No bad channels to interpolate. Doing nothing...
  raw = raw.interpolate_bads()
EEG channel type selected for re-referencing
Adding average EEG reference projection.
1 projection items deactivated
Average reference projection was added, but has not been applied yet. Use the apply_proj method to apply it.
Epoching...
Not setting metadata
148 matching events found
No baseline correction applied
Created an SSP operator (subspace dimension = 1)
1 projection items activated
Using data from preloaded Raw for 148 events and 991 original time points ...
0 bad epochs dropped
Run : 05
Resolving symbolic link: /mrhome/jesperdn/INN_JESPER/DATASETS/nobackup/openneuro/ds000117/derivatives/meg_derivatives/sub-06/ses-meg/meg/sub-06_ses-meg_task-facerecognition_run-05_proc-sss_meg.fif -> /mnt/newprojects/INN/jesper/DATASETS/nobackup/openneuro/ds000117/.git/annex/objects/0Z/QP/MD5E-s883344635--ffab7ba1c4e20c82282cc8020d94f5a0.fif/MD5E-s883344635--ffab7ba1c4e20c82282cc8020d94f5a0.fif
Opening raw data file /mnt/newprojects/INN/jesper/DATASETS/nobackup/openneuro/ds000117/.git/annex/objects/0Z/QP/MD5E-s883344635--ffab7ba1c4e20c82282cc8020d94f5a0.fif/MD5E-s883344635--ffab7ba1c4e20c82282cc8020d94f5a0.fif...
/mrhome/jesperdn/project_tools/python/projects/facerecognition_dtu/preprocess.py:138: RuntimeWarning: This filename (/mnt/newprojects/INN/jesper/DATASETS/nobackup/openneuro/ds000117/.git/annex/objects/0Z/QP/MD5E-s883344635--ffab7ba1c4e20c82282cc8020d94f5a0.fif/MD5E-s883344635--ffab7ba1c4e20c82282cc8020d94f5a0.fif) does not conform to MNE naming conventions. All raw files should end with raw.fif, raw_sss.fif, raw_tsss.fif, _meg.fif, _eeg.fif, _ieeg.fif, raw.fif.gz, raw_sss.fif.gz, raw_tsss.fif.gz, _meg.fif.gz, _eeg.fif.gz or _ieeg.fif.gz
  raw = mne_bids.read_raw_bids(bids_path=io.bids["meg"])
    Range : 39600 ... 581899 =     36.000 ...   528.999 secs
Ready.
Reading events from /mrhome/jesperdn/INN_JESPER/DATASETS/nobackup/openneuro/ds000117/derivatives/meg_derivatives/sub-06/ses-meg/meg/sub-06_ses-meg_task-facerecognition_run-05_proc-sss_events.tsv.
/mrhome/jesperdn/project_tools/python/projects/facerecognition_dtu/preprocess.py:138: RuntimeWarning: The events file, /mrhome/jesperdn/INN_JESPER/DATASETS/nobackup/openneuro/ds000117/derivatives/meg_derivatives/sub-06/ses-meg/meg/sub-06_ses-meg_task-facerecognition_run-05_proc-sss_events.tsv, contains a "stim_type" column. This column should be renamed to "trial_type" for BIDS compatibility.
  raw = mne_bids.read_raw_bids(bids_path=io.bids["meg"])
/mrhome/jesperdn/project_tools/python/projects/facerecognition_dtu/preprocess.py:138: RuntimeWarning: Did not find any channels.tsv associated with sub-06_ses-meg_task-facerecognition_run-05_proc-sss.

The search_str was "/mrhome/jesperdn/INN_JESPER/DATASETS/nobackup/openneuro/ds000117/derivatives/meg_derivatives/sub-06/**/meg/sub-06_ses-meg*channels.tsv"
  raw = mne_bids.read_raw_bids(bids_path=io.bids["meg"])
/mrhome/jesperdn/project_tools/python/projects/facerecognition_dtu/preprocess.py:138: RuntimeWarning: participants.tsv file not found for /mnt/newprojects/INN/jesper/DATASETS/nobackup/openneuro/ds000117/.git/annex/objects/0Z/QP/MD5E-s883344635--ffab7ba1c4e20c82282cc8020d94f5a0.fif/MD5E-s883344635--ffab7ba1c4e20c82282cc8020d94f5a0.fif
  raw = mne_bids.read_raw_bids(bids_path=io.bids["meg"])
Reading 0 ... 542299  =      0.000 ...   492.999 secs...
Filtering raw data in 1 contiguous segment
Setting up band-pass filter from 1 - 40 Hz

FIR filter parameters
---------------------
Designing a one-pass, zero-phase, non-causal bandpass filter:
- Windowed time-domain design (firwin) method
- Hamming window with 0.0194 passband ripple and 53 dB stopband attenuation
- Lower passband edge: 1.00
- Lower transition bandwidth: 1.00 Hz (-6 dB cutoff frequency: 0.50 Hz)
- Upper passband edge: 40.00 Hz
- Upper transition bandwidth: 10.00 Hz (-6 dB cutoff frequency: 45.00 Hz)
- Filter length: 3631 samples (3.301 sec)

[Parallel(n_jobs=1)]: Using backend SequentialBackend with 1 concurrent workers.
[Parallel(n_jobs=1)]: Done   1 out of   1 | elapsed:    0.0s remaining:    0.0s
[Parallel(n_jobs=1)]: Done   2 out of   2 | elapsed:    0.0s remaining:    0.0s
[Parallel(n_jobs=1)]: Done   3 out of   3 | elapsed:    0.0s remaining:    0.0s
[Parallel(n_jobs=1)]: Done   4 out of   4 | elapsed:    0.1s remaining:    0.0s
[Parallel(n_jobs=1)]: Done 376 out of 376 | elapsed:    5.2s finished
Filtering a subset of channels. The highpass and lowpass values in the measurement info will not be updated.
Filtering raw data in 1 contiguous segment
Setting up band-pass filter from 1 - 40 Hz

FIR filter parameters
---------------------
Designing a one-pass, zero-phase, non-causal bandpass filter:
- Windowed time-domain design (firwin) method
- Hamming window with 0.0194 passband ripple and 53 dB stopband attenuation
- Lower passband edge: 1.00
- Lower transition bandwidth: 1.00 Hz (-6 dB cutoff frequency: 0.50 Hz)
- Upper passband edge: 40.00 Hz
- Upper transition bandwidth: 10.00 Hz (-6 dB cutoff frequency: 45.00 Hz)
- Filter length: 3631 samples (3.301 sec)

[Parallel(n_jobs=1)]: Using backend SequentialBackend with 1 concurrent workers.
[Parallel(n_jobs=1)]: Done   1 out of   1 | elapsed:    0.0s remaining:    0.0s
[Parallel(n_jobs=1)]: Done   2 out of   2 | elapsed:    0.0s remaining:    0.0s
[Parallel(n_jobs=1)]: Done   3 out of   3 | elapsed:    0.0s remaining:    0.0s
[Parallel(n_jobs=1)]: Done   3 out of   3 | elapsed:    0.0s finished
/mrhome/jesperdn/project_tools/python/projects/facerecognition_dtu/preprocess.py:53: RuntimeWarning: No bad channels to interpolate. Doing nothing...
  raw = raw.interpolate_bads()
EEG channel type selected for re-referencing
Adding average EEG reference projection.
1 projection items deactivated
Average reference projection was added, but has not been applied yet. Use the apply_proj method to apply it.
Epoching...
Not setting metadata
148 matching events found
No baseline correction applied
Created an SSP operator (subspace dimension = 1)
1 projection items activated
Using data from preloaded Raw for 148 events and 991 original time points ...
0 bad epochs dropped
Run : 06
Resolving symbolic link: /mrhome/jesperdn/INN_JESPER/DATASETS/nobackup/openneuro/ds000117/derivatives/meg_derivatives/sub-06/ses-meg/meg/sub-06_ses-meg_task-facerecognition_run-06_proc-sss_meg.fif -> /mnt/newprojects/INN/jesper/DATASETS/nobackup/openneuro/ds000117/.git/annex/objects/pp/ff/MD5E-s883344627--5e4fc5ba7e125b34bd81a5012e2c02a3.fif/MD5E-s883344627--5e4fc5ba7e125b34bd81a5012e2c02a3.fif
Opening raw data file /mnt/newprojects/INN/jesper/DATASETS/nobackup/openneuro/ds000117/.git/annex/objects/pp/ff/MD5E-s883344627--5e4fc5ba7e125b34bd81a5012e2c02a3.fif/MD5E-s883344627--5e4fc5ba7e125b34bd81a5012e2c02a3.fif...
/mrhome/jesperdn/project_tools/python/projects/facerecognition_dtu/preprocess.py:138: RuntimeWarning: This filename (/mnt/newprojects/INN/jesper/DATASETS/nobackup/openneuro/ds000117/.git/annex/objects/pp/ff/MD5E-s883344627--5e4fc5ba7e125b34bd81a5012e2c02a3.fif/MD5E-s883344627--5e4fc5ba7e125b34bd81a5012e2c02a3.fif) does not conform to MNE naming conventions. All raw files should end with raw.fif, raw_sss.fif, raw_tsss.fif, _meg.fif, _eeg.fif, _ieeg.fif, raw.fif.gz, raw_sss.fif.gz, raw_tsss.fif.gz, _meg.fif.gz, _eeg.fif.gz or _ieeg.fif.gz
  raw = mne_bids.read_raw_bids(bids_path=io.bids["meg"])
    Range : 26400 ... 568699 =     24.000 ...   516.999 secs
Ready.
Reading events from /mrhome/jesperdn/INN_JESPER/DATASETS/nobackup/openneuro/ds000117/derivatives/meg_derivatives/sub-06/ses-meg/meg/sub-06_ses-meg_task-facerecognition_run-06_proc-sss_events.tsv.
/mrhome/jesperdn/project_tools/python/projects/facerecognition_dtu/preprocess.py:138: RuntimeWarning: The events file, /mrhome/jesperdn/INN_JESPER/DATASETS/nobackup/openneuro/ds000117/derivatives/meg_derivatives/sub-06/ses-meg/meg/sub-06_ses-meg_task-facerecognition_run-06_proc-sss_events.tsv, contains a "stim_type" column. This column should be renamed to "trial_type" for BIDS compatibility.
  raw = mne_bids.read_raw_bids(bids_path=io.bids["meg"])
/mrhome/jesperdn/project_tools/python/projects/facerecognition_dtu/preprocess.py:138: RuntimeWarning: Did not find any channels.tsv associated with sub-06_ses-meg_task-facerecognition_run-06_proc-sss.

The search_str was "/mrhome/jesperdn/INN_JESPER/DATASETS/nobackup/openneuro/ds000117/derivatives/meg_derivatives/sub-06/**/meg/sub-06_ses-meg*channels.tsv"
  raw = mne_bids.read_raw_bids(bids_path=io.bids["meg"])
/mrhome/jesperdn/project_tools/python/projects/facerecognition_dtu/preprocess.py:138: RuntimeWarning: participants.tsv file not found for /mnt/newprojects/INN/jesper/DATASETS/nobackup/openneuro/ds000117/.git/annex/objects/pp/ff/MD5E-s883344627--5e4fc5ba7e125b34bd81a5012e2c02a3.fif/MD5E-s883344627--5e4fc5ba7e125b34bd81a5012e2c02a3.fif
  raw = mne_bids.read_raw_bids(bids_path=io.bids["meg"])
Reading 0 ... 542299  =      0.000 ...   492.999 secs...
Filtering raw data in 1 contiguous segment
Setting up band-pass filter from 1 - 40 Hz

FIR filter parameters
---------------------
Designing a one-pass, zero-phase, non-causal bandpass filter:
- Windowed time-domain design (firwin) method
- Hamming window with 0.0194 passband ripple and 53 dB stopband attenuation
- Lower passband edge: 1.00
- Lower transition bandwidth: 1.00 Hz (-6 dB cutoff frequency: 0.50 Hz)
- Upper passband edge: 40.00 Hz
- Upper transition bandwidth: 10.00 Hz (-6 dB cutoff frequency: 45.00 Hz)
- Filter length: 3631 samples (3.301 sec)

[Parallel(n_jobs=1)]: Using backend SequentialBackend with 1 concurrent workers.
[Parallel(n_jobs=1)]: Done   1 out of   1 | elapsed:    0.0s remaining:    0.0s
[Parallel(n_jobs=1)]: Done   2 out of   2 | elapsed:    0.0s remaining:    0.0s
[Parallel(n_jobs=1)]: Done   3 out of   3 | elapsed:    0.0s remaining:    0.0s
[Parallel(n_jobs=1)]: Done   4 out of   4 | elapsed:    0.1s remaining:    0.0s
[Parallel(n_jobs=1)]: Done 376 out of 376 | elapsed:    5.1s finished
Filtering a subset of channels. The highpass and lowpass values in the measurement info will not be updated.
Filtering raw data in 1 contiguous segment
Setting up band-pass filter from 1 - 40 Hz

FIR filter parameters
---------------------
Designing a one-pass, zero-phase, non-causal bandpass filter:
- Windowed time-domain design (firwin) method
- Hamming window with 0.0194 passband ripple and 53 dB stopband attenuation
- Lower passband edge: 1.00
- Lower transition bandwidth: 1.00 Hz (-6 dB cutoff frequency: 0.50 Hz)
- Upper passband edge: 40.00 Hz
- Upper transition bandwidth: 10.00 Hz (-6 dB cutoff frequency: 45.00 Hz)
- Filter length: 3631 samples (3.301 sec)

[Parallel(n_jobs=1)]: Using backend SequentialBackend with 1 concurrent workers.
[Parallel(n_jobs=1)]: Done   1 out of   1 | elapsed:    0.0s remaining:    0.0s
[Parallel(n_jobs=1)]: Done   2 out of   2 | elapsed:    0.0s remaining:    0.0s
[Parallel(n_jobs=1)]: Done   3 out of   3 | elapsed:    0.0s remaining:    0.0s
[Parallel(n_jobs=1)]: Done   3 out of   3 | elapsed:    0.0s finished
/mrhome/jesperdn/project_tools/python/projects/facerecognition_dtu/preprocess.py:53: RuntimeWarning: No bad channels to interpolate. Doing nothing...
  raw = raw.interpolate_bads()
EEG channel type selected for re-referencing
Adding average EEG reference projection.
1 projection items deactivated
Average reference projection was added, but has not been applied yet. Use the apply_proj method to apply it.
Epoching...
Not setting metadata
148 matching events found
No baseline correction applied
Created an SSP operator (subspace dimension = 1)
1 projection items activated
Using data from preloaded Raw for 148 events and 991 original time points ...
0 bad epochs dropped
/mrhome/jesperdn/project_tools/python/projects/facerecognition_dtu/preprocess.py:118: RuntimeWarning: Concatenation of Annotations within Epochs is not supported yet. All annotations will be dropped.
  epochs = mne.concatenate_epochs(epochs)
/var/spool/slurm/d/job896181/slurm_script: line 13: 2735991 Killed                  python $SCRIPT.py ${SLURM_ARRAY_TASK_ID} $ADDITIONAL_ARGS
Done
slurmstepd: error: Detected 1 oom-kill event(s) in StepId=896181.batch. Some of your processes may have been killed by the cgroup out-of-memory handler.
