/mrhome/jesperdn/miniconda3/envs/simnibs/lib/python3.9/site-packages/scipy/__init__.py:146: UserWarning: A NumPy version >=1.16.5 and <1.23.0 is required for this version of SciPy (detected version 1.23.5
  warnings.warn(f"A NumPy version >={np_minversion} and <{np_maxversion}"
Processing
Run : 01
Resolving symbolic link: /mrhome/jesperdn/INN_JESPER/DATASETS/nobackup/openneuro/ds000117/derivatives/meg_derivatives/sub-15/ses-meg/meg/sub-15_ses-meg_task-facerecognition_run-01_proc-sss_meg.fif -> /mnt/newprojects/INN/jesper/DATASETS/nobackup/openneuro/ds000117/.git/annex/objects/FG/ZX/MD5E-s879789007--a4c3feb2176a37c5601f2fcb71e11c43.fif/MD5E-s879789007--a4c3feb2176a37c5601f2fcb71e11c43.fif
Opening raw data file /mnt/newprojects/INN/jesper/DATASETS/nobackup/openneuro/ds000117/.git/annex/objects/FG/ZX/MD5E-s879789007--a4c3feb2176a37c5601f2fcb71e11c43.fif/MD5E-s879789007--a4c3feb2176a37c5601f2fcb71e11c43.fif...
/mrhome/jesperdn/project_tools/python/projects/facerecognition_dtu/preprocess.py:138: RuntimeWarning: This filename (/mnt/newprojects/INN/jesper/DATASETS/nobackup/openneuro/ds000117/.git/annex/objects/FG/ZX/MD5E-s879789007--a4c3feb2176a37c5601f2fcb71e11c43.fif/MD5E-s879789007--a4c3feb2176a37c5601f2fcb71e11c43.fif) does not conform to MNE naming conventions. All raw files should end with raw.fif, raw_sss.fif, raw_tsss.fif, _meg.fif, _eeg.fif, _ieeg.fif, raw.fif.gz, raw_sss.fif.gz, raw_tsss.fif.gz, _meg.fif.gz, _eeg.fif.gz or _ieeg.fif.gz
  raw = mne_bids.read_raw_bids(bids_path=io.bids["meg"])
    Range : 50600 ... 590699 =     46.000 ...   536.999 secs
Ready.
Reading events from /mrhome/jesperdn/INN_JESPER/DATASETS/nobackup/openneuro/ds000117/derivatives/meg_derivatives/sub-15/ses-meg/meg/sub-15_ses-meg_task-facerecognition_run-01_proc-sss_events.tsv.
/mrhome/jesperdn/project_tools/python/projects/facerecognition_dtu/preprocess.py:138: RuntimeWarning: The events file, /mrhome/jesperdn/INN_JESPER/DATASETS/nobackup/openneuro/ds000117/derivatives/meg_derivatives/sub-15/ses-meg/meg/sub-15_ses-meg_task-facerecognition_run-01_proc-sss_events.tsv, contains a "stim_type" column. This column should be renamed to "trial_type" for BIDS compatibility.
  raw = mne_bids.read_raw_bids(bids_path=io.bids["meg"])
/mrhome/jesperdn/project_tools/python/projects/facerecognition_dtu/preprocess.py:138: RuntimeWarning: Did not find any channels.tsv associated with sub-15_ses-meg_task-facerecognition_run-01_proc-sss.

The search_str was "/mrhome/jesperdn/INN_JESPER/DATASETS/nobackup/openneuro/ds000117/derivatives/meg_derivatives/sub-15/**/meg/sub-15_ses-meg*channels.tsv"
  raw = mne_bids.read_raw_bids(bids_path=io.bids["meg"])
/mrhome/jesperdn/project_tools/python/projects/facerecognition_dtu/preprocess.py:138: RuntimeWarning: participants.tsv file not found for /mnt/newprojects/INN/jesper/DATASETS/nobackup/openneuro/ds000117/.git/annex/objects/FG/ZX/MD5E-s879789007--a4c3feb2176a37c5601f2fcb71e11c43.fif/MD5E-s879789007--a4c3feb2176a37c5601f2fcb71e11c43.fif
  raw = mne_bids.read_raw_bids(bids_path=io.bids["meg"])
Reading 0 ... 540099  =      0.000 ...   490.999 secs...
Filtering raw data in 1 contiguous segment
Setting up band-pass filter from 1 - 40 Hz

FIR filter parameters
---------------------
Designing a one-pass, zero-phase, non-causal bandpass filter:
- Windowed time-domain design (firwin) method
- Hamming window with 0.0194 passband ripple and 53 dB stopband attenuation
- Lower passband edge: 1.00
- Lower transition bandwidth: 1.00 Hz (-6 dB cutoff frequency: 0.50 Hz)
- Upper passband edge: 40.00 Hz
- Upper transition bandwidth: 10.00 Hz (-6 dB cutoff frequency: 45.00 Hz)
- Filter length: 3631 samples (3.301 sec)

[Parallel(n_jobs=1)]: Using backend SequentialBackend with 1 concurrent workers.
[Parallel(n_jobs=1)]: Done   1 out of   1 | elapsed:    0.0s remaining:    0.0s
[Parallel(n_jobs=1)]: Done   2 out of   2 | elapsed:    0.0s remaining:    0.0s
[Parallel(n_jobs=1)]: Done   3 out of   3 | elapsed:    0.0s remaining:    0.0s
[Parallel(n_jobs=1)]: Done   4 out of   4 | elapsed:    0.1s remaining:    0.0s
[Parallel(n_jobs=1)]: Done 376 out of 376 | elapsed:    4.9s finished
Filtering a subset of channels. The highpass and lowpass values in the measurement info will not be updated.
Filtering raw data in 1 contiguous segment
Setting up band-pass filter from 1 - 40 Hz

FIR filter parameters
---------------------
Designing a one-pass, zero-phase, non-causal bandpass filter:
- Windowed time-domain design (firwin) method
- Hamming window with 0.0194 passband ripple and 53 dB stopband attenuation
- Lower passband edge: 1.00
- Lower transition bandwidth: 1.00 Hz (-6 dB cutoff frequency: 0.50 Hz)
- Upper passband edge: 40.00 Hz
- Upper transition bandwidth: 10.00 Hz (-6 dB cutoff frequency: 45.00 Hz)
- Filter length: 3631 samples (3.301 sec)

[Parallel(n_jobs=1)]: Using backend SequentialBackend with 1 concurrent workers.
[Parallel(n_jobs=1)]: Done   1 out of   1 | elapsed:    0.0s remaining:    0.0s
[Parallel(n_jobs=1)]: Done   2 out of   2 | elapsed:    0.0s remaining:    0.0s
[Parallel(n_jobs=1)]: Done   3 out of   3 | elapsed:    0.0s remaining:    0.0s
[Parallel(n_jobs=1)]: Done   3 out of   3 | elapsed:    0.0s finished
/mrhome/jesperdn/project_tools/python/projects/facerecognition_dtu/preprocess.py:53: RuntimeWarning: No bad channels to interpolate. Doing nothing...
  raw = raw.interpolate_bads()
EEG channel type selected for re-referencing
Adding average EEG reference projection.
1 projection items deactivated
Average reference projection was added, but has not been applied yet. Use the apply_proj method to apply it.
Epoching...
Not setting metadata
147 matching events found
No baseline correction applied
Created an SSP operator (subspace dimension = 1)
1 projection items activated
Using data from preloaded Raw for 147 events and 991 original time points ...
    Rejecting  epoch based on EOG : ['VEOG']
1 bad epochs dropped
Run : 02
Resolving symbolic link: /mrhome/jesperdn/INN_JESPER/DATASETS/nobackup/openneuro/ds000117/derivatives/meg_derivatives/sub-15/ses-meg/meg/sub-15_ses-meg_task-facerecognition_run-02_proc-sss_meg.fif -> /mnt/newprojects/INN/jesper/DATASETS/nobackup/openneuro/ds000117/.git/annex/objects/QW/4w/MD5E-s876233777--fcf624bcf20e55e362fb60549aeec2f8.fif/MD5E-s876233777--fcf624bcf20e55e362fb60549aeec2f8.fif
Opening raw data file /mnt/newprojects/INN/jesper/DATASETS/nobackup/openneuro/ds000117/.git/annex/objects/QW/4w/MD5E-s876233777--fcf624bcf20e55e362fb60549aeec2f8.fif/MD5E-s876233777--fcf624bcf20e55e362fb60549aeec2f8.fif...
/mrhome/jesperdn/project_tools/python/projects/facerecognition_dtu/preprocess.py:138: RuntimeWarning: This filename (/mnt/newprojects/INN/jesper/DATASETS/nobackup/openneuro/ds000117/.git/annex/objects/QW/4w/MD5E-s876233777--fcf624bcf20e55e362fb60549aeec2f8.fif/MD5E-s876233777--fcf624bcf20e55e362fb60549aeec2f8.fif) does not conform to MNE naming conventions. All raw files should end with raw.fif, raw_sss.fif, raw_tsss.fif, _meg.fif, _eeg.fif, _ieeg.fif, raw.fif.gz, raw_sss.fif.gz, raw_tsss.fif.gz, _meg.fif.gz, _eeg.fif.gz or _ieeg.fif.gz
  raw = mne_bids.read_raw_bids(bids_path=io.bids["meg"])
    Range : 48400 ... 586299 =     44.000 ...   532.999 secs
Ready.
Reading events from /mrhome/jesperdn/INN_JESPER/DATASETS/nobackup/openneuro/ds000117/derivatives/meg_derivatives/sub-15/ses-meg/meg/sub-15_ses-meg_task-facerecognition_run-02_proc-sss_events.tsv.
/mrhome/jesperdn/project_tools/python/projects/facerecognition_dtu/preprocess.py:138: RuntimeWarning: The events file, /mrhome/jesperdn/INN_JESPER/DATASETS/nobackup/openneuro/ds000117/derivatives/meg_derivatives/sub-15/ses-meg/meg/sub-15_ses-meg_task-facerecognition_run-02_proc-sss_events.tsv, contains a "stim_type" column. This column should be renamed to "trial_type" for BIDS compatibility.
  raw = mne_bids.read_raw_bids(bids_path=io.bids["meg"])
/mrhome/jesperdn/project_tools/python/projects/facerecognition_dtu/preprocess.py:138: RuntimeWarning: Did not find any channels.tsv associated with sub-15_ses-meg_task-facerecognition_run-02_proc-sss.

The search_str was "/mrhome/jesperdn/INN_JESPER/DATASETS/nobackup/openneuro/ds000117/derivatives/meg_derivatives/sub-15/**/meg/sub-15_ses-meg*channels.tsv"
  raw = mne_bids.read_raw_bids(bids_path=io.bids["meg"])
/mrhome/jesperdn/project_tools/python/projects/facerecognition_dtu/preprocess.py:138: RuntimeWarning: participants.tsv file not found for /mnt/newprojects/INN/jesper/DATASETS/nobackup/openneuro/ds000117/.git/annex/objects/QW/4w/MD5E-s876233777--fcf624bcf20e55e362fb60549aeec2f8.fif/MD5E-s876233777--fcf624bcf20e55e362fb60549aeec2f8.fif
  raw = mne_bids.read_raw_bids(bids_path=io.bids["meg"])
Reading 0 ... 537899  =      0.000 ...   488.999 secs...
Filtering raw data in 1 contiguous segment
Setting up band-pass filter from 1 - 40 Hz

FIR filter parameters
---------------------
Designing a one-pass, zero-phase, non-causal bandpass filter:
- Windowed time-domain design (firwin) method
- Hamming window with 0.0194 passband ripple and 53 dB stopband attenuation
- Lower passband edge: 1.00
- Lower transition bandwidth: 1.00 Hz (-6 dB cutoff frequency: 0.50 Hz)
- Upper passband edge: 40.00 Hz
- Upper transition bandwidth: 10.00 Hz (-6 dB cutoff frequency: 45.00 Hz)
- Filter length: 3631 samples (3.301 sec)

[Parallel(n_jobs=1)]: Using backend SequentialBackend with 1 concurrent workers.
[Parallel(n_jobs=1)]: Done   1 out of   1 | elapsed:    0.0s remaining:    0.0s
[Parallel(n_jobs=1)]: Done   2 out of   2 | elapsed:    0.0s remaining:    0.0s
[Parallel(n_jobs=1)]: Done   3 out of   3 | elapsed:    0.0s remaining:    0.0s
[Parallel(n_jobs=1)]: Done   4 out of   4 | elapsed:    0.1s remaining:    0.0s
[Parallel(n_jobs=1)]: Done 376 out of 376 | elapsed:    4.9s finished
Filtering a subset of channels. The highpass and lowpass values in the measurement info will not be updated.
Filtering raw data in 1 contiguous segment
Setting up band-pass filter from 1 - 40 Hz

FIR filter parameters
---------------------
Designing a one-pass, zero-phase, non-causal bandpass filter:
- Windowed time-domain design (firwin) method
- Hamming window with 0.0194 passband ripple and 53 dB stopband attenuation
- Lower passband edge: 1.00
- Lower transition bandwidth: 1.00 Hz (-6 dB cutoff frequency: 0.50 Hz)
- Upper passband edge: 40.00 Hz
- Upper transition bandwidth: 10.00 Hz (-6 dB cutoff frequency: 45.00 Hz)
- Filter length: 3631 samples (3.301 sec)

[Parallel(n_jobs=1)]: Using backend SequentialBackend with 1 concurrent workers.
[Parallel(n_jobs=1)]: Done   1 out of   1 | elapsed:    0.0s remaining:    0.0s
[Parallel(n_jobs=1)]: Done   2 out of   2 | elapsed:    0.0s remaining:    0.0s
[Parallel(n_jobs=1)]: Done   3 out of   3 | elapsed:    0.0s remaining:    0.0s
[Parallel(n_jobs=1)]: Done   3 out of   3 | elapsed:    0.0s finished
/mrhome/jesperdn/project_tools/python/projects/facerecognition_dtu/preprocess.py:53: RuntimeWarning: No bad channels to interpolate. Doing nothing...
  raw = raw.interpolate_bads()
EEG channel type selected for re-referencing
Adding average EEG reference projection.
1 projection items deactivated
Average reference projection was added, but has not been applied yet. Use the apply_proj method to apply it.
Epoching...
Not setting metadata
147 matching events found
No baseline correction applied
Created an SSP operator (subspace dimension = 1)
1 projection items activated
Using data from preloaded Raw for 147 events and 991 original time points ...
0 bad epochs dropped
Run : 03
Resolving symbolic link: /mrhome/jesperdn/INN_JESPER/DATASETS/nobackup/openneuro/ds000117/derivatives/meg_derivatives/sub-15/ses-meg/meg/sub-15_ses-meg_task-facerecognition_run-03_proc-sss_meg.fif -> /mnt/newprojects/INN/jesper/DATASETS/nobackup/openneuro/ds000117/.git/annex/objects/75/pk/MD5E-s881566693--fb99a39cf9eace66a768bf72a2111430.fif/MD5E-s881566693--fb99a39cf9eace66a768bf72a2111430.fif
Opening raw data file /mnt/newprojects/INN/jesper/DATASETS/nobackup/openneuro/ds000117/.git/annex/objects/75/pk/MD5E-s881566693--fb99a39cf9eace66a768bf72a2111430.fif/MD5E-s881566693--fb99a39cf9eace66a768bf72a2111430.fif...
/mrhome/jesperdn/project_tools/python/projects/facerecognition_dtu/preprocess.py:138: RuntimeWarning: This filename (/mnt/newprojects/INN/jesper/DATASETS/nobackup/openneuro/ds000117/.git/annex/objects/75/pk/MD5E-s881566693--fb99a39cf9eace66a768bf72a2111430.fif/MD5E-s881566693--fb99a39cf9eace66a768bf72a2111430.fif) does not conform to MNE naming conventions. All raw files should end with raw.fif, raw_sss.fif, raw_tsss.fif, _meg.fif, _eeg.fif, _ieeg.fif, raw.fif.gz, raw_sss.fif.gz, raw_tsss.fif.gz, _meg.fif.gz, _eeg.fif.gz or _ieeg.fif.gz
  raw = mne_bids.read_raw_bids(bids_path=io.bids["meg"])
    Range : 35200 ... 576399 =     32.000 ...   523.999 secs
Ready.
Reading events from /mrhome/jesperdn/INN_JESPER/DATASETS/nobackup/openneuro/ds000117/derivatives/meg_derivatives/sub-15/ses-meg/meg/sub-15_ses-meg_task-facerecognition_run-03_proc-sss_events.tsv.
/mrhome/jesperdn/project_tools/python/projects/facerecognition_dtu/preprocess.py:138: RuntimeWarning: The events file, /mrhome/jesperdn/INN_JESPER/DATASETS/nobackup/openneuro/ds000117/derivatives/meg_derivatives/sub-15/ses-meg/meg/sub-15_ses-meg_task-facerecognition_run-03_proc-sss_events.tsv, contains a "stim_type" column. This column should be renamed to "trial_type" for BIDS compatibility.
  raw = mne_bids.read_raw_bids(bids_path=io.bids["meg"])
/mrhome/jesperdn/project_tools/python/projects/facerecognition_dtu/preprocess.py:138: RuntimeWarning: Did not find any channels.tsv associated with sub-15_ses-meg_task-facerecognition_run-03_proc-sss.

The search_str was "/mrhome/jesperdn/INN_JESPER/DATASETS/nobackup/openneuro/ds000117/derivatives/meg_derivatives/sub-15/**/meg/sub-15_ses-meg*channels.tsv"
  raw = mne_bids.read_raw_bids(bids_path=io.bids["meg"])
/mrhome/jesperdn/project_tools/python/projects/facerecognition_dtu/preprocess.py:138: RuntimeWarning: participants.tsv file not found for /mnt/newprojects/INN/jesper/DATASETS/nobackup/openneuro/ds000117/.git/annex/objects/75/pk/MD5E-s881566693--fb99a39cf9eace66a768bf72a2111430.fif/MD5E-s881566693--fb99a39cf9eace66a768bf72a2111430.fif
  raw = mne_bids.read_raw_bids(bids_path=io.bids["meg"])
Reading 0 ... 541199  =      0.000 ...   491.999 secs...
Filtering raw data in 1 contiguous segment
Setting up band-pass filter from 1 - 40 Hz

FIR filter parameters
---------------------
Designing a one-pass, zero-phase, non-causal bandpass filter:
- Windowed time-domain design (firwin) method
- Hamming window with 0.0194 passband ripple and 53 dB stopband attenuation
- Lower passband edge: 1.00
- Lower transition bandwidth: 1.00 Hz (-6 dB cutoff frequency: 0.50 Hz)
- Upper passband edge: 40.00 Hz
- Upper transition bandwidth: 10.00 Hz (-6 dB cutoff frequency: 45.00 Hz)
- Filter length: 3631 samples (3.301 sec)

[Parallel(n_jobs=1)]: Using backend SequentialBackend with 1 concurrent workers.
[Parallel(n_jobs=1)]: Done   1 out of   1 | elapsed:    0.0s remaining:    0.0s
[Parallel(n_jobs=1)]: Done   2 out of   2 | elapsed:    0.0s remaining:    0.0s
[Parallel(n_jobs=1)]: Done   3 out of   3 | elapsed:    0.0s remaining:    0.0s
[Parallel(n_jobs=1)]: Done   4 out of   4 | elapsed:    0.1s remaining:    0.0s
[Parallel(n_jobs=1)]: Done 376 out of 376 | elapsed:    4.9s finished
Filtering a subset of channels. The highpass and lowpass values in the measurement info will not be updated.
Filtering raw data in 1 contiguous segment
Setting up band-pass filter from 1 - 40 Hz

FIR filter parameters
---------------------
Designing a one-pass, zero-phase, non-causal bandpass filter:
- Windowed time-domain design (firwin) method
- Hamming window with 0.0194 passband ripple and 53 dB stopband attenuation
- Lower passband edge: 1.00
- Lower transition bandwidth: 1.00 Hz (-6 dB cutoff frequency: 0.50 Hz)
- Upper passband edge: 40.00 Hz
- Upper transition bandwidth: 10.00 Hz (-6 dB cutoff frequency: 45.00 Hz)
- Filter length: 3631 samples (3.301 sec)

[Parallel(n_jobs=1)]: Using backend SequentialBackend with 1 concurrent workers.
[Parallel(n_jobs=1)]: Done   1 out of   1 | elapsed:    0.0s remaining:    0.0s
[Parallel(n_jobs=1)]: Done   2 out of   2 | elapsed:    0.0s remaining:    0.0s
[Parallel(n_jobs=1)]: Done   3 out of   3 | elapsed:    0.0s remaining:    0.0s
[Parallel(n_jobs=1)]: Done   3 out of   3 | elapsed:    0.0s finished
/mrhome/jesperdn/project_tools/python/projects/facerecognition_dtu/preprocess.py:53: RuntimeWarning: No bad channels to interpolate. Doing nothing...
  raw = raw.interpolate_bads()
EEG channel type selected for re-referencing
Adding average EEG reference projection.
1 projection items deactivated
Average reference projection was added, but has not been applied yet. Use the apply_proj method to apply it.
Epoching...
Not setting metadata
147 matching events found
No baseline correction applied
Created an SSP operator (subspace dimension = 1)
1 projection items activated
Using data from preloaded Raw for 147 events and 991 original time points ...
    Rejecting  epoch based on EOG : ['VEOG']
    Rejecting  epoch based on EOG : ['VEOG']
2 bad epochs dropped
Run : 04
Resolving symbolic link: /mrhome/jesperdn/INN_JESPER/DATASETS/nobackup/openneuro/ds000117/derivatives/meg_derivatives/sub-15/ses-meg/meg/sub-15_ses-meg_task-facerecognition_run-04_proc-sss_meg.fif -> /mnt/newprojects/INN/jesper/DATASETS/nobackup/openneuro/ds000117/.git/annex/objects/m2/93/MD5E-s890454905--a99f0d6b1384fbcb5c2fa3ec0b009728.fif/MD5E-s890454905--a99f0d6b1384fbcb5c2fa3ec0b009728.fif
Opening raw data file /mnt/newprojects/INN/jesper/DATASETS/nobackup/openneuro/ds000117/.git/annex/objects/m2/93/MD5E-s890454905--a99f0d6b1384fbcb5c2fa3ec0b009728.fif/MD5E-s890454905--a99f0d6b1384fbcb5c2fa3ec0b009728.fif...
/mrhome/jesperdn/project_tools/python/projects/facerecognition_dtu/preprocess.py:138: RuntimeWarning: This filename (/mnt/newprojects/INN/jesper/DATASETS/nobackup/openneuro/ds000117/.git/annex/objects/m2/93/MD5E-s890454905--a99f0d6b1384fbcb5c2fa3ec0b009728.fif/MD5E-s890454905--a99f0d6b1384fbcb5c2fa3ec0b009728.fif) does not conform to MNE naming conventions. All raw files should end with raw.fif, raw_sss.fif, raw_tsss.fif, _meg.fif, _eeg.fif, _ieeg.fif, raw.fif.gz, raw_sss.fif.gz, raw_tsss.fif.gz, _meg.fif.gz, _eeg.fif.gz or _ieeg.fif.gz
  raw = mne_bids.read_raw_bids(bids_path=io.bids["meg"])
    Range : 24200 ... 570899 =     22.000 ...   518.999 secs
Ready.
Reading events from /mrhome/jesperdn/INN_JESPER/DATASETS/nobackup/openneuro/ds000117/derivatives/meg_derivatives/sub-15/ses-meg/meg/sub-15_ses-meg_task-facerecognition_run-04_proc-sss_events.tsv.
/mrhome/jesperdn/project_tools/python/projects/facerecognition_dtu/preprocess.py:138: RuntimeWarning: The events file, /mrhome/jesperdn/INN_JESPER/DATASETS/nobackup/openneuro/ds000117/derivatives/meg_derivatives/sub-15/ses-meg/meg/sub-15_ses-meg_task-facerecognition_run-04_proc-sss_events.tsv, contains a "stim_type" column. This column should be renamed to "trial_type" for BIDS compatibility.
  raw = mne_bids.read_raw_bids(bids_path=io.bids["meg"])
/mrhome/jesperdn/project_tools/python/projects/facerecognition_dtu/preprocess.py:138: RuntimeWarning: Did not find any channels.tsv associated with sub-15_ses-meg_task-facerecognition_run-04_proc-sss.

The search_str was "/mrhome/jesperdn/INN_JESPER/DATASETS/nobackup/openneuro/ds000117/derivatives/meg_derivatives/sub-15/**/meg/sub-15_ses-meg*channels.tsv"
  raw = mne_bids.read_raw_bids(bids_path=io.bids["meg"])
/mrhome/jesperdn/project_tools/python/projects/facerecognition_dtu/preprocess.py:138: RuntimeWarning: participants.tsv file not found for /mnt/newprojects/INN/jesper/DATASETS/nobackup/openneuro/ds000117/.git/annex/objects/m2/93/MD5E-s890454905--a99f0d6b1384fbcb5c2fa3ec0b009728.fif/MD5E-s890454905--a99f0d6b1384fbcb5c2fa3ec0b009728.fif
  raw = mne_bids.read_raw_bids(bids_path=io.bids["meg"])
Reading 0 ... 546699  =      0.000 ...   496.999 secs...
Filtering raw data in 1 contiguous segment
Setting up band-pass filter from 1 - 40 Hz

FIR filter parameters
---------------------
Designing a one-pass, zero-phase, non-causal bandpass filter:
- Windowed time-domain design (firwin) method
- Hamming window with 0.0194 passband ripple and 53 dB stopband attenuation
- Lower passband edge: 1.00
- Lower transition bandwidth: 1.00 Hz (-6 dB cutoff frequency: 0.50 Hz)
- Upper passband edge: 40.00 Hz
- Upper transition bandwidth: 10.00 Hz (-6 dB cutoff frequency: 45.00 Hz)
- Filter length: 3631 samples (3.301 sec)

[Parallel(n_jobs=1)]: Using backend SequentialBackend with 1 concurrent workers.
[Parallel(n_jobs=1)]: Done   1 out of   1 | elapsed:    0.0s remaining:    0.0s
[Parallel(n_jobs=1)]: Done   2 out of   2 | elapsed:    0.0s remaining:    0.0s
[Parallel(n_jobs=1)]: Done   3 out of   3 | elapsed:    0.0s remaining:    0.0s
[Parallel(n_jobs=1)]: Done   4 out of   4 | elapsed:    0.1s remaining:    0.0s
[Parallel(n_jobs=1)]: Done 376 out of 376 | elapsed:    5.5s finished
Filtering a subset of channels. The highpass and lowpass values in the measurement info will not be updated.
Filtering raw data in 1 contiguous segment
Setting up band-pass filter from 1 - 40 Hz

FIR filter parameters
---------------------
Designing a one-pass, zero-phase, non-causal bandpass filter:
- Windowed time-domain design (firwin) method
- Hamming window with 0.0194 passband ripple and 53 dB stopband attenuation
- Lower passband edge: 1.00
- Lower transition bandwidth: 1.00 Hz (-6 dB cutoff frequency: 0.50 Hz)
- Upper passband edge: 40.00 Hz
- Upper transition bandwidth: 10.00 Hz (-6 dB cutoff frequency: 45.00 Hz)
- Filter length: 3631 samples (3.301 sec)

[Parallel(n_jobs=1)]: Using backend SequentialBackend with 1 concurrent workers.
[Parallel(n_jobs=1)]: Done   1 out of   1 | elapsed:    0.0s remaining:    0.0s
[Parallel(n_jobs=1)]: Done   2 out of   2 | elapsed:    0.0s remaining:    0.0s
[Parallel(n_jobs=1)]: Done   3 out of   3 | elapsed:    0.0s remaining:    0.0s
[Parallel(n_jobs=1)]: Done   3 out of   3 | elapsed:    0.0s finished
/mrhome/jesperdn/project_tools/python/projects/facerecognition_dtu/preprocess.py:53: RuntimeWarning: No bad channels to interpolate. Doing nothing...
  raw = raw.interpolate_bads()
EEG channel type selected for re-referencing
Adding average EEG reference projection.
1 projection items deactivated
Average reference projection was added, but has not been applied yet. Use the apply_proj method to apply it.
Epoching...
Not setting metadata
149 matching events found
No baseline correction applied
Created an SSP operator (subspace dimension = 1)
1 projection items activated
Using data from preloaded Raw for 149 events and 991 original time points ...
    Rejecting  epoch based on EOG : ['VEOG']
    Rejecting  epoch based on EOG : ['VEOG']
2 bad epochs dropped
Run : 05
Resolving symbolic link: /mrhome/jesperdn/INN_JESPER/DATASETS/nobackup/openneuro/ds000117/derivatives/meg_derivatives/sub-15/ses-meg/meg/sub-15_ses-meg_task-facerecognition_run-05_proc-sss_meg.fif -> /mnt/newprojects/INN/jesper/DATASETS/nobackup/openneuro/ds000117/.git/annex/objects/vF/2p/MD5E-s876233701--3b4cb8563273c0ab4f09d7832fd12c6a.fif/MD5E-s876233701--3b4cb8563273c0ab4f09d7832fd12c6a.fif
Opening raw data file /mnt/newprojects/INN/jesper/DATASETS/nobackup/openneuro/ds000117/.git/annex/objects/vF/2p/MD5E-s876233701--3b4cb8563273c0ab4f09d7832fd12c6a.fif/MD5E-s876233701--3b4cb8563273c0ab4f09d7832fd12c6a.fif...
/mrhome/jesperdn/project_tools/python/projects/facerecognition_dtu/preprocess.py:138: RuntimeWarning: This filename (/mnt/newprojects/INN/jesper/DATASETS/nobackup/openneuro/ds000117/.git/annex/objects/vF/2p/MD5E-s876233701--3b4cb8563273c0ab4f09d7832fd12c6a.fif/MD5E-s876233701--3b4cb8563273c0ab4f09d7832fd12c6a.fif) does not conform to MNE naming conventions. All raw files should end with raw.fif, raw_sss.fif, raw_tsss.fif, _meg.fif, _eeg.fif, _ieeg.fif, raw.fif.gz, raw_sss.fif.gz, raw_tsss.fif.gz, _meg.fif.gz, _eeg.fif.gz or _ieeg.fif.gz
  raw = mne_bids.read_raw_bids(bids_path=io.bids["meg"])
    Range : 77000 ... 614899 =     70.000 ...   558.999 secs
Ready.
Reading events from /mrhome/jesperdn/INN_JESPER/DATASETS/nobackup/openneuro/ds000117/derivatives/meg_derivatives/sub-15/ses-meg/meg/sub-15_ses-meg_task-facerecognition_run-05_proc-sss_events.tsv.
/mrhome/jesperdn/project_tools/python/projects/facerecognition_dtu/preprocess.py:138: RuntimeWarning: The events file, /mrhome/jesperdn/INN_JESPER/DATASETS/nobackup/openneuro/ds000117/derivatives/meg_derivatives/sub-15/ses-meg/meg/sub-15_ses-meg_task-facerecognition_run-05_proc-sss_events.tsv, contains a "stim_type" column. This column should be renamed to "trial_type" for BIDS compatibility.
  raw = mne_bids.read_raw_bids(bids_path=io.bids["meg"])
/mrhome/jesperdn/project_tools/python/projects/facerecognition_dtu/preprocess.py:138: RuntimeWarning: Did not find any channels.tsv associated with sub-15_ses-meg_task-facerecognition_run-05_proc-sss.

The search_str was "/mrhome/jesperdn/INN_JESPER/DATASETS/nobackup/openneuro/ds000117/derivatives/meg_derivatives/sub-15/**/meg/sub-15_ses-meg*channels.tsv"
  raw = mne_bids.read_raw_bids(bids_path=io.bids["meg"])
/mrhome/jesperdn/project_tools/python/projects/facerecognition_dtu/preprocess.py:138: RuntimeWarning: participants.tsv file not found for /mnt/newprojects/INN/jesper/DATASETS/nobackup/openneuro/ds000117/.git/annex/objects/vF/2p/MD5E-s876233701--3b4cb8563273c0ab4f09d7832fd12c6a.fif/MD5E-s876233701--3b4cb8563273c0ab4f09d7832fd12c6a.fif
  raw = mne_bids.read_raw_bids(bids_path=io.bids["meg"])
Reading 0 ... 537899  =      0.000 ...   488.999 secs...
Filtering raw data in 1 contiguous segment
Setting up band-pass filter from 1 - 40 Hz

FIR filter parameters
---------------------
Designing a one-pass, zero-phase, non-causal bandpass filter:
- Windowed time-domain design (firwin) method
- Hamming window with 0.0194 passband ripple and 53 dB stopband attenuation
- Lower passband edge: 1.00
- Lower transition bandwidth: 1.00 Hz (-6 dB cutoff frequency: 0.50 Hz)
- Upper passband edge: 40.00 Hz
- Upper transition bandwidth: 10.00 Hz (-6 dB cutoff frequency: 45.00 Hz)
- Filter length: 3631 samples (3.301 sec)

[Parallel(n_jobs=1)]: Using backend SequentialBackend with 1 concurrent workers.
[Parallel(n_jobs=1)]: Done   1 out of   1 | elapsed:    0.0s remaining:    0.0s
[Parallel(n_jobs=1)]: Done   2 out of   2 | elapsed:    0.0s remaining:    0.0s
[Parallel(n_jobs=1)]: Done   3 out of   3 | elapsed:    0.0s remaining:    0.0s
[Parallel(n_jobs=1)]: Done   4 out of   4 | elapsed:    0.0s remaining:    0.0s
[Parallel(n_jobs=1)]: Done 376 out of 376 | elapsed:    5.0s finished
Filtering a subset of channels. The highpass and lowpass values in the measurement info will not be updated.
Filtering raw data in 1 contiguous segment
Setting up band-pass filter from 1 - 40 Hz

FIR filter parameters
---------------------
Designing a one-pass, zero-phase, non-causal bandpass filter:
- Windowed time-domain design (firwin) method
- Hamming window with 0.0194 passband ripple and 53 dB stopband attenuation
- Lower passband edge: 1.00
- Lower transition bandwidth: 1.00 Hz (-6 dB cutoff frequency: 0.50 Hz)
- Upper passband edge: 40.00 Hz
- Upper transition bandwidth: 10.00 Hz (-6 dB cutoff frequency: 45.00 Hz)
- Filter length: 3631 samples (3.301 sec)

[Parallel(n_jobs=1)]: Using backend SequentialBackend with 1 concurrent workers.
[Parallel(n_jobs=1)]: Done   1 out of   1 | elapsed:    0.0s remaining:    0.0s
[Parallel(n_jobs=1)]: Done   2 out of   2 | elapsed:    0.0s remaining:    0.0s
[Parallel(n_jobs=1)]: Done   3 out of   3 | elapsed:    0.0s remaining:    0.0s
[Parallel(n_jobs=1)]: Done   3 out of   3 | elapsed:    0.0s finished
/mrhome/jesperdn/project_tools/python/projects/facerecognition_dtu/preprocess.py:53: RuntimeWarning: No bad channels to interpolate. Doing nothing...
  raw = raw.interpolate_bads()
EEG channel type selected for re-referencing
Adding average EEG reference projection.
1 projection items deactivated
Average reference projection was added, but has not been applied yet. Use the apply_proj method to apply it.
Epoching...
Not setting metadata
146 matching events found
No baseline correction applied
Created an SSP operator (subspace dimension = 1)
1 projection items activated
Using data from preloaded Raw for 146 events and 991 original time points ...
    Rejecting  epoch based on EOG : ['VEOG']
    Rejecting  epoch based on EOG : ['VEOG']
    Rejecting  epoch based on EOG : ['VEOG']
    Rejecting  epoch based on EOG : ['VEOG']
4 bad epochs dropped
Run : 06
Resolving symbolic link: /mrhome/jesperdn/INN_JESPER/DATASETS/nobackup/openneuro/ds000117/derivatives/meg_derivatives/sub-15/ses-meg/meg/sub-15_ses-meg_task-facerecognition_run-06_proc-sss_meg.fif -> /mnt/newprojects/INN/jesper/DATASETS/nobackup/openneuro/ds000117/.git/annex/objects/mP/Vw/MD5E-s874456083--6e3313b075f93055c333813b3808b188.fif/MD5E-s874456083--6e3313b075f93055c333813b3808b188.fif
Opening raw data file /mnt/newprojects/INN/jesper/DATASETS/nobackup/openneuro/ds000117/.git/annex/objects/mP/Vw/MD5E-s874456083--6e3313b075f93055c333813b3808b188.fif/MD5E-s874456083--6e3313b075f93055c333813b3808b188.fif...
/mrhome/jesperdn/project_tools/python/projects/facerecognition_dtu/preprocess.py:138: RuntimeWarning: This filename (/mnt/newprojects/INN/jesper/DATASETS/nobackup/openneuro/ds000117/.git/annex/objects/mP/Vw/MD5E-s874456083--6e3313b075f93055c333813b3808b188.fif/MD5E-s874456083--6e3313b075f93055c333813b3808b188.fif) does not conform to MNE naming conventions. All raw files should end with raw.fif, raw_sss.fif, raw_tsss.fif, _meg.fif, _eeg.fif, _ieeg.fif, raw.fif.gz, raw_sss.fif.gz, raw_tsss.fif.gz, _meg.fif.gz, _eeg.fif.gz or _ieeg.fif.gz
  raw = mne_bids.read_raw_bids(bids_path=io.bids["meg"])
    Range : 49500 ... 586299 =     45.000 ...   532.999 secs
Ready.
Reading events from /mrhome/jesperdn/INN_JESPER/DATASETS/nobackup/openneuro/ds000117/derivatives/meg_derivatives/sub-15/ses-meg/meg/sub-15_ses-meg_task-facerecognition_run-06_proc-sss_events.tsv.
/mrhome/jesperdn/project_tools/python/projects/facerecognition_dtu/preprocess.py:138: RuntimeWarning: The events file, /mrhome/jesperdn/INN_JESPER/DATASETS/nobackup/openneuro/ds000117/derivatives/meg_derivatives/sub-15/ses-meg/meg/sub-15_ses-meg_task-facerecognition_run-06_proc-sss_events.tsv, contains a "stim_type" column. This column should be renamed to "trial_type" for BIDS compatibility.
  raw = mne_bids.read_raw_bids(bids_path=io.bids["meg"])
/mrhome/jesperdn/project_tools/python/projects/facerecognition_dtu/preprocess.py:138: RuntimeWarning: Did not find any channels.tsv associated with sub-15_ses-meg_task-facerecognition_run-06_proc-sss.

The search_str was "/mrhome/jesperdn/INN_JESPER/DATASETS/nobackup/openneuro/ds000117/derivatives/meg_derivatives/sub-15/**/meg/sub-15_ses-meg*channels.tsv"
  raw = mne_bids.read_raw_bids(bids_path=io.bids["meg"])
/mrhome/jesperdn/project_tools/python/projects/facerecognition_dtu/preprocess.py:138: RuntimeWarning: participants.tsv file not found for /mnt/newprojects/INN/jesper/DATASETS/nobackup/openneuro/ds000117/.git/annex/objects/mP/Vw/MD5E-s874456083--6e3313b075f93055c333813b3808b188.fif/MD5E-s874456083--6e3313b075f93055c333813b3808b188.fif
  raw = mne_bids.read_raw_bids(bids_path=io.bids["meg"])
Reading 0 ... 536799  =      0.000 ...   487.999 secs...
Filtering raw data in 1 contiguous segment
Setting up band-pass filter from 1 - 40 Hz

FIR filter parameters
---------------------
Designing a one-pass, zero-phase, non-causal bandpass filter:
- Windowed time-domain design (firwin) method
- Hamming window with 0.0194 passband ripple and 53 dB stopband attenuation
- Lower passband edge: 1.00
- Lower transition bandwidth: 1.00 Hz (-6 dB cutoff frequency: 0.50 Hz)
- Upper passband edge: 40.00 Hz
- Upper transition bandwidth: 10.00 Hz (-6 dB cutoff frequency: 45.00 Hz)
- Filter length: 3631 samples (3.301 sec)

[Parallel(n_jobs=1)]: Using backend SequentialBackend with 1 concurrent workers.
[Parallel(n_jobs=1)]: Done   1 out of   1 | elapsed:    0.0s remaining:    0.0s
[Parallel(n_jobs=1)]: Done   2 out of   2 | elapsed:    0.0s remaining:    0.0s
[Parallel(n_jobs=1)]: Done   3 out of   3 | elapsed:    0.0s remaining:    0.0s
[Parallel(n_jobs=1)]: Done   4 out of   4 | elapsed:    0.0s remaining:    0.0s
[Parallel(n_jobs=1)]: Done 376 out of 376 | elapsed:    5.1s finished
Filtering a subset of channels. The highpass and lowpass values in the measurement info will not be updated.
Filtering raw data in 1 contiguous segment
Setting up band-pass filter from 1 - 40 Hz

FIR filter parameters
---------------------
Designing a one-pass, zero-phase, non-causal bandpass filter:
- Windowed time-domain design (firwin) method
- Hamming window with 0.0194 passband ripple and 53 dB stopband attenuation
- Lower passband edge: 1.00
- Lower transition bandwidth: 1.00 Hz (-6 dB cutoff frequency: 0.50 Hz)
- Upper passband edge: 40.00 Hz
- Upper transition bandwidth: 10.00 Hz (-6 dB cutoff frequency: 45.00 Hz)
- Filter length: 3631 samples (3.301 sec)

[Parallel(n_jobs=1)]: Using backend SequentialBackend with 1 concurrent workers.
[Parallel(n_jobs=1)]: Done   1 out of   1 | elapsed:    0.0s remaining:    0.0s
[Parallel(n_jobs=1)]: Done   2 out of   2 | elapsed:    0.0s remaining:    0.0s
[Parallel(n_jobs=1)]: Done   3 out of   3 | elapsed:    0.0s remaining:    0.0s
[Parallel(n_jobs=1)]: Done   3 out of   3 | elapsed:    0.0s finished
/mrhome/jesperdn/project_tools/python/projects/facerecognition_dtu/preprocess.py:53: RuntimeWarning: No bad channels to interpolate. Doing nothing...
  raw = raw.interpolate_bads()
EEG channel type selected for re-referencing
Adding average EEG reference projection.
1 projection items deactivated
Average reference projection was added, but has not been applied yet. Use the apply_proj method to apply it.
Epoching...
Not setting metadata
146 matching events found
No baseline correction applied
Created an SSP operator (subspace dimension = 1)
1 projection items activated
Using data from preloaded Raw for 146 events and 991 original time points ...
    Rejecting  epoch based on EOG : ['VEOG']
    Rejecting  epoch based on EOG : ['VEOG']
    Rejecting  epoch based on EOG : ['VEOG']
    Rejecting  epoch based on EOG : ['VEOG']
    Rejecting  epoch based on EOG : ['VEOG']
5 bad epochs dropped
/mrhome/jesperdn/project_tools/python/projects/facerecognition_dtu/preprocess.py:118: RuntimeWarning: Concatenation of Annotations within Epochs is not supported yet. All annotations will be dropped.
  epochs = mne.concatenate_epochs(epochs)
Not setting metadata
868 matching events found
No baseline correction applied
Created an SSP operator (subspace dimension = 1)
slurmstepd: error: *** JOB 896190 ON gojira CANCELLED AT 2023-02-28T08:59:02 ***
