/mrhome/jesperdn/miniconda3/envs/simnibs/lib/python3.9/site-packages/scipy/__init__.py:146: UserWarning: A NumPy version >=1.16.5 and <1.23.0 is required for this version of SciPy (detected version 1.23.5
  warnings.warn(f"A NumPy version >={np_minversion} and <{np_maxversion}"
Processing
Run : 01
Resolving symbolic link: /mrhome/jesperdn/INN_JESPER/DATASETS/nobackup/openneuro/ds000117/derivatives/meg_derivatives/sub-01/ses-meg/meg/sub-01_ses-meg_task-facerecognition_run-01_proc-sss_meg.fif -> /mnt/newprojects/INN/jesper/DATASETS/nobackup/openneuro/ds000117/.git/annex/objects/Mw/m8/MD5E-s879788831--cc8d3b598cc83e822cef4be9961a0c4a.fif/MD5E-s879788831--cc8d3b598cc83e822cef4be9961a0c4a.fif
Opening raw data file /mnt/newprojects/INN/jesper/DATASETS/nobackup/openneuro/ds000117/.git/annex/objects/Mw/m8/MD5E-s879788831--cc8d3b598cc83e822cef4be9961a0c4a.fif/MD5E-s879788831--cc8d3b598cc83e822cef4be9961a0c4a.fif...
/mrhome/jesperdn/project_tools/python/projects/facerecognition_dtu/preprocess.py:138: RuntimeWarning: This filename (/mnt/newprojects/INN/jesper/DATASETS/nobackup/openneuro/ds000117/.git/annex/objects/Mw/m8/MD5E-s879788831--cc8d3b598cc83e822cef4be9961a0c4a.fif/MD5E-s879788831--cc8d3b598cc83e822cef4be9961a0c4a.fif) does not conform to MNE naming conventions. All raw files should end with raw.fif, raw_sss.fif, raw_tsss.fif, _meg.fif, _eeg.fif, _ieeg.fif, raw.fif.gz, raw_sss.fif.gz, raw_tsss.fif.gz, _meg.fif.gz, _eeg.fif.gz or _ieeg.fif.gz
  raw = mne_bids.read_raw_bids(bids_path=io.bids["meg"])
    Range : 248600 ... 788699 =    226.000 ...   716.999 secs
Ready.
Reading events from /mrhome/jesperdn/INN_JESPER/DATASETS/nobackup/openneuro/ds000117/derivatives/meg_derivatives/sub-01/ses-meg/meg/sub-01_ses-meg_task-facerecognition_run-01_proc-sss_events.tsv.
/mrhome/jesperdn/project_tools/python/projects/facerecognition_dtu/preprocess.py:138: RuntimeWarning: The events file, /mrhome/jesperdn/INN_JESPER/DATASETS/nobackup/openneuro/ds000117/derivatives/meg_derivatives/sub-01/ses-meg/meg/sub-01_ses-meg_task-facerecognition_run-01_proc-sss_events.tsv, contains a "stim_type" column. This column should be renamed to "trial_type" for BIDS compatibility.
  raw = mne_bids.read_raw_bids(bids_path=io.bids["meg"])
/mrhome/jesperdn/project_tools/python/projects/facerecognition_dtu/preprocess.py:138: RuntimeWarning: Did not find any channels.tsv associated with sub-01_ses-meg_task-facerecognition_run-01_proc-sss.

The search_str was "/mrhome/jesperdn/INN_JESPER/DATASETS/nobackup/openneuro/ds000117/derivatives/meg_derivatives/sub-01/**/meg/sub-01_ses-meg*channels.tsv"
  raw = mne_bids.read_raw_bids(bids_path=io.bids["meg"])
/mrhome/jesperdn/project_tools/python/projects/facerecognition_dtu/preprocess.py:138: RuntimeWarning: participants.tsv file not found for /mnt/newprojects/INN/jesper/DATASETS/nobackup/openneuro/ds000117/.git/annex/objects/Mw/m8/MD5E-s879788831--cc8d3b598cc83e822cef4be9961a0c4a.fif/MD5E-s879788831--cc8d3b598cc83e822cef4be9961a0c4a.fif
  raw = mne_bids.read_raw_bids(bids_path=io.bids["meg"])
Reading 0 ... 540099  =      0.000 ...   490.999 secs...
Filtering raw data in 1 contiguous segment
Setting up band-pass filter from 1 - 40 Hz

FIR filter parameters
---------------------
Designing a one-pass, zero-phase, non-causal bandpass filter:
- Windowed time-domain design (firwin) method
- Hamming window with 0.0194 passband ripple and 53 dB stopband attenuation
- Lower passband edge: 1.00
- Lower transition bandwidth: 1.00 Hz (-6 dB cutoff frequency: 0.50 Hz)
- Upper passband edge: 40.00 Hz
- Upper transition bandwidth: 10.00 Hz (-6 dB cutoff frequency: 45.00 Hz)
- Filter length: 3631 samples (3.301 sec)

[Parallel(n_jobs=1)]: Using backend SequentialBackend with 1 concurrent workers.
[Parallel(n_jobs=1)]: Done   1 out of   1 | elapsed:    0.0s remaining:    0.0s
[Parallel(n_jobs=1)]: Done   2 out of   2 | elapsed:    0.0s remaining:    0.0s
[Parallel(n_jobs=1)]: Done   3 out of   3 | elapsed:    0.0s remaining:    0.0s
[Parallel(n_jobs=1)]: Done   4 out of   4 | elapsed:    0.1s remaining:    0.0s
[Parallel(n_jobs=1)]: Done 376 out of 376 | elapsed:    5.5s finished
Filtering a subset of channels. The highpass and lowpass values in the measurement info will not be updated.
Filtering raw data in 1 contiguous segment
Setting up band-pass filter from 1 - 40 Hz

FIR filter parameters
---------------------
Designing a one-pass, zero-phase, non-causal bandpass filter:
- Windowed time-domain design (firwin) method
- Hamming window with 0.0194 passband ripple and 53 dB stopband attenuation
- Lower passband edge: 1.00
- Lower transition bandwidth: 1.00 Hz (-6 dB cutoff frequency: 0.50 Hz)
- Upper passband edge: 40.00 Hz
- Upper transition bandwidth: 10.00 Hz (-6 dB cutoff frequency: 45.00 Hz)
- Filter length: 3631 samples (3.301 sec)

[Parallel(n_jobs=1)]: Using backend SequentialBackend with 1 concurrent workers.
[Parallel(n_jobs=1)]: Done   1 out of   1 | elapsed:    0.0s remaining:    0.0s
[Parallel(n_jobs=1)]: Done   2 out of   2 | elapsed:    0.0s remaining:    0.0s
[Parallel(n_jobs=1)]: Done   3 out of   3 | elapsed:    0.0s remaining:    0.0s
[Parallel(n_jobs=1)]: Done   3 out of   3 | elapsed:    0.0s finished
/mrhome/jesperdn/project_tools/python/projects/facerecognition_dtu/preprocess.py:53: RuntimeWarning: No bad channels to interpolate. Doing nothing...
  raw = raw.interpolate_bads()
EEG channel type selected for re-referencing
Adding average EEG reference projection.
1 projection items deactivated
Average reference projection was added, but has not been applied yet. Use the apply_proj method to apply it.
Epoching...
Not setting metadata
146 matching events found
No baseline correction applied
Created an SSP operator (subspace dimension = 1)
1 projection items activated
Using data from preloaded Raw for 146 events and 991 original time points ...
    Rejecting  epoch based on EOG : ['VEOG']
1 bad epochs dropped
Run : 02
Resolving symbolic link: /mrhome/jesperdn/INN_JESPER/DATASETS/nobackup/openneuro/ds000117/derivatives/meg_derivatives/sub-01/ses-meg/meg/sub-01_ses-meg_task-facerecognition_run-02_proc-sss_meg.fif -> /mnt/newprojects/INN/jesper/DATASETS/nobackup/openneuro/ds000117/.git/annex/objects/mp/Zw/MD5E-s890453689--96fc4a4a325ccb0206e5a7a5af92d4fb.fif/MD5E-s890453689--96fc4a4a325ccb0206e5a7a5af92d4fb.fif
Opening raw data file /mnt/newprojects/INN/jesper/DATASETS/nobackup/openneuro/ds000117/.git/annex/objects/mp/Zw/MD5E-s890453689--96fc4a4a325ccb0206e5a7a5af92d4fb.fif/MD5E-s890453689--96fc4a4a325ccb0206e5a7a5af92d4fb.fif...
/mrhome/jesperdn/project_tools/python/projects/facerecognition_dtu/preprocess.py:138: RuntimeWarning: This filename (/mnt/newprojects/INN/jesper/DATASETS/nobackup/openneuro/ds000117/.git/annex/objects/mp/Zw/MD5E-s890453689--96fc4a4a325ccb0206e5a7a5af92d4fb.fif/MD5E-s890453689--96fc4a4a325ccb0206e5a7a5af92d4fb.fif) does not conform to MNE naming conventions. All raw files should end with raw.fif, raw_sss.fif, raw_tsss.fif, _meg.fif, _eeg.fif, _ieeg.fif, raw.fif.gz, raw_sss.fif.gz, raw_tsss.fif.gz, _meg.fif.gz, _eeg.fif.gz or _ieeg.fif.gz
  raw = mne_bids.read_raw_bids(bids_path=io.bids["meg"])
    Range : 68200 ... 614899 =     62.000 ...   558.999 secs
Ready.
Reading events from /mrhome/jesperdn/INN_JESPER/DATASETS/nobackup/openneuro/ds000117/derivatives/meg_derivatives/sub-01/ses-meg/meg/sub-01_ses-meg_task-facerecognition_run-02_proc-sss_events.tsv.
/mrhome/jesperdn/project_tools/python/projects/facerecognition_dtu/preprocess.py:138: RuntimeWarning: The events file, /mrhome/jesperdn/INN_JESPER/DATASETS/nobackup/openneuro/ds000117/derivatives/meg_derivatives/sub-01/ses-meg/meg/sub-01_ses-meg_task-facerecognition_run-02_proc-sss_events.tsv, contains a "stim_type" column. This column should be renamed to "trial_type" for BIDS compatibility.
  raw = mne_bids.read_raw_bids(bids_path=io.bids["meg"])
/mrhome/jesperdn/project_tools/python/projects/facerecognition_dtu/preprocess.py:138: RuntimeWarning: Did not find any channels.tsv associated with sub-01_ses-meg_task-facerecognition_run-02_proc-sss.

The search_str was "/mrhome/jesperdn/INN_JESPER/DATASETS/nobackup/openneuro/ds000117/derivatives/meg_derivatives/sub-01/**/meg/sub-01_ses-meg*channels.tsv"
  raw = mne_bids.read_raw_bids(bids_path=io.bids["meg"])
/mrhome/jesperdn/project_tools/python/projects/facerecognition_dtu/preprocess.py:138: RuntimeWarning: participants.tsv file not found for /mnt/newprojects/INN/jesper/DATASETS/nobackup/openneuro/ds000117/.git/annex/objects/mp/Zw/MD5E-s890453689--96fc4a4a325ccb0206e5a7a5af92d4fb.fif/MD5E-s890453689--96fc4a4a325ccb0206e5a7a5af92d4fb.fif
  raw = mne_bids.read_raw_bids(bids_path=io.bids["meg"])
Reading 0 ... 546699  =      0.000 ...   496.999 secs...
Filtering raw data in 1 contiguous segment
Setting up band-pass filter from 1 - 40 Hz

FIR filter parameters
---------------------
Designing a one-pass, zero-phase, non-causal bandpass filter:
- Windowed time-domain design (firwin) method
- Hamming window with 0.0194 passband ripple and 53 dB stopband attenuation
- Lower passband edge: 1.00
- Lower transition bandwidth: 1.00 Hz (-6 dB cutoff frequency: 0.50 Hz)
- Upper passband edge: 40.00 Hz
- Upper transition bandwidth: 10.00 Hz (-6 dB cutoff frequency: 45.00 Hz)
- Filter length: 3631 samples (3.301 sec)

[Parallel(n_jobs=1)]: Using backend SequentialBackend with 1 concurrent workers.
[Parallel(n_jobs=1)]: Done   1 out of   1 | elapsed:    0.0s remaining:    0.0s
[Parallel(n_jobs=1)]: Done   2 out of   2 | elapsed:    0.0s remaining:    0.0s
[Parallel(n_jobs=1)]: Done   3 out of   3 | elapsed:    0.1s remaining:    0.0s
[Parallel(n_jobs=1)]: Done   4 out of   4 | elapsed:    0.1s remaining:    0.0s
[Parallel(n_jobs=1)]: Done 376 out of 376 | elapsed:    6.0s finished
Filtering a subset of channels. The highpass and lowpass values in the measurement info will not be updated.
Filtering raw data in 1 contiguous segment
Setting up band-pass filter from 1 - 40 Hz

FIR filter parameters
---------------------
Designing a one-pass, zero-phase, non-causal bandpass filter:
- Windowed time-domain design (firwin) method
- Hamming window with 0.0194 passband ripple and 53 dB stopband attenuation
- Lower passband edge: 1.00
- Lower transition bandwidth: 1.00 Hz (-6 dB cutoff frequency: 0.50 Hz)
- Upper passband edge: 40.00 Hz
- Upper transition bandwidth: 10.00 Hz (-6 dB cutoff frequency: 45.00 Hz)
- Filter length: 3631 samples (3.301 sec)

[Parallel(n_jobs=1)]: Using backend SequentialBackend with 1 concurrent workers.
[Parallel(n_jobs=1)]: Done   1 out of   1 | elapsed:    0.0s remaining:    0.0s
[Parallel(n_jobs=1)]: Done   2 out of   2 | elapsed:    0.0s remaining:    0.0s
[Parallel(n_jobs=1)]: Done   3 out of   3 | elapsed:    0.0s remaining:    0.0s
[Parallel(n_jobs=1)]: Done   3 out of   3 | elapsed:    0.0s finished
/mrhome/jesperdn/project_tools/python/projects/facerecognition_dtu/preprocess.py:53: RuntimeWarning: No bad channels to interpolate. Doing nothing...
  raw = raw.interpolate_bads()
EEG channel type selected for re-referencing
Adding average EEG reference projection.
1 projection items deactivated
Average reference projection was added, but has not been applied yet. Use the apply_proj method to apply it.
Epoching...
Not setting metadata
148 matching events found
No baseline correction applied
Created an SSP operator (subspace dimension = 1)
1 projection items activated
Using data from preloaded Raw for 148 events and 991 original time points ...
    Rejecting  epoch based on EOG : ['VEOG']
    Rejecting  epoch based on EOG : ['VEOG']
    Rejecting  epoch based on EOG : ['VEOG']
    Rejecting  epoch based on EOG : ['VEOG']
    Rejecting  epoch based on EOG : ['VEOG']
    Rejecting  epoch based on EOG : ['VEOG']
    Rejecting  epoch based on EOG : ['VEOG']
    Rejecting  epoch based on EOG : ['VEOG']
    Rejecting  epoch based on EOG : ['VEOG']
    Rejecting  epoch based on EOG : ['VEOG']
    Rejecting  epoch based on EOG : ['VEOG']
    Rejecting  epoch based on EOG : ['VEOG']
    Rejecting  epoch based on EOG : ['HEOG']
    Rejecting  epoch based on EOG : ['VEOG']
    Rejecting  epoch based on EOG : ['VEOG']
    Rejecting  epoch based on EOG : ['VEOG']
    Rejecting  epoch based on EOG : ['VEOG']
    Rejecting  epoch based on EOG : ['VEOG']
    Rejecting  epoch based on EOG : ['HEOG']
    Rejecting  epoch based on EOG : ['VEOG']
    Rejecting  epoch based on EOG : ['VEOG']
    Rejecting  epoch based on EOG : ['VEOG']
22 bad epochs dropped
Run : 03
Resolving symbolic link: /mrhome/jesperdn/INN_JESPER/DATASETS/nobackup/openneuro/ds000117/derivatives/meg_derivatives/sub-01/ses-meg/meg/sub-01_ses-meg_task-facerecognition_run-03_proc-sss_meg.fif -> /mnt/newprojects/INN/jesper/DATASETS/nobackup/openneuro/ds000117/.git/annex/objects/z1/Wp/MD5E-s904675057--429c7c749f61f080b6209950c3eb0f14.fif/MD5E-s904675057--429c7c749f61f080b6209950c3eb0f14.fif
Opening raw data file /mnt/newprojects/INN/jesper/DATASETS/nobackup/openneuro/ds000117/.git/annex/objects/z1/Wp/MD5E-s904675057--429c7c749f61f080b6209950c3eb0f14.fif/MD5E-s904675057--429c7c749f61f080b6209950c3eb0f14.fif...
/mrhome/jesperdn/project_tools/python/projects/facerecognition_dtu/preprocess.py:138: RuntimeWarning: This filename (/mnt/newprojects/INN/jesper/DATASETS/nobackup/openneuro/ds000117/.git/annex/objects/z1/Wp/MD5E-s904675057--429c7c749f61f080b6209950c3eb0f14.fif/MD5E-s904675057--429c7c749f61f080b6209950c3eb0f14.fif) does not conform to MNE naming conventions. All raw files should end with raw.fif, raw_sss.fif, raw_tsss.fif, _meg.fif, _eeg.fif, _ieeg.fif, raw.fif.gz, raw_sss.fif.gz, raw_tsss.fif.gz, _meg.fif.gz, _eeg.fif.gz or _ieeg.fif.gz
  raw = mne_bids.read_raw_bids(bids_path=io.bids["meg"])
    Range : 63800 ... 619299 =     58.000 ...   562.999 secs
Ready.
Reading events from /mrhome/jesperdn/INN_JESPER/DATASETS/nobackup/openneuro/ds000117/derivatives/meg_derivatives/sub-01/ses-meg/meg/sub-01_ses-meg_task-facerecognition_run-03_proc-sss_events.tsv.
/mrhome/jesperdn/project_tools/python/projects/facerecognition_dtu/preprocess.py:138: RuntimeWarning: The events file, /mrhome/jesperdn/INN_JESPER/DATASETS/nobackup/openneuro/ds000117/derivatives/meg_derivatives/sub-01/ses-meg/meg/sub-01_ses-meg_task-facerecognition_run-03_proc-sss_events.tsv, contains a "stim_type" column. This column should be renamed to "trial_type" for BIDS compatibility.
  raw = mne_bids.read_raw_bids(bids_path=io.bids["meg"])
/mrhome/jesperdn/project_tools/python/projects/facerecognition_dtu/preprocess.py:138: RuntimeWarning: Did not find any channels.tsv associated with sub-01_ses-meg_task-facerecognition_run-03_proc-sss.

The search_str was "/mrhome/jesperdn/INN_JESPER/DATASETS/nobackup/openneuro/ds000117/derivatives/meg_derivatives/sub-01/**/meg/sub-01_ses-meg*channels.tsv"
  raw = mne_bids.read_raw_bids(bids_path=io.bids["meg"])
/mrhome/jesperdn/project_tools/python/projects/facerecognition_dtu/preprocess.py:138: RuntimeWarning: participants.tsv file not found for /mnt/newprojects/INN/jesper/DATASETS/nobackup/openneuro/ds000117/.git/annex/objects/z1/Wp/MD5E-s904675057--429c7c749f61f080b6209950c3eb0f14.fif/MD5E-s904675057--429c7c749f61f080b6209950c3eb0f14.fif
  raw = mne_bids.read_raw_bids(bids_path=io.bids["meg"])
Reading 0 ... 555499  =      0.000 ...   504.999 secs...
Filtering raw data in 1 contiguous segment
Setting up band-pass filter from 1 - 40 Hz

FIR filter parameters
---------------------
Designing a one-pass, zero-phase, non-causal bandpass filter:
- Windowed time-domain design (firwin) method
- Hamming window with 0.0194 passband ripple and 53 dB stopband attenuation
- Lower passband edge: 1.00
- Lower transition bandwidth: 1.00 Hz (-6 dB cutoff frequency: 0.50 Hz)
- Upper passband edge: 40.00 Hz
- Upper transition bandwidth: 10.00 Hz (-6 dB cutoff frequency: 45.00 Hz)
- Filter length: 3631 samples (3.301 sec)

[Parallel(n_jobs=1)]: Using backend SequentialBackend with 1 concurrent workers.
[Parallel(n_jobs=1)]: Done   1 out of   1 | elapsed:    0.0s remaining:    0.0s
[Parallel(n_jobs=1)]: Done   2 out of   2 | elapsed:    0.0s remaining:    0.0s
[Parallel(n_jobs=1)]: Done   3 out of   3 | elapsed:    0.0s remaining:    0.0s
[Parallel(n_jobs=1)]: Done   4 out of   4 | elapsed:    0.1s remaining:    0.0s
[Parallel(n_jobs=1)]: Done 376 out of 376 | elapsed:    5.7s finished
Filtering a subset of channels. The highpass and lowpass values in the measurement info will not be updated.
Filtering raw data in 1 contiguous segment
Setting up band-pass filter from 1 - 40 Hz

FIR filter parameters
---------------------
Designing a one-pass, zero-phase, non-causal bandpass filter:
- Windowed time-domain design (firwin) method
- Hamming window with 0.0194 passband ripple and 53 dB stopband attenuation
- Lower passband edge: 1.00
- Lower transition bandwidth: 1.00 Hz (-6 dB cutoff frequency: 0.50 Hz)
- Upper passband edge: 40.00 Hz
- Upper transition bandwidth: 10.00 Hz (-6 dB cutoff frequency: 45.00 Hz)
- Filter length: 3631 samples (3.301 sec)

[Parallel(n_jobs=1)]: Using backend SequentialBackend with 1 concurrent workers.
[Parallel(n_jobs=1)]: Done   1 out of   1 | elapsed:    0.0s remaining:    0.0s
[Parallel(n_jobs=1)]: Done   2 out of   2 | elapsed:    0.0s remaining:    0.0s
[Parallel(n_jobs=1)]: Done   3 out of   3 | elapsed:    0.0s remaining:    0.0s
[Parallel(n_jobs=1)]: Done   3 out of   3 | elapsed:    0.0s finished
/mrhome/jesperdn/project_tools/python/projects/facerecognition_dtu/preprocess.py:53: RuntimeWarning: No bad channels to interpolate. Doing nothing...
  raw = raw.interpolate_bads()
EEG channel type selected for re-referencing
Adding average EEG reference projection.
1 projection items deactivated
Average reference projection was added, but has not been applied yet. Use the apply_proj method to apply it.
Epoching...
Not setting metadata
150 matching events found
No baseline correction applied
Created an SSP operator (subspace dimension = 1)
1 projection items activated
Using data from preloaded Raw for 150 events and 991 original time points ...
    Rejecting  epoch based on EOG : ['VEOG']
    Rejecting  epoch based on EOG : ['VEOG']
    Rejecting  epoch based on EOG : ['VEOG']
    Rejecting  epoch based on EOG : ['VEOG']
    Rejecting  epoch based on EOG : ['VEOG']
    Rejecting  epoch based on EOG : ['VEOG']
    Rejecting  epoch based on EOG : ['VEOG']
    Rejecting  epoch based on EOG : ['VEOG']
    Rejecting  epoch based on EOG : ['HEOG', 'VEOG']
    Rejecting  epoch based on EOG : ['VEOG']
    Rejecting  epoch based on EOG : ['VEOG']
    Rejecting  epoch based on EOG : ['VEOG']
    Rejecting  epoch based on EOG : ['VEOG']
    Rejecting  epoch based on EOG : ['VEOG']
    Rejecting  epoch based on EOG : ['VEOG']
    Rejecting  epoch based on EOG : ['VEOG']
    Rejecting  epoch based on EOG : ['VEOG']
    Rejecting  epoch based on EOG : ['VEOG']
    Rejecting  epoch based on EOG : ['VEOG']
    Rejecting  epoch based on EOG : ['VEOG']
    Rejecting  epoch based on EOG : ['VEOG']
    Rejecting  epoch based on EOG : ['HEOG', 'VEOG']
    Rejecting  epoch based on EOG : ['HEOG', 'VEOG']
    Rejecting  epoch based on EOG : ['VEOG']
    Rejecting  epoch based on EOG : ['VEOG']
    Rejecting  epoch based on EOG : ['VEOG']
    Rejecting  epoch based on EOG : ['HEOG', 'VEOG']
27 bad epochs dropped
Run : 04
Resolving symbolic link: /mrhome/jesperdn/INN_JESPER/DATASETS/nobackup/openneuro/ds000117/derivatives/meg_derivatives/sub-01/ses-meg/meg/sub-01_ses-meg_task-facerecognition_run-04_proc-sss_meg.fif -> /mnt/newprojects/INN/jesper/DATASETS/nobackup/openneuro/ds000117/.git/annex/objects/W6/QF/MD5E-s883343593--c477c052970d6d60ec422be22c76bec9.fif/MD5E-s883343593--c477c052970d6d60ec422be22c76bec9.fif
Opening raw data file /mnt/newprojects/INN/jesper/DATASETS/nobackup/openneuro/ds000117/.git/annex/objects/W6/QF/MD5E-s883343593--c477c052970d6d60ec422be22c76bec9.fif/MD5E-s883343593--c477c052970d6d60ec422be22c76bec9.fif...
/mrhome/jesperdn/project_tools/python/projects/facerecognition_dtu/preprocess.py:138: RuntimeWarning: This filename (/mnt/newprojects/INN/jesper/DATASETS/nobackup/openneuro/ds000117/.git/annex/objects/W6/QF/MD5E-s883343593--c477c052970d6d60ec422be22c76bec9.fif/MD5E-s883343593--c477c052970d6d60ec422be22c76bec9.fif) does not conform to MNE naming conventions. All raw files should end with raw.fif, raw_sss.fif, raw_tsss.fif, _meg.fif, _eeg.fif, _ieeg.fif, raw.fif.gz, raw_sss.fif.gz, raw_tsss.fif.gz, _meg.fif.gz, _eeg.fif.gz or _ieeg.fif.gz
  raw = mne_bids.read_raw_bids(bids_path=io.bids["meg"])
    Range : 47300 ... 589599 =     43.000 ...   535.999 secs
Ready.
Reading events from /mrhome/jesperdn/INN_JESPER/DATASETS/nobackup/openneuro/ds000117/derivatives/meg_derivatives/sub-01/ses-meg/meg/sub-01_ses-meg_task-facerecognition_run-04_proc-sss_events.tsv.
/mrhome/jesperdn/project_tools/python/projects/facerecognition_dtu/preprocess.py:138: RuntimeWarning: The events file, /mrhome/jesperdn/INN_JESPER/DATASETS/nobackup/openneuro/ds000117/derivatives/meg_derivatives/sub-01/ses-meg/meg/sub-01_ses-meg_task-facerecognition_run-04_proc-sss_events.tsv, contains a "stim_type" column. This column should be renamed to "trial_type" for BIDS compatibility.
  raw = mne_bids.read_raw_bids(bids_path=io.bids["meg"])
/mrhome/jesperdn/project_tools/python/projects/facerecognition_dtu/preprocess.py:138: RuntimeWarning: Did not find any channels.tsv associated with sub-01_ses-meg_task-facerecognition_run-04_proc-sss.

The search_str was "/mrhome/jesperdn/INN_JESPER/DATASETS/nobackup/openneuro/ds000117/derivatives/meg_derivatives/sub-01/**/meg/sub-01_ses-meg*channels.tsv"
  raw = mne_bids.read_raw_bids(bids_path=io.bids["meg"])
/mrhome/jesperdn/project_tools/python/projects/facerecognition_dtu/preprocess.py:138: RuntimeWarning: participants.tsv file not found for /mnt/newprojects/INN/jesper/DATASETS/nobackup/openneuro/ds000117/.git/annex/objects/W6/QF/MD5E-s883343593--c477c052970d6d60ec422be22c76bec9.fif/MD5E-s883343593--c477c052970d6d60ec422be22c76bec9.fif
  raw = mne_bids.read_raw_bids(bids_path=io.bids["meg"])
Reading 0 ... 542299  =      0.000 ...   492.999 secs...
Filtering raw data in 1 contiguous segment
Setting up band-pass filter from 1 - 40 Hz

FIR filter parameters
---------------------
Designing a one-pass, zero-phase, non-causal bandpass filter:
- Windowed time-domain design (firwin) method
- Hamming window with 0.0194 passband ripple and 53 dB stopband attenuation
- Lower passband edge: 1.00
- Lower transition bandwidth: 1.00 Hz (-6 dB cutoff frequency: 0.50 Hz)
- Upper passband edge: 40.00 Hz
- Upper transition bandwidth: 10.00 Hz (-6 dB cutoff frequency: 45.00 Hz)
- Filter length: 3631 samples (3.301 sec)

[Parallel(n_jobs=1)]: Using backend SequentialBackend with 1 concurrent workers.
[Parallel(n_jobs=1)]: Done   1 out of   1 | elapsed:    0.0s remaining:    0.0s
[Parallel(n_jobs=1)]: Done   2 out of   2 | elapsed:    0.0s remaining:    0.0s
[Parallel(n_jobs=1)]: Done   3 out of   3 | elapsed:    0.0s remaining:    0.0s
[Parallel(n_jobs=1)]: Done   4 out of   4 | elapsed:    0.1s remaining:    0.0s
[Parallel(n_jobs=1)]: Done 376 out of 376 | elapsed:    5.6s finished
Filtering a subset of channels. The highpass and lowpass values in the measurement info will not be updated.
Filtering raw data in 1 contiguous segment
Setting up band-pass filter from 1 - 40 Hz

FIR filter parameters
---------------------
Designing a one-pass, zero-phase, non-causal bandpass filter:
- Windowed time-domain design (firwin) method
- Hamming window with 0.0194 passband ripple and 53 dB stopband attenuation
- Lower passband edge: 1.00
- Lower transition bandwidth: 1.00 Hz (-6 dB cutoff frequency: 0.50 Hz)
- Upper passband edge: 40.00 Hz
- Upper transition bandwidth: 10.00 Hz (-6 dB cutoff frequency: 45.00 Hz)
- Filter length: 3631 samples (3.301 sec)

[Parallel(n_jobs=1)]: Using backend SequentialBackend with 1 concurrent workers.
[Parallel(n_jobs=1)]: Done   1 out of   1 | elapsed:    0.0s remaining:    0.0s
[Parallel(n_jobs=1)]: Done   2 out of   2 | elapsed:    0.0s remaining:    0.0s
[Parallel(n_jobs=1)]: Done   3 out of   3 | elapsed:    0.0s remaining:    0.0s
[Parallel(n_jobs=1)]: Done   3 out of   3 | elapsed:    0.0s finished
/mrhome/jesperdn/project_tools/python/projects/facerecognition_dtu/preprocess.py:53: RuntimeWarning: No bad channels to interpolate. Doing nothing...
  raw = raw.interpolate_bads()
EEG channel type selected for re-referencing
Adding average EEG reference projection.
1 projection items deactivated
Average reference projection was added, but has not been applied yet. Use the apply_proj method to apply it.
Epoching...
Not setting metadata
147 matching events found
No baseline correction applied
Created an SSP operator (subspace dimension = 1)
1 projection items activated
Using data from preloaded Raw for 147 events and 991 original time points ...
    Rejecting  epoch based on EOG : ['VEOG']
    Rejecting  epoch based on EOG : ['VEOG']
    Rejecting  epoch based on EOG : ['VEOG']
    Rejecting  epoch based on EOG : ['VEOG']
    Rejecting  epoch based on EOG : ['VEOG']
    Rejecting  epoch based on EOG : ['VEOG']
    Rejecting  epoch based on EOG : ['HEOG', 'VEOG']
    Rejecting  epoch based on EOG : ['VEOG']
    Rejecting  epoch based on EOG : ['VEOG']
    Rejecting  epoch based on EOG : ['VEOG']
    Rejecting  epoch based on EOG : ['VEOG']
    Rejecting  epoch based on EOG : ['VEOG']
    Rejecting  epoch based on EOG : ['VEOG']
    Rejecting  epoch based on EOG : ['HEOG']
    Rejecting  epoch based on EOG : ['HEOG']
    Rejecting  epoch based on EOG : ['HEOG', 'VEOG']
    Rejecting  epoch based on EOG : ['VEOG']
    Rejecting  epoch based on EOG : ['VEOG']
    Rejecting  epoch based on EOG : ['VEOG']
    Rejecting  epoch based on EOG : ['HEOG', 'VEOG']
    Rejecting  epoch based on EOG : ['VEOG']
    Rejecting  epoch based on EOG : ['VEOG']
    Rejecting  epoch based on EOG : ['VEOG']
    Rejecting  epoch based on EOG : ['VEOG']
    Rejecting  epoch based on EOG : ['VEOG']
    Rejecting  epoch based on EOG : ['VEOG']
    Rejecting  epoch based on EOG : ['VEOG']
    Rejecting  epoch based on EOG : ['VEOG']
28 bad epochs dropped
Run : 05
Resolving symbolic link: /mrhome/jesperdn/INN_JESPER/DATASETS/nobackup/openneuro/ds000117/derivatives/meg_derivatives/sub-01/ses-meg/meg/sub-01_ses-meg_task-facerecognition_run-05_proc-sss_meg.fif -> /mnt/newprojects/INN/jesper/DATASETS/nobackup/openneuro/ds000117/.git/annex/objects/fZ/65/MD5E-s904675465--ba42384394f1ad3878a452a3d50f6cd8.fif/MD5E-s904675465--ba42384394f1ad3878a452a3d50f6cd8.fif
Opening raw data file /mnt/newprojects/INN/jesper/DATASETS/nobackup/openneuro/ds000117/.git/annex/objects/fZ/65/MD5E-s904675465--ba42384394f1ad3878a452a3d50f6cd8.fif/MD5E-s904675465--ba42384394f1ad3878a452a3d50f6cd8.fif...
/mrhome/jesperdn/project_tools/python/projects/facerecognition_dtu/preprocess.py:138: RuntimeWarning: This filename (/mnt/newprojects/INN/jesper/DATASETS/nobackup/openneuro/ds000117/.git/annex/objects/fZ/65/MD5E-s904675465--ba42384394f1ad3878a452a3d50f6cd8.fif/MD5E-s904675465--ba42384394f1ad3878a452a3d50f6cd8.fif) does not conform to MNE naming conventions. All raw files should end with raw.fif, raw_sss.fif, raw_tsss.fif, _meg.fif, _eeg.fif, _ieeg.fif, raw.fif.gz, raw_sss.fif.gz, raw_tsss.fif.gz, _meg.fif.gz, _eeg.fif.gz or _ieeg.fif.gz
  raw = mne_bids.read_raw_bids(bids_path=io.bids["meg"])
    Range : 77000 ... 632499 =     70.000 ...   574.999 secs
Ready.
Reading events from /mrhome/jesperdn/INN_JESPER/DATASETS/nobackup/openneuro/ds000117/derivatives/meg_derivatives/sub-01/ses-meg/meg/sub-01_ses-meg_task-facerecognition_run-05_proc-sss_events.tsv.
/mrhome/jesperdn/project_tools/python/projects/facerecognition_dtu/preprocess.py:138: RuntimeWarning: The events file, /mrhome/jesperdn/INN_JESPER/DATASETS/nobackup/openneuro/ds000117/derivatives/meg_derivatives/sub-01/ses-meg/meg/sub-01_ses-meg_task-facerecognition_run-05_proc-sss_events.tsv, contains a "stim_type" column. This column should be renamed to "trial_type" for BIDS compatibility.
  raw = mne_bids.read_raw_bids(bids_path=io.bids["meg"])
/mrhome/jesperdn/project_tools/python/projects/facerecognition_dtu/preprocess.py:138: RuntimeWarning: Did not find any channels.tsv associated with sub-01_ses-meg_task-facerecognition_run-05_proc-sss.

The search_str was "/mrhome/jesperdn/INN_JESPER/DATASETS/nobackup/openneuro/ds000117/derivatives/meg_derivatives/sub-01/**/meg/sub-01_ses-meg*channels.tsv"
  raw = mne_bids.read_raw_bids(bids_path=io.bids["meg"])
/mrhome/jesperdn/project_tools/python/projects/facerecognition_dtu/preprocess.py:138: RuntimeWarning: participants.tsv file not found for /mnt/newprojects/INN/jesper/DATASETS/nobackup/openneuro/ds000117/.git/annex/objects/fZ/65/MD5E-s904675465--ba42384394f1ad3878a452a3d50f6cd8.fif/MD5E-s904675465--ba42384394f1ad3878a452a3d50f6cd8.fif
  raw = mne_bids.read_raw_bids(bids_path=io.bids["meg"])
Reading 0 ... 555499  =      0.000 ...   504.999 secs...
Filtering raw data in 1 contiguous segment
Setting up band-pass filter from 1 - 40 Hz

FIR filter parameters
---------------------
Designing a one-pass, zero-phase, non-causal bandpass filter:
- Windowed time-domain design (firwin) method
- Hamming window with 0.0194 passband ripple and 53 dB stopband attenuation
- Lower passband edge: 1.00
- Lower transition bandwidth: 1.00 Hz (-6 dB cutoff frequency: 0.50 Hz)
- Upper passband edge: 40.00 Hz
- Upper transition bandwidth: 10.00 Hz (-6 dB cutoff frequency: 45.00 Hz)
- Filter length: 3631 samples (3.301 sec)

[Parallel(n_jobs=1)]: Using backend SequentialBackend with 1 concurrent workers.
[Parallel(n_jobs=1)]: Done   1 out of   1 | elapsed:    0.0s remaining:    0.0s
[Parallel(n_jobs=1)]: Done   2 out of   2 | elapsed:    0.0s remaining:    0.0s
[Parallel(n_jobs=1)]: Done   3 out of   3 | elapsed:    0.0s remaining:    0.0s
[Parallel(n_jobs=1)]: Done   4 out of   4 | elapsed:    0.1s remaining:    0.0s
[Parallel(n_jobs=1)]: Done 376 out of 376 | elapsed:    5.9s finished
Filtering a subset of channels. The highpass and lowpass values in the measurement info will not be updated.
Filtering raw data in 1 contiguous segment
Setting up band-pass filter from 1 - 40 Hz

FIR filter parameters
---------------------
Designing a one-pass, zero-phase, non-causal bandpass filter:
- Windowed time-domain design (firwin) method
- Hamming window with 0.0194 passband ripple and 53 dB stopband attenuation
- Lower passband edge: 1.00
- Lower transition bandwidth: 1.00 Hz (-6 dB cutoff frequency: 0.50 Hz)
- Upper passband edge: 40.00 Hz
- Upper transition bandwidth: 10.00 Hz (-6 dB cutoff frequency: 45.00 Hz)
- Filter length: 3631 samples (3.301 sec)

[Parallel(n_jobs=1)]: Using backend SequentialBackend with 1 concurrent workers.
[Parallel(n_jobs=1)]: Done   1 out of   1 | elapsed:    0.0s remaining:    0.0s
[Parallel(n_jobs=1)]: Done   2 out of   2 | elapsed:    0.0s remaining:    0.0s
[Parallel(n_jobs=1)]: Done   3 out of   3 | elapsed:    0.0s remaining:    0.0s
[Parallel(n_jobs=1)]: Done   3 out of   3 | elapsed:    0.0s finished
/mrhome/jesperdn/project_tools/python/projects/facerecognition_dtu/preprocess.py:53: RuntimeWarning: No bad channels to interpolate. Doing nothing...
  raw = raw.interpolate_bads()
EEG channel type selected for re-referencing
Adding average EEG reference projection.
1 projection items deactivated
Average reference projection was added, but has not been applied yet. Use the apply_proj method to apply it.
Epoching...
Not setting metadata
148 matching events found
No baseline correction applied
Created an SSP operator (subspace dimension = 1)
1 projection items activated
Using data from preloaded Raw for 148 events and 991 original time points ...
    Rejecting  epoch based on EOG : ['VEOG']
    Rejecting  epoch based on EOG : ['VEOG']
    Rejecting  epoch based on EOG : ['VEOG']
    Rejecting  epoch based on EOG : ['VEOG']
    Rejecting  epoch based on EOG : ['VEOG']
    Rejecting  epoch based on EOG : ['VEOG']
    Rejecting  epoch based on EOG : ['VEOG']
    Rejecting  epoch based on EOG : ['VEOG']
    Rejecting  epoch based on EOG : ['HEOG', 'VEOG']
    Rejecting  epoch based on EOG : ['VEOG']
    Rejecting  epoch based on EOG : ['VEOG']
    Rejecting  epoch based on EOG : ['VEOG']
    Rejecting  epoch based on EOG : ['VEOG']
    Rejecting  epoch based on EOG : ['VEOG']
    Rejecting  epoch based on EOG : ['VEOG']
    Rejecting  epoch based on EOG : ['VEOG']
    Rejecting  epoch based on EOG : ['VEOG']
    Rejecting  epoch based on EOG : ['VEOG']
    Rejecting  epoch based on EOG : ['HEOG', 'VEOG']
    Rejecting  epoch based on EOG : ['VEOG']
    Rejecting  epoch based on EOG : ['VEOG']
    Rejecting  epoch based on EOG : ['VEOG']
    Rejecting  epoch based on EOG : ['HEOG', 'VEOG']
    Rejecting  epoch based on EOG : ['VEOG']
    Rejecting  epoch based on EOG : ['VEOG']
    Rejecting  epoch based on EOG : ['VEOG']
    Rejecting  epoch based on EOG : ['VEOG']
    Rejecting  epoch based on EOG : ['VEOG']
    Rejecting  epoch based on EOG : ['HEOG', 'VEOG']
    Rejecting  epoch based on EOG : ['HEOG', 'VEOG']
    Rejecting  epoch based on EOG : ['VEOG']
    Rejecting  epoch based on EOG : ['VEOG']
    Rejecting  epoch based on EOG : ['HEOG', 'VEOG']
33 bad epochs dropped
Run : 06
Resolving symbolic link: /mrhome/jesperdn/INN_JESPER/DATASETS/nobackup/openneuro/ds000117/derivatives/meg_derivatives/sub-01/ses-meg/meg/sub-01_ses-meg_task-facerecognition_run-06_proc-sss_meg.fif -> /mnt/newprojects/INN/jesper/DATASETS/nobackup/openneuro/ds000117/.git/annex/objects/f7/fm/MD5E-s895787977--8d2365290475397133d38d351604afbb.fif/MD5E-s895787977--8d2365290475397133d38d351604afbb.fif
Opening raw data file /mnt/newprojects/INN/jesper/DATASETS/nobackup/openneuro/ds000117/.git/annex/objects/f7/fm/MD5E-s895787977--8d2365290475397133d38d351604afbb.fif/MD5E-s895787977--8d2365290475397133d38d351604afbb.fif...
/mrhome/jesperdn/project_tools/python/projects/facerecognition_dtu/preprocess.py:138: RuntimeWarning: This filename (/mnt/newprojects/INN/jesper/DATASETS/nobackup/openneuro/ds000117/.git/annex/objects/f7/fm/MD5E-s895787977--8d2365290475397133d38d351604afbb.fif/MD5E-s895787977--8d2365290475397133d38d351604afbb.fif) does not conform to MNE naming conventions. All raw files should end with raw.fif, raw_sss.fif, raw_tsss.fif, _meg.fif, _eeg.fif, _ieeg.fif, raw.fif.gz, raw_sss.fif.gz, raw_tsss.fif.gz, _meg.fif.gz, _eeg.fif.gz or _ieeg.fif.gz
  raw = mne_bids.read_raw_bids(bids_path=io.bids["meg"])
    Range : 53900 ... 603899 =     49.000 ...   548.999 secs
Ready.
Reading events from /mrhome/jesperdn/INN_JESPER/DATASETS/nobackup/openneuro/ds000117/derivatives/meg_derivatives/sub-01/ses-meg/meg/sub-01_ses-meg_task-facerecognition_run-06_proc-sss_events.tsv.
/mrhome/jesperdn/project_tools/python/projects/facerecognition_dtu/preprocess.py:138: RuntimeWarning: The events file, /mrhome/jesperdn/INN_JESPER/DATASETS/nobackup/openneuro/ds000117/derivatives/meg_derivatives/sub-01/ses-meg/meg/sub-01_ses-meg_task-facerecognition_run-06_proc-sss_events.tsv, contains a "stim_type" column. This column should be renamed to "trial_type" for BIDS compatibility.
  raw = mne_bids.read_raw_bids(bids_path=io.bids["meg"])
/mrhome/jesperdn/project_tools/python/projects/facerecognition_dtu/preprocess.py:138: RuntimeWarning: Did not find any channels.tsv associated with sub-01_ses-meg_task-facerecognition_run-06_proc-sss.

The search_str was "/mrhome/jesperdn/INN_JESPER/DATASETS/nobackup/openneuro/ds000117/derivatives/meg_derivatives/sub-01/**/meg/sub-01_ses-meg*channels.tsv"
  raw = mne_bids.read_raw_bids(bids_path=io.bids["meg"])
/mrhome/jesperdn/project_tools/python/projects/facerecognition_dtu/preprocess.py:138: RuntimeWarning: participants.tsv file not found for /mnt/newprojects/INN/jesper/DATASETS/nobackup/openneuro/ds000117/.git/annex/objects/f7/fm/MD5E-s895787977--8d2365290475397133d38d351604afbb.fif/MD5E-s895787977--8d2365290475397133d38d351604afbb.fif
  raw = mne_bids.read_raw_bids(bids_path=io.bids["meg"])
Reading 0 ... 549999  =      0.000 ...   499.999 secs...
Filtering raw data in 1 contiguous segment
Setting up band-pass filter from 1 - 40 Hz

FIR filter parameters
---------------------
Designing a one-pass, zero-phase, non-causal bandpass filter:
- Windowed time-domain design (firwin) method
- Hamming window with 0.0194 passband ripple and 53 dB stopband attenuation
- Lower passband edge: 1.00
- Lower transition bandwidth: 1.00 Hz (-6 dB cutoff frequency: 0.50 Hz)
- Upper passband edge: 40.00 Hz
- Upper transition bandwidth: 10.00 Hz (-6 dB cutoff frequency: 45.00 Hz)
- Filter length: 3631 samples (3.301 sec)

[Parallel(n_jobs=1)]: Using backend SequentialBackend with 1 concurrent workers.
[Parallel(n_jobs=1)]: Done   1 out of   1 | elapsed:    0.0s remaining:    0.0s
[Parallel(n_jobs=1)]: Done   2 out of   2 | elapsed:    0.0s remaining:    0.0s
[Parallel(n_jobs=1)]: Done   3 out of   3 | elapsed:    0.0s remaining:    0.0s
[Parallel(n_jobs=1)]: Done   4 out of   4 | elapsed:    0.1s remaining:    0.0s
slurmstepd: error: *** JOB 896176 ON bigger2 CANCELLED AT 2023-02-28T08:59:02 ***
