/mrhome/jesperdn/miniconda3/envs/simnibs/lib/python3.9/site-packages/scipy/__init__.py:146: UserWarning: A NumPy version >=1.16.5 and <1.23.0 is required for this version of SciPy (detected version 1.23.5
  warnings.warn(f"A NumPy version >={np_minversion} and <{np_maxversion}"
/home/jesperdn/project_tools/python/projects/facerecognition/utils.py:70: FutureWarning: extension should start with a period ".", but got: "fif". Prepending "." to form: ".fif". This will raise an exception starting with MNE-BIDS 0.12.
  meg=mne_bids.BIDSPath(
Interpolating subject 11
    Reading a source space...
    [done]
    Reading a source space...
    [done]
    2 source spaces read
Interpolating session 01 to surface
Writing STC to disk...
[done]
Interpolating session 02 to surface
Writing STC to disk...
[done]
Interpolating session 03 to surface
Writing STC to disk...
[done]
Interpolating session 04 to surface
Writing STC to disk...
[done]
Interpolating session 05 to surface
Writing STC to disk...
[done]
Interpolating session 06 to surface
Writing STC to disk...
[done]
Interpolating session 07 to surface
Writing STC to disk...
[done]
Interpolating session 08 to surface
Writing STC to disk...
[done]
Interpolating session 09 to surface
Writing STC to disk...
[done]
Done
