/mrhome/jesperdn/miniconda3/envs/simnibs/lib/python3.9/site-packages/scipy/__init__.py:146: UserWarning: A NumPy version >=1.16.5 and <1.23.0 is required for this version of SciPy (detected version 1.23.5
  warnings.warn(f"A NumPy version >={np_minversion} and <{np_maxversion}"
/mrhome/jesperdn/project_tools/python/projects/facerecognition_dtu/inverse.py:25: RuntimeWarning: This filename (/mrhome/jesperdn/INN_JESPER/projects/facerecognition_dtu/data/sub-12/ses-meg/stage-preprocess/task-facerecognition_proc-p_cond-famous_split-0_evo.fif) does not conform to MNE naming conventions. All evoked files should end with -ave.fif, -ave.fif.gz, _ave.fif or _ave.fif.gz
  evoked = mne.read_evokeds(io.data.get_filename(**evo_kwargs))[0]
Reading /mrhome/jesperdn/INN_JESPER/projects/facerecognition_dtu/data/sub-12/ses-meg/stage-preprocess/task-facerecognition_proc-p_cond-famous_split-0_evo.fif ...
    Read a total of 1 projection items:
        Average EEG reference (1 x 70) active
    Found the data of interest:
        t =    -100.00 ...     795.00 ms (face/famous)
        0 CTF compensation matrices available
        nave = 119 - aspect type = 100
Projections have already been applied. Setting proj attribute to True.
No baseline correction applied
    376 x 376 full covariance (kind = 1) found.
    Read a total of 1 projection items:
        Average EEG reference (1 x 70) active
    376 x 376 full covariance (kind = 1) found.
    Read a total of 1 projection items:
        Average EEG reference (1 x 70) active
Reading forward solution from /mrhome/jesperdn/INN_JESPER/projects/facerecognition_dtu/data/sub-12/ses-meg/stage-forward/task-facerecognition_fwd-mne_fwd.fif...
    Reading a source space...
    Computing patch statistics...
    Patch information added...
    [done]
    Reading a source space...
    Computing patch statistics...
    Patch information added...
    [done]
    2 source spaces read
    Desired named matrix (kind = 3523) not available
    Read MEG forward solution (20456 sources, 306 channels, free orientations)
    Desired named matrix (kind = 3523) not available
    Read EEG forward solution (20456 sources, 70 channels, free orientations)
    Forward solutions combined: MEG, EEG
    Source spaces transformed to the forward solution coordinate frame
Removing projector <Projection | Average EEG reference, active : True, n_channels : 70>
Computing rank from covariance with rank=None
    Using tolerance 3.8e-13 (2.2e-16 eps * 306 dim * 5.6  max singular value)
    Estimated rank (mag + grad): 69
    MEG: rank 69 computed from 306 data channels with 0 projectors
Computing rank from covariance with rank=None
    Using tolerance 5.9e-13 (2.2e-16 eps * 306 dim * 8.7  max singular value)
    Estimated rank (mag + grad): 69
    MEG: rank 69 computed from 306 data channels with 0 projectors
Making LCMV beamformer with rank {'meg': 69}
Computing inverse operator with 306 channels.
    306 out of 306 channels remain after picking
Selected 306 channels
Whitening the forward solution.
Computing rank from covariance with rank={'meg': 69}
    Setting small MEG eigenvalues to zero (without PCA)
Creating the source covariance matrix
Adjusting source covariance matrix.
Computing beamformer filters for 20456 sources
Filter computation complete
combining the current components...
Writing STC to disk...
[done]
Writing STC to disk...
[done]
Computing rank from covariance with rank=None
    Using tolerance 1.2e-12 (2.2e-16 eps * 70 dim * 80  max singular value)
    Estimated rank (eeg): 69
    EEG: rank 69 computed from 70 data channels with 1 projector
Computing rank from covariance with rank=None
    Using tolerance 1.4e-12 (2.2e-16 eps * 70 dim * 93  max singular value)
    Estimated rank (eeg): 69
    EEG: rank 69 computed from 70 data channels with 1 projector
Making LCMV beamformer with rank {'eeg': 69}
Computing inverse operator with 70 channels.
    70 out of 70 channels remain after picking
Selected 70 channels
Whitening the forward solution.
    Created an SSP operator (subspace dimension = 1)
Computing rank from covariance with rank={'eeg': 69}
    Setting small EEG eigenvalues to zero (without PCA)
Creating the source covariance matrix
Adjusting source covariance matrix.
Computing beamformer filters for 20456 sources
Filter computation complete
combining the current components...
Writing STC to disk...
[done]
Writing STC to disk...
[done]
/mrhome/jesperdn/project_tools/python/projects/facerecognition_dtu/inverse.py:25: RuntimeWarning: This filename (/mrhome/jesperdn/INN_JESPER/projects/facerecognition_dtu/data/sub-12/ses-meg/stage-preprocess/task-facerecognition_proc-p_cond-famous_split-1_evo.fif) does not conform to MNE naming conventions. All evoked files should end with -ave.fif, -ave.fif.gz, _ave.fif or _ave.fif.gz
  evoked = mne.read_evokeds(io.data.get_filename(**evo_kwargs))[0]
Reading /mrhome/jesperdn/INN_JESPER/projects/facerecognition_dtu/data/sub-12/ses-meg/stage-preprocess/task-facerecognition_proc-p_cond-famous_split-1_evo.fif ...
    Read a total of 1 projection items:
        Average EEG reference (1 x 70) active
    Found the data of interest:
        t =    -100.00 ...     795.00 ms (face/famous)
        0 CTF compensation matrices available
        nave = 119 - aspect type = 100
Projections have already been applied. Setting proj attribute to True.
No baseline correction applied
    376 x 376 full covariance (kind = 1) found.
    Read a total of 1 projection items:
        Average EEG reference (1 x 70) active
    376 x 376 full covariance (kind = 1) found.
    Read a total of 1 projection items:
        Average EEG reference (1 x 70) active
Reading forward solution from /mrhome/jesperdn/INN_JESPER/projects/facerecognition_dtu/data/sub-12/ses-meg/stage-forward/task-facerecognition_fwd-mne_fwd.fif...
    Reading a source space...
    Computing patch statistics...
    Patch information added...
    [done]
    Reading a source space...
    Computing patch statistics...
    Patch information added...
    [done]
    2 source spaces read
    Desired named matrix (kind = 3523) not available
    Read MEG forward solution (20456 sources, 306 channels, free orientations)
    Desired named matrix (kind = 3523) not available
    Read EEG forward solution (20456 sources, 70 channels, free orientations)
    Forward solutions combined: MEG, EEG
    Source spaces transformed to the forward solution coordinate frame
Removing projector <Projection | Average EEG reference, active : True, n_channels : 70>
Computing rank from covariance with rank=None
    Using tolerance 3.3e-12 (2.2e-16 eps * 306 dim * 49  max singular value)
    Estimated rank (mag + grad): 69
    MEG: rank 69 computed from 306 data channels with 0 projectors
Computing rank from covariance with rank=None
    Using tolerance 8.2e-13 (2.2e-16 eps * 306 dim * 12  max singular value)
    Estimated rank (mag + grad): 69
    MEG: rank 69 computed from 306 data channels with 0 projectors
Making LCMV beamformer with rank {'meg': 69}
Computing inverse operator with 306 channels.
    306 out of 306 channels remain after picking
Selected 306 channels
Whitening the forward solution.
Computing rank from covariance with rank={'meg': 69}
    Setting small MEG eigenvalues to zero (without PCA)
Creating the source covariance matrix
Adjusting source covariance matrix.
Computing beamformer filters for 20456 sources
Filter computation complete
combining the current components...
Writing STC to disk...
[done]
Writing STC to disk...
[done]
Computing rank from covariance with rank=None
    Using tolerance 1.1e-12 (2.2e-16 eps * 70 dim * 74  max singular value)
    Estimated rank (eeg): 69
    EEG: rank 69 computed from 70 data channels with 1 projector
Computing rank from covariance with rank=None
    Using tolerance 9.5e-13 (2.2e-16 eps * 70 dim * 61  max singular value)
    Estimated rank (eeg): 69
    EEG: rank 69 computed from 70 data channels with 1 projector
Making LCMV beamformer with rank {'eeg': 69}
Computing inverse operator with 70 channels.
    70 out of 70 channels remain after picking
Selected 70 channels
Whitening the forward solution.
    Created an SSP operator (subspace dimension = 1)
Computing rank from covariance with rank={'eeg': 69}
    Setting small EEG eigenvalues to zero (without PCA)
Creating the source covariance matrix
Adjusting source covariance matrix.
Computing beamformer filters for 20456 sources
Filter computation complete
combining the current components...
Writing STC to disk...
[done]
Writing STC to disk...
[done]
/mrhome/jesperdn/project_tools/python/projects/facerecognition_dtu/inverse.py:25: RuntimeWarning: This filename (/mrhome/jesperdn/INN_JESPER/projects/facerecognition_dtu/data/sub-12/ses-meg/stage-preprocess/task-facerecognition_proc-p_cond-unfamiliar_split-0_evo.fif) does not conform to MNE naming conventions. All evoked files should end with -ave.fif, -ave.fif.gz, _ave.fif or _ave.fif.gz
  evoked = mne.read_evokeds(io.data.get_filename(**evo_kwargs))[0]
Reading /mrhome/jesperdn/INN_JESPER/projects/facerecognition_dtu/data/sub-12/ses-meg/stage-preprocess/task-facerecognition_proc-p_cond-unfamiliar_split-0_evo.fif ...
    Read a total of 1 projection items:
        Average EEG reference (1 x 70) active
    Found the data of interest:
        t =    -100.00 ...     795.00 ms (face/unfamiliar)
        0 CTF compensation matrices available
        nave = 124 - aspect type = 100
Projections have already been applied. Setting proj attribute to True.
No baseline correction applied
    376 x 376 full covariance (kind = 1) found.
    Read a total of 1 projection items:
        Average EEG reference (1 x 70) active
    376 x 376 full covariance (kind = 1) found.
    Read a total of 1 projection items:
        Average EEG reference (1 x 70) active
Reading forward solution from /mrhome/jesperdn/INN_JESPER/projects/facerecognition_dtu/data/sub-12/ses-meg/stage-forward/task-facerecognition_fwd-mne_fwd.fif...
    Reading a source space...
    Computing patch statistics...
    Patch information added...
    [done]
    Reading a source space...
    Computing patch statistics...
    Patch information added...
    [done]
    2 source spaces read
    Desired named matrix (kind = 3523) not available
    Read MEG forward solution (20456 sources, 306 channels, free orientations)
    Desired named matrix (kind = 3523) not available
    Read EEG forward solution (20456 sources, 70 channels, free orientations)
    Forward solutions combined: MEG, EEG
    Source spaces transformed to the forward solution coordinate frame
Removing projector <Projection | Average EEG reference, active : True, n_channels : 70>
Computing rank from covariance with rank=None
    Using tolerance 7.1e-13 (2.2e-16 eps * 306 dim * 10  max singular value)
    Estimated rank (mag + grad): 69
    MEG: rank 69 computed from 306 data channels with 0 projectors
Computing rank from covariance with rank=None
    Using tolerance 6.3e-13 (2.2e-16 eps * 306 dim * 9.2  max singular value)
    Estimated rank (mag + grad): 69
    MEG: rank 69 computed from 306 data channels with 0 projectors
Making LCMV beamformer with rank {'meg': 69}
Computing inverse operator with 306 channels.
    306 out of 306 channels remain after picking
Selected 306 channels
Whitening the forward solution.
Computing rank from covariance with rank={'meg': 69}
    Setting small MEG eigenvalues to zero (without PCA)
Creating the source covariance matrix
Adjusting source covariance matrix.
Computing beamformer filters for 20456 sources
Filter computation complete
combining the current components...
Writing STC to disk...
[done]
Writing STC to disk...
[done]
Computing rank from covariance with rank=None
    Using tolerance 1.3e-12 (2.2e-16 eps * 70 dim * 86  max singular value)
    Estimated rank (eeg): 69
    EEG: rank 69 computed from 70 data channels with 1 projector
Computing rank from covariance with rank=None
    Using tolerance 1.2e-12 (2.2e-16 eps * 70 dim * 75  max singular value)
    Estimated rank (eeg): 69
    EEG: rank 69 computed from 70 data channels with 1 projector
Making LCMV beamformer with rank {'eeg': 69}
Computing inverse operator with 70 channels.
    70 out of 70 channels remain after picking
Selected 70 channels
Whitening the forward solution.
    Created an SSP operator (subspace dimension = 1)
Computing rank from covariance with rank={'eeg': 69}
    Setting small EEG eigenvalues to zero (without PCA)
Creating the source covariance matrix
Adjusting source covariance matrix.
Computing beamformer filters for 20456 sources
Filter computation complete
combining the current components...
Writing STC to disk...
[done]
Writing STC to disk...
[done]
/mrhome/jesperdn/project_tools/python/projects/facerecognition_dtu/inverse.py:25: RuntimeWarning: This filename (/mrhome/jesperdn/INN_JESPER/projects/facerecognition_dtu/data/sub-12/ses-meg/stage-preprocess/task-facerecognition_proc-p_cond-unfamiliar_split-1_evo.fif) does not conform to MNE naming conventions. All evoked files should end with -ave.fif, -ave.fif.gz, _ave.fif or _ave.fif.gz
  evoked = mne.read_evokeds(io.data.get_filename(**evo_kwargs))[0]
Reading /mrhome/jesperdn/INN_JESPER/projects/facerecognition_dtu/data/sub-12/ses-meg/stage-preprocess/task-facerecognition_proc-p_cond-unfamiliar_split-1_evo.fif ...
    Read a total of 1 projection items:
        Average EEG reference (1 x 70) active
    Found the data of interest:
        t =    -100.00 ...     795.00 ms (face/unfamiliar)
        0 CTF compensation matrices available
        nave = 124 - aspect type = 100
Projections have already been applied. Setting proj attribute to True.
No baseline correction applied
    376 x 376 full covariance (kind = 1) found.
    Read a total of 1 projection items:
        Average EEG reference (1 x 70) active
    376 x 376 full covariance (kind = 1) found.
    Read a total of 1 projection items:
        Average EEG reference (1 x 70) active
Reading forward solution from /mrhome/jesperdn/INN_JESPER/projects/facerecognition_dtu/data/sub-12/ses-meg/stage-forward/task-facerecognition_fwd-mne_fwd.fif...
    Reading a source space...
    Computing patch statistics...
    Patch information added...
    [done]
    Reading a source space...
    Computing patch statistics...
    Patch information added...
    [done]
    2 source spaces read
    Desired named matrix (kind = 3523) not available
    Read MEG forward solution (20456 sources, 306 channels, free orientations)
    Desired named matrix (kind = 3523) not available
    Read EEG forward solution (20456 sources, 70 channels, free orientations)
    Forward solutions combined: MEG, EEG
    Source spaces transformed to the forward solution coordinate frame
Removing projector <Projection | Average EEG reference, active : True, n_channels : 70>
Computing rank from covariance with rank=None
    Using tolerance 6.9e-13 (2.2e-16 eps * 306 dim * 10  max singular value)
    Estimated rank (mag + grad): 69
    MEG: rank 69 computed from 306 data channels with 0 projectors
Computing rank from covariance with rank=None
    Using tolerance 5.4e-13 (2.2e-16 eps * 306 dim * 8  max singular value)
    Estimated rank (mag + grad): 69
    MEG: rank 69 computed from 306 data channels with 0 projectors
Making LCMV beamformer with rank {'meg': 69}
Computing inverse operator with 306 channels.
    306 out of 306 channels remain after picking
Selected 306 channels
Whitening the forward solution.
Computing rank from covariance with rank={'meg': 69}
    Setting small MEG eigenvalues to zero (without PCA)
Creating the source covariance matrix
Adjusting source covariance matrix.
Computing beamformer filters for 20456 sources
Filter computation complete
combining the current components...
Writing STC to disk...
[done]
Writing STC to disk...
[done]
Computing rank from covariance with rank=None
    Using tolerance 9.8e-13 (2.2e-16 eps * 70 dim * 63  max singular value)
    Estimated rank (eeg): 69
    EEG: rank 69 computed from 70 data channels with 1 projector
Computing rank from covariance with rank=None
    Using tolerance 1.2e-12 (2.2e-16 eps * 70 dim * 77  max singular value)
    Estimated rank (eeg): 69
    EEG: rank 69 computed from 70 data channels with 1 projector
Making LCMV beamformer with rank {'eeg': 69}
Computing inverse operator with 70 channels.
    70 out of 70 channels remain after picking
Selected 70 channels
Whitening the forward solution.
    Created an SSP operator (subspace dimension = 1)
Computing rank from covariance with rank={'eeg': 69}
    Setting small EEG eigenvalues to zero (without PCA)
Creating the source covariance matrix
Adjusting source covariance matrix.
Computing beamformer filters for 20456 sources
Filter computation complete
combining the current components...
Writing STC to disk...
[done]
Writing STC to disk...
[done]
/mrhome/jesperdn/project_tools/python/projects/facerecognition_dtu/inverse.py:25: RuntimeWarning: This filename (/mrhome/jesperdn/INN_JESPER/projects/facerecognition_dtu/data/sub-12/ses-meg/stage-preprocess/task-facerecognition_proc-p_cond-scrambled_split-0_evo.fif) does not conform to MNE naming conventions. All evoked files should end with -ave.fif, -ave.fif.gz, _ave.fif or _ave.fif.gz
  evoked = mne.read_evokeds(io.data.get_filename(**evo_kwargs))[0]
Reading /mrhome/jesperdn/INN_JESPER/projects/facerecognition_dtu/data/sub-12/ses-meg/stage-preprocess/task-facerecognition_proc-p_cond-scrambled_split-0_evo.fif ...
    Read a total of 1 projection items:
        Average EEG reference (1 x 70) active
    Found the data of interest:
        t =    -100.00 ...     795.00 ms (scrambled)
        0 CTF compensation matrices available
        nave = 124 - aspect type = 100
Projections have already been applied. Setting proj attribute to True.
No baseline correction applied
    376 x 376 full covariance (kind = 1) found.
    Read a total of 1 projection items:
        Average EEG reference (1 x 70) active
    376 x 376 full covariance (kind = 1) found.
    Read a total of 1 projection items:
        Average EEG reference (1 x 70) active
Reading forward solution from /mrhome/jesperdn/INN_JESPER/projects/facerecognition_dtu/data/sub-12/ses-meg/stage-forward/task-facerecognition_fwd-mne_fwd.fif...
    Reading a source space...
    Computing patch statistics...
    Patch information added...
    [done]
    Reading a source space...
    Computing patch statistics...
    Patch information added...
    [done]
    2 source spaces read
    Desired named matrix (kind = 3523) not available
    Read MEG forward solution (20456 sources, 306 channels, free orientations)
    Desired named matrix (kind = 3523) not available
    Read EEG forward solution (20456 sources, 70 channels, free orientations)
    Forward solutions combined: MEG, EEG
    Source spaces transformed to the forward solution coordinate frame
Removing projector <Projection | Average EEG reference, active : True, n_channels : 70>
Computing rank from covariance with rank=None
    Using tolerance 4.5e-13 (2.2e-16 eps * 306 dim * 6.7  max singular value)
    Estimated rank (mag + grad): 69
    MEG: rank 69 computed from 306 data channels with 0 projectors
Computing rank from covariance with rank=None
    Using tolerance 6.2e-13 (2.2e-16 eps * 306 dim * 9.1  max singular value)
    Estimated rank (mag + grad): 69
    MEG: rank 69 computed from 306 data channels with 0 projectors
Making LCMV beamformer with rank {'meg': 69}
Computing inverse operator with 306 channels.
    306 out of 306 channels remain after picking
Selected 306 channels
Whitening the forward solution.
Computing rank from covariance with rank={'meg': 69}
    Setting small MEG eigenvalues to zero (without PCA)
Creating the source covariance matrix
Adjusting source covariance matrix.
Computing beamformer filters for 20456 sources
Filter computation complete
combining the current components...
Writing STC to disk...
[done]
Writing STC to disk...
[done]
Computing rank from covariance with rank=None
    Using tolerance 1.3e-12 (2.2e-16 eps * 70 dim * 84  max singular value)
    Estimated rank (eeg): 69
    EEG: rank 69 computed from 70 data channels with 1 projector
Computing rank from covariance with rank=None
    Using tolerance 1.5e-12 (2.2e-16 eps * 70 dim * 95  max singular value)
    Estimated rank (eeg): 69
    EEG: rank 69 computed from 70 data channels with 1 projector
Making LCMV beamformer with rank {'eeg': 69}
Computing inverse operator with 70 channels.
    70 out of 70 channels remain after picking
Selected 70 channels
Whitening the forward solution.
    Created an SSP operator (subspace dimension = 1)
Computing rank from covariance with rank={'eeg': 69}
    Setting small EEG eigenvalues to zero (without PCA)
Creating the source covariance matrix
Adjusting source covariance matrix.
Computing beamformer filters for 20456 sources
Filter computation complete
combining the current components...
Writing STC to disk...
[done]
Writing STC to disk...
[done]
/mrhome/jesperdn/project_tools/python/projects/facerecognition_dtu/inverse.py:25: RuntimeWarning: This filename (/mrhome/jesperdn/INN_JESPER/projects/facerecognition_dtu/data/sub-12/ses-meg/stage-preprocess/task-facerecognition_proc-p_cond-scrambled_split-1_evo.fif) does not conform to MNE naming conventions. All evoked files should end with -ave.fif, -ave.fif.gz, _ave.fif or _ave.fif.gz
  evoked = mne.read_evokeds(io.data.get_filename(**evo_kwargs))[0]
Reading /mrhome/jesperdn/INN_JESPER/projects/facerecognition_dtu/data/sub-12/ses-meg/stage-preprocess/task-facerecognition_proc-p_cond-scrambled_split-1_evo.fif ...
    Read a total of 1 projection items:
        Average EEG reference (1 x 70) active
    Found the data of interest:
        t =    -100.00 ...     795.00 ms (scrambled)
        0 CTF compensation matrices available
        nave = 125 - aspect type = 100
Projections have already been applied. Setting proj attribute to True.
No baseline correction applied
    376 x 376 full covariance (kind = 1) found.
    Read a total of 1 projection items:
        Average EEG reference (1 x 70) active
    376 x 376 full covariance (kind = 1) found.
    Read a total of 1 projection items:
        Average EEG reference (1 x 70) active
Reading forward solution from /mrhome/jesperdn/INN_JESPER/projects/facerecognition_dtu/data/sub-12/ses-meg/stage-forward/task-facerecognition_fwd-mne_fwd.fif...
    Reading a source space...
    Computing patch statistics...
    Patch information added...
    [done]
    Reading a source space...
    Computing patch statistics...
    Patch information added...
    [done]
    2 source spaces read
    Desired named matrix (kind = 3523) not available
    Read MEG forward solution (20456 sources, 306 channels, free orientations)
    Desired named matrix (kind = 3523) not available
    Read EEG forward solution (20456 sources, 70 channels, free orientations)
    Forward solutions combined: MEG, EEG
    Source spaces transformed to the forward solution coordinate frame
Removing projector <Projection | Average EEG reference, active : True, n_channels : 70>
Computing rank from covariance with rank=None
    Using tolerance 4.3e-13 (2.2e-16 eps * 306 dim * 6.3  max singular value)
    Estimated rank (mag + grad): 69
    MEG: rank 69 computed from 306 data channels with 0 projectors
Computing rank from covariance with rank=None
    Using tolerance 5.1e-13 (2.2e-16 eps * 306 dim * 7.5  max singular value)
    Estimated rank (mag + grad): 69
    MEG: rank 69 computed from 306 data channels with 0 projectors
Making LCMV beamformer with rank {'meg': 69}
Computing inverse operator with 306 channels.
    306 out of 306 channels remain after picking
Selected 306 channels
Whitening the forward solution.
Computing rank from covariance with rank={'meg': 69}
    Setting small MEG eigenvalues to zero (without PCA)
Creating the source covariance matrix
Adjusting source covariance matrix.
Computing beamformer filters for 20456 sources
Filter computation complete
combining the current components...
Writing STC to disk...
[done]
Writing STC to disk...
[done]
Computing rank from covariance with rank=None
    Using tolerance 8e-13 (2.2e-16 eps * 70 dim * 51  max singular value)
    Estimated rank (eeg): 69
    EEG: rank 69 computed from 70 data channels with 1 projector
Computing rank from covariance with rank=None
    Using tolerance 9.2e-13 (2.2e-16 eps * 70 dim * 59  max singular value)
    Estimated rank (eeg): 69
    EEG: rank 69 computed from 70 data channels with 1 projector
Making LCMV beamformer with rank {'eeg': 69}
Computing inverse operator with 70 channels.
    70 out of 70 channels remain after picking
Selected 70 channels
Whitening the forward solution.
    Created an SSP operator (subspace dimension = 1)
Computing rank from covariance with rank={'eeg': 69}
    Setting small EEG eigenvalues to zero (without PCA)
Creating the source covariance matrix
Adjusting source covariance matrix.
Computing beamformer filters for 20456 sources
Filter computation complete
combining the current components...
Writing STC to disk...
[done]
Writing STC to disk...
[done]
Done
